[ 2019-04-10T08:22:31+08:00 ] 127.0.0.1 /Public/Uploads/sm_20190409/5cac9a99c6ac0.jpg
INFO: [ app_init ] --START--
INFO: Run Behavior\BuildLiteBehavior [ RunTime:0.000017s ]
INFO: [ app_init ] --END-- [ RunTime:0.015798s ]

[ 2019-04-10T08:22:33+08:00 ] 127.0.0.1 /favicon.ico
INFO: [ app_init ] --START--
INFO: Run Behavior\BuildLiteBehavior [ RunTime:0.000013s ]
INFO: [ app_init ] --END-- [ RunTime:0.000871s ]

[ 2019-04-10T08:28:18+08:00 ] 127.0.0.1 /Public/Uploads/sm_20190409/5cac9a99c6ac0.jpg
INFO: [ app_init ] --START--
INFO: Run Behavior\BuildLiteBehavior [ RunTime:0.000008s ]
INFO: [ app_init ] --END-- [ RunTime:0.000422s ]

[ 2019-04-10T08:28:18+08:00 ] 127.0.0.1 /Public/Uploads/sm_20190410/5cad376d9bc4c.jpeg
INFO: [ app_init ] --START--
INFO: Run Behavior\BuildLiteBehavior [ RunTime:0.000012s ]
INFO: [ app_init ] --END-- [ RunTime:0.001353s ]
ERR: 无法加载模块:Public

[ 2019-04-10T08:28:24+08:00 ] 127.0.0.1 /Public/Uploads/sm_20190409/5cac9a99c6ac0.jpg
INFO: [ app_init ] --START--
INFO: Run Behavior\BuildLiteBehavior [ RunTime:0.000008s ]
INFO: [ app_init ] --END-- [ RunTime:0.000330s ]

[ 2019-04-10T08:28:24+08:00 ] 127.0.0.1 /Public/Uploads/sm_20190410/5cad376d9bc4c.jpeg
INFO: [ app_init ] --START--
INFO: Run Behavior\BuildLiteBehavior [ RunTime:0.000005s ]
INFO: [ app_init ] --END-- [ RunTime:0.000324s ]
ERR: 无法加载模块:Public

[ 2019-04-10T08:28:31+08:00 ] 127.0.0.1 /Public/Uploads/sm_20190409/5cac9a99c6ac0.jpg
INFO: [ app_init ] --START--
INFO: Run Behavior\BuildLiteBehavior [ RunTime:0.000007s ]
INFO: [ app_init ] --END-- [ RunTime:0.000351s ]

[ 2019-04-10T08:28:31+08:00 ] 127.0.0.1 /Public/Uploads/sm_20190410/5cad376d9bc4c.jpeg
INFO: [ app_init ] --START--
INFO: Run Behavior\BuildLiteBehavior [ RunTime:0.000010s ]
INFO: [ app_init ] --END-- [ RunTime:0.000455s ]
ERR: 无法加载模块:Public

[ 2019-04-10T08:28:35+08:00 ] 127.0.0.1 /Public/Uploads/sm_20190409/5cac9a99c6ac0.jpg
INFO: [ app_init ] --START--
INFO: Run Behavior\BuildLiteBehavior [ RunTime:0.000007s ]
INFO: [ app_init ] --END-- [ RunTime:0.000355s ]

[ 2019-04-10T08:28:35+08:00 ] 127.0.0.1 /Public/Uploads/sm_20190410/5cad376d9bc4c.jpeg
INFO: [ app_init ] --START--
INFO: Run Behavior\BuildLiteBehavior [ RunTime:0.000009s ]
INFO: [ app_init ] --END-- [ RunTime:0.000511s ]
ERR: 无法加载模块:Public

[ 2019-04-10T08:28:42+08:00 ] 127.0.0.1 /Public/Uploads/sm_20190409/5cac9a99c6ac0.jpg
INFO: [ app_init ] --START--
INFO: Run Behavior\BuildLiteBehavior [ RunTime:0.000007s ]
INFO: [ app_init ] --END-- [ RunTime:0.000377s ]

[ 2019-04-10T08:28:42+08:00 ] 127.0.0.1 /Public/Uploads/sm_20190410/5cad376d9bc4c.jpeg
INFO: [ app_init ] --START--
INFO: Run Behavior\BuildLiteBehavior [ RunTime:0.000009s ]
INFO: [ app_init ] --END-- [ RunTime:0.000434s ]
ERR: 无法加载模块:Public

[ 2019-04-10T08:30:16+08:00 ] 127.0.0.1 /Public/Uploads/sm_201904105cad376d9bc4c.jpeg
INFO: [ app_init ] --START--
INFO: Run Behavior\BuildLiteBehavior [ RunTime:0.000009s ]
INFO: [ app_init ] --END-- [ RunTime:0.000425s ]
ERR: 无法加载模块:Public

[ 2019-04-10T08:30:31+08:00 ] 127.0.0.1 /Public/Uploads/sm_201904105/cad376d9bc4c.jpeg
INFO: [ app_init ] --START--
INFO: Run Behavior\BuildLiteBehavior [ RunTime:0.000031s ]
INFO: [ app_init ] --END-- [ RunTime:0.000866s ]
ERR: 无法加载模块:Public

[ 2019-04-10T08:31:52+08:00 ] 127.0.0.1 /Public/Uploads/sm_5cad376d9bc4c.jpeg
INFO: [ app_init ] --START--
INFO: Run Behavior\BuildLiteBehavior [ RunTime:0.000010s ]
INFO: [ app_init ] --END-- [ RunTime:0.000591s ]
ERR: 无法加载模块:Public

[ 2019-04-10T14:28:19+08:00 ] 127.0.0.1 /favicon.ico
INFO: [ app_init ] --START--
INFO: Run Behavior\BuildLiteBehavior [ RunTime:0.000008s ]
INFO: [ app_init ] --END-- [ RunTime:0.000391s ]

[ 2019-04-10T15:35:25+08:00 ] 127.0.0.1 /favicon.ico
INFO: [ app_init ] --START--
INFO: Run Behavior\BuildLiteBehavior [ RunTime:0.000009s ]
INFO: [ app_init ] --END-- [ RunTime:0.000407s ]

[ 2019-04-10T19:29:51+08:00 ] 127.0.0.1 /favicon.ico
INFO: [ app_init ] --START--
INFO: Run Behavior\BuildLiteBehavior [ RunTime:0.000006s ]
INFO: [ app_init ] --END-- [ RunTime:0.000260s ]

[ 2019-04-10T20:35:09+08:00 ] 127.0.0.1 /Public/Uploads/20190410/sm_5cade1a076ce7.jpg
INFO: [ app_init ] --START--
INFO: Run Behavior\BuildLiteBehavior [ RunTime:0.000009s ]
INFO: [ app_init ] --END-- [ RunTime:0.000572s ]

[ 2019-04-10T20:57:16+08:00 ] 127.0.0.1 /Public/Uploads/sm_20190410/sm_5cad3a5e73199.jpg
INFO: [ app_init ] --START--
INFO: Run Behavior\BuildLiteBehavior [ RunTime:0.000007s ]
INFO: [ app_init ] --END-- [ RunTime:0.000368s ]

[ 2019-04-10T20:57:16+08:00 ] 127.0.0.1 /Public/Uploads/sm_20190410/sm_5cad376d9bc4c.jpeg
INFO: [ app_init ] --START--
INFO: Run Behavior\BuildLiteBehavior [ RunTime:0.000007s ]
INFO: [ app_init ] --END-- [ RunTime:0.000490s ]
ERR: 无法加载模块:Public

[ 2019-04-10T20:57:17+08:00 ] 127.0.0.1 /Public/Uploads/sm_20190410/sm_5cad376d9bc4c.jpeg
INFO: [ app_init ] --START--
INFO: Run Behavior\BuildLiteBehavior [ RunTime:0.000008s ]
INFO: [ app_init ] --END-- [ RunTime:0.000407s ]
ERR: 无法加载模块:Public

[ 2019-04-10T20:57:17+08:00 ] 127.0.0.1 /Public/Uploads/sm_20190410/sm_5cad3a5e73199.jpg
INFO: [ app_init ] --START--
INFO: Run Behavior\BuildLiteBehavior [ RunTime:0.000009s ]
INFO: [ app_init ] --END-- [ RunTime:0.000352s ]

[ 2019-04-10T20:57:18+08:00 ] 127.0.0.1 /Public/Uploads/sm_20190410/sm_5cad3b8610b0a.jpg
INFO: [ app_init ] --START--
INFO: Run Behavior\BuildLiteBehavior [ RunTime:0.000016s ]
INFO: [ app_init ] --END-- [ RunTime:0.000477s ]

[ 2019-04-10T20:57:18+08:00 ] 127.0.0.1 /Public/Uploads/sm_20190410/sm_5cad3c1734e12.jpg
INFO: [ app_init ] --START--
INFO: Run Behavior\BuildLiteBehavior [ RunTime:0.000009s ]
INFO: [ app_init ] --END-- [ RunTime:0.000440s ]

[ 2019-04-10T20:57:30+08:00 ] 127.0.0.1 /Public/Uploads/20190410/sm_sm_5cad3b8610b0a.jpg
INFO: [ app_init ] --START--
INFO: Run Behavior\BuildLiteBehavior [ RunTime:0.000012s ]
INFO: [ app_init ] --END-- [ RunTime:0.001072s ]

[ 2019-04-10T20:57:30+08:00 ] 127.0.0.1 /Public/Uploads/20190410/sm_sm_5cad3b409b92a.jpg
INFO: [ app_init ] --START--
INFO: Run Behavior\BuildLiteBehavior [ RunTime:0.000009s ]
INFO: [ app_init ] --END-- [ RunTime:0.000429s ]

[ 2019-04-10T20:57:30+08:00 ] 127.0.0.1 /Public/Uploads/20190410/sm_sm_5cad3c1734e12.jpg
INFO: [ app_init ] --START--
INFO: Run Behavior\BuildLiteBehavior [ RunTime:0.000005s ]
INFO: [ app_init ] --END-- [ RunTime:0.000299s ]

[ 2019-04-10T20:57:31+08:00 ] 127.0.0.1 /Public/Uploads/20190410/sm_sm_5cad3b8610b0a.jpg
INFO: [ app_init ] --START--
INFO: Run Behavior\BuildLiteBehavior [ RunTime:0.000007s ]
INFO: [ app_init ] --END-- [ RunTime:0.000381s ]

[ 2019-04-10T20:57:31+08:00 ] 127.0.0.1 /Public/Uploads/20190410/sm_sm_5cad3b409b92a.jpg
INFO: [ app_init ] --START--
INFO: Run Behavior\BuildLiteBehavior [ RunTime:0.000011s ]
INFO: [ app_init ] --END-- [ RunTime:0.003042s ]

[ 2019-04-10T20:57:31+08:00 ] 127.0.0.1 /Public/Uploads/20190410/sm_sm_5cad3c1734e12.jpg
INFO: [ app_init ] --START--
INFO: Run Behavior\BuildLiteBehavior [ RunTime:0.000011s ]
INFO: [ app_init ] --END-- [ RunTime:0.000410s ]

[ 2019-04-10T20:57:31+08:00 ] 127.0.0.1 /Public/Uploads/20190410/sm_sm_5cad3b409b92a.jpg
INFO: [ app_init ] --START--
INFO: Run Behavior\BuildLiteBehavior [ RunTime:0.000007s ]
INFO: [ app_init ] --END-- [ RunTime:0.000386s ]

[ 2019-04-10T20:57:31+08:00 ] 127.0.0.1 /Public/Uploads/20190410/sm_sm_5cad3b8610b0a.jpg
INFO: [ app_init ] --START--
INFO: Run Behavior\BuildLiteBehavior [ RunTime:0.000006s ]
INFO: [ app_init ] --END-- [ RunTime:0.000384s ]

[ 2019-04-10T20:57:31+08:00 ] 127.0.0.1 /Public/Uploads/20190410/sm_sm_5cad3c1734e12.jpg
INFO: [ app_init ] --START--
INFO: Run Behavior\BuildLiteBehavior [ RunTime:0.000009s ]
INFO: [ app_init ] --END-- [ RunTime:0.000406s ]

[ 2019-04-10T20:57:31+08:00 ] 127.0.0.1 /Public/Uploads/20190410/sm_sm_5cad3b8610b0a.jpg
INFO: [ app_init ] --START--
INFO: Run Behavior\BuildLiteBehavior [ RunTime:0.000010s ]
INFO: [ app_init ] --END-- [ RunTime:0.000373s ]

[ 2019-04-10T20:57:31+08:00 ] 127.0.0.1 /Public/Uploads/20190410/sm_sm_5cad3b409b92a.jpg
INFO: [ app_init ] --START--
INFO: Run Behavior\BuildLiteBehavior [ RunTime:0.000007s ]
INFO: [ app_init ] --END-- [ RunTime:0.000405s ]

[ 2019-04-10T20:57:31+08:00 ] 127.0.0.1 /Public/Uploads/20190410/sm_sm_5cad3c1734e12.jpg
INFO: [ app_init ] --START--
INFO: Run Behavior\BuildLiteBehavior [ RunTime:0.000007s ]
INFO: [ app_init ] --END-- [ RunTime:0.000402s ]

[ 2019-04-10T20:57:32+08:00 ] 127.0.0.1 /Public/Uploads/20190410/sm_sm_5cad3b8610b0a.jpg
INFO: [ app_init ] --START--
INFO: Run Behavior\BuildLiteBehavior [ RunTime:0.000010s ]
INFO: [ app_init ] --END-- [ RunTime:0.000543s ]

[ 2019-04-10T20:57:32+08:00 ] 127.0.0.1 /Public/Uploads/20190410/sm_sm_5cad3b409b92a.jpg
INFO: [ app_init ] --START--
INFO: Run Behavior\BuildLiteBehavior [ RunTime:0.000009s ]
INFO: [ app_init ] --END-- [ RunTime:0.000543s ]

[ 2019-04-10T20:57:32+08:00 ] 127.0.0.1 /Public/Uploads/20190410/sm_sm_5cad3c1734e12.jpg
INFO: [ app_init ] --START--
INFO: Run Behavior\BuildLiteBehavior [ RunTime:0.000007s ]
INFO: [ app_init ] --END-- [ RunTime:0.000426s ]

[ 2019-04-10T20:57:32+08:00 ] 127.0.0.1 /Public/Uploads/20190410/sm_sm_5cad3b8610b0a.jpg
INFO: [ app_init ] --START--
INFO: Run Behavior\BuildLiteBehavior [ RunTime:0.000010s ]
INFO: [ app_init ] --END-- [ RunTime:0.000506s ]

[ 2019-04-10T20:57:32+08:00 ] 127.0.0.1 /Public/Uploads/20190410/sm_sm_5cad3b409b92a.jpg
INFO: [ app_init ] --START--
INFO: Run Behavior\BuildLiteBehavior [ RunTime:0.000010s ]
INFO: [ app_init ] --END-- [ RunTime:0.000756s ]

[ 2019-04-10T20:57:32+08:00 ] 127.0.0.1 /Public/Uploads/20190410/sm_sm_5cad3c1734e12.jpg
INFO: [ app_init ] --START--
INFO: Run Behavior\BuildLiteBehavior [ RunTime:0.000010s ]
INFO: [ app_init ] --END-- [ RunTime:0.000474s ]

[ 2019-04-10T20:57:32+08:00 ] 127.0.0.1 /Public/Uploads/20190410/sm_sm_5cad3b8610b0a.jpg
INFO: [ app_init ] --START--
INFO: Run Behavior\BuildLiteBehavior [ RunTime:0.000008s ]
INFO: [ app_init ] --END-- [ RunTime:0.000396s ]

[ 2019-04-10T20:57:32+08:00 ] 127.0.0.1 /Public/Uploads/20190410/sm_sm_5cad3b409b92a.jpg
INFO: [ app_init ] --START--
INFO: Run Behavior\BuildLiteBehavior [ RunTime:0.000007s ]
INFO: [ app_init ] --END-- [ RunTime:0.000510s ]

[ 2019-04-10T20:57:32+08:00 ] 127.0.0.1 /Public/Uploads/20190410/sm_sm_5cad3c1734e12.jpg
INFO: [ app_init ] --START--
INFO: Run Behavior\BuildLiteBehavior [ RunTime:0.000006s ]
INFO: [ app_init ] --END-- [ RunTime:0.000341s ]

[ 2019-04-10T20:57:32+08:00 ] 127.0.0.1 /Public/Uploads/20190410/sm_sm_5cad3b8610b0a.jpg
INFO: [ app_init ] --START--
INFO: Run Behavior\BuildLiteBehavior [ RunTime:0.000008s ]
INFO: [ app_init ] --END-- [ RunTime:0.000792s ]

[ 2019-04-10T20:57:32+08:00 ] 127.0.0.1 /Public/Uploads/20190410/sm_sm_5cad3b409b92a.jpg
INFO: [ app_init ] --START--
INFO: Run Behavior\BuildLiteBehavior [ RunTime:0.000007s ]
INFO: [ app_init ] --END-- [ RunTime:0.000363s ]

[ 2019-04-10T20:57:32+08:00 ] 127.0.0.1 /Public/Uploads/20190410/sm_sm_5cad3c1734e12.jpg
INFO: [ app_init ] --START--
INFO: Run Behavior\BuildLiteBehavior [ RunTime:0.000008s ]
INFO: [ app_init ] --END-- [ RunTime:0.000424s ]

[ 2019-04-10T20:57:33+08:00 ] 127.0.0.1 /Public/Uploads/20190410/sm_sm_5cad3b8610b0a.jpg
INFO: [ app_init ] --START--
INFO: Run Behavior\BuildLiteBehavior [ RunTime:0.000008s ]
INFO: [ app_init ] --END-- [ RunTime:0.000367s ]

[ 2019-04-10T20:57:33+08:00 ] 127.0.0.1 /Public/Uploads/20190410/sm_sm_5cad3c1734e12.jpg
INFO: [ app_init ] --START--
INFO: Run Behavior\BuildLiteBehavior [ RunTime:0.000009s ]
INFO: [ app_init ] --END-- [ RunTime:0.000427s ]

[ 2019-04-10T20:57:33+08:00 ] 127.0.0.1 /Public/Uploads/20190410/sm_sm_5cad3b409b92a.jpg
INFO: [ app_init ] --START--
INFO: Run Behavior\BuildLiteBehavior [ RunTime:0.000009s ]
INFO: [ app_init ] --END-- [ RunTime:0.000615s ]

[ 2019-04-10T20:57:33+08:00 ] 127.0.0.1 /Public/Uploads/20190410/sm_sm_5cad3b8610b0a.jpg
INFO: [ app_init ] --START--
INFO: Run Behavior\BuildLiteBehavior [ RunTime:0.000016s ]
INFO: [ app_init ] --END-- [ RunTime:0.000547s ]

[ 2019-04-10T20:57:33+08:00 ] 127.0.0.1 /Public/Uploads/20190410/sm_sm_5cad3b409b92a.jpg
INFO: [ app_init ] --START--
INFO: Run Behavior\BuildLiteBehavior [ RunTime:0.000009s ]
INFO: [ app_init ] --END-- [ RunTime:0.003916s ]

[ 2019-04-10T20:57:33+08:00 ] 127.0.0.1 /Public/Uploads/20190410/sm_sm_5cad3c1734e12.jpg
INFO: [ app_init ] --START--
INFO: Run Behavior\BuildLiteBehavior [ RunTime:0.000009s ]
INFO: [ app_init ] --END-- [ RunTime:0.000490s ]

[ 2019-04-10T20:57:33+08:00 ] 127.0.0.1 /Public/Uploads/20190410/sm_sm_5cad3b409b92a.jpg
INFO: [ app_init ] --START--
INFO: Run Behavior\BuildLiteBehavior [ RunTime:0.000017s ]
INFO: [ app_init ] --END-- [ RunTime:0.000386s ]

[ 2019-04-10T20:57:33+08:00 ] 127.0.0.1 /Public/Uploads/20190410/sm_sm_5cad3b8610b0a.jpg
INFO: [ app_init ] --START--
INFO: Run Behavior\BuildLiteBehavior [ RunTime:0.000007s ]
INFO: [ app_init ] --END-- [ RunTime:0.000404s ]

[ 2019-04-10T20:57:33+08:00 ] 127.0.0.1 /Public/Uploads/20190410/sm_sm_5cad3c1734e12.jpg
INFO: [ app_init ] --START--
INFO: Run Behavior\BuildLiteBehavior [ RunTime:0.000008s ]
INFO: [ app_init ] --END-- [ RunTime:0.000375s ]

[ 2019-04-10T20:57:33+08:00 ] 127.0.0.1 /Public/Uploads/20190410/sm_sm_5cad3b8610b0a.jpg
INFO: [ app_init ] --START--
INFO: Run Behavior\BuildLiteBehavior [ RunTime:0.000007s ]
INFO: [ app_init ] --END-- [ RunTime:0.000401s ]

[ 2019-04-10T20:57:33+08:00 ] 127.0.0.1 /Public/Uploads/20190410/sm_sm_5cad3b409b92a.jpg
INFO: [ app_init ] --START--
INFO: Run Behavior\BuildLiteBehavior [ RunTime:0.000006s ]
INFO: [ app_init ] --END-- [ RunTime:0.000364s ]

[ 2019-04-10T20:57:33+08:00 ] 127.0.0.1 /Public/Uploads/20190410/sm_sm_5cad3c1734e12.jpg
INFO: [ app_init ] --START--
INFO: Run Behavior\BuildLiteBehavior [ RunTime:0.000007s ]
INFO: [ app_init ] --END-- [ RunTime:0.000382s ]

[ 2019-04-10T20:57:34+08:00 ] 127.0.0.1 /Public/Uploads/20190410/sm_sm_5cad3b8610b0a.jpg
INFO: [ app_init ] --START--
INFO: Run Behavior\BuildLiteBehavior [ RunTime:0.000008s ]
INFO: [ app_init ] --END-- [ RunTime:0.000360s ]

[ 2019-04-10T20:57:34+08:00 ] 127.0.0.1 /Public/Uploads/20190410/sm_sm_5cad3b409b92a.jpg
INFO: [ app_init ] --START--
INFO: Run Behavior\BuildLiteBehavior [ RunTime:0.000007s ]
INFO: [ app_init ] --END-- [ RunTime:0.000340s ]

[ 2019-04-10T20:57:34+08:00 ] 127.0.0.1 /Public/Uploads/20190410/sm_sm_5cad3c1734e12.jpg
INFO: [ app_init ] --START--
INFO: Run Behavior\BuildLiteBehavior [ RunTime:0.000007s ]
INFO: [ app_init ] --END-- [ RunTime:0.000425s ]

[ 2019-04-10T20:57:34+08:00 ] 127.0.0.1 /Public/Uploads/20190410/sm_sm_5cad3b409b92a.jpg
INFO: [ app_init ] --START--
INFO: Run Behavior\BuildLiteBehavior [ RunTime:0.000007s ]
INFO: [ app_init ] --END-- [ RunTime:0.000390s ]

[ 2019-04-10T20:57:34+08:00 ] 127.0.0.1 /Public/Uploads/20190410/sm_sm_5cad3c1734e12.jpg
INFO: [ app_init ] --START--
INFO: Run Behavior\BuildLiteBehavior [ RunTime:0.000009s ]
INFO: [ app_init ] --END-- [ RunTime:0.000455s ]

[ 2019-04-10T20:57:34+08:00 ] 127.0.0.1 /Public/Uploads/20190410/sm_sm_5cad3b8610b0a.jpg
INFO: [ app_init ] --START--
INFO: Run Behavior\BuildLiteBehavior [ RunTime:0.000009s ]
INFO: [ app_init ] --END-- [ RunTime:0.000663s ]

[ 2019-04-10T20:57:34+08:00 ] 127.0.0.1 /Public/Uploads/20190410/sm_sm_5cad3b409b92a.jpg
INFO: [ app_init ] --START--
INFO: Run Behavior\BuildLiteBehavior [ RunTime:0.000008s ]
INFO: [ app_init ] --END-- [ RunTime:0.000426s ]

[ 2019-04-10T20:57:34+08:00 ] 127.0.0.1 /Public/Uploads/20190410/sm_sm_5cad3b8610b0a.jpg
INFO: [ app_init ] --START--
INFO: Run Behavior\BuildLiteBehavior [ RunTime:0.000008s ]
INFO: [ app_init ] --END-- [ RunTime:0.000418s ]

[ 2019-04-10T20:57:34+08:00 ] 127.0.0.1 /Public/Uploads/20190410/sm_sm_5cad3c1734e12.jpg
INFO: [ app_init ] --START--
INFO: Run Behavior\BuildLiteBehavior [ RunTime:0.000008s ]
INFO: [ app_init ] --END-- [ RunTime:0.000392s ]

[ 2019-04-10T20:57:35+08:00 ] 127.0.0.1 /Public/Uploads/20190410/sm_sm_5cad3b8610b0a.jpg
INFO: [ app_init ] --START--
INFO: Run Behavior\BuildLiteBehavior [ RunTime:0.000007s ]
INFO: [ app_init ] --END-- [ RunTime:0.000388s ]

[ 2019-04-10T20:57:35+08:00 ] 127.0.0.1 /Public/Uploads/20190410/sm_sm_5cad3b409b92a.jpg
INFO: [ app_init ] --START--
INFO: Run Behavior\BuildLiteBehavior [ RunTime:0.000009s ]
INFO: [ app_init ] --END-- [ RunTime:0.000416s ]

[ 2019-04-10T20:57:35+08:00 ] 127.0.0.1 /Public/Uploads/20190410/sm_sm_5cad3c1734e12.jpg
INFO: [ app_init ] --START--
INFO: Run Behavior\BuildLiteBehavior [ RunTime:0.000009s ]
INFO: [ app_init ] --END-- [ RunTime:0.000406s ]

[ 2019-04-10T21:00:16+08:00 ] 127.0.0.1 /Public/Uploads/sm_20190410/5cad3c2365711.jpg
INFO: [ app_init ] --START--
INFO: Run Behavior\BuildLiteBehavior [ RunTime:0.000014s ]
INFO: [ app_init ] --END-- [ RunTime:0.004262s ]

[ 2019-04-10T21:00:16+08:00 ] 127.0.0.1 /Public/Uploads/20190410/sm_5cade8b99d576.jpg
INFO: [ app_init ] --START--
INFO: Run Behavior\BuildLiteBehavior [ RunTime:0.000010s ]
INFO: [ app_init ] --END-- [ RunTime:0.001189s ]

[ 2019-04-10T21:00:22+08:00 ] 127.0.0.1 /Public/Uploads/20190410/sm_5cade8b99d576.jpg
INFO: [ app_init ] --START--
INFO: Run Behavior\BuildLiteBehavior [ RunTime:0.000009s ]
INFO: [ app_init ] --END-- [ RunTime:0.000514s ]

[ 2019-04-10T21:00:22+08:00 ] 127.0.0.1 /Public/Uploads/sm_20190410/5cad3c2365711.jpg
INFO: [ app_init ] --START--
INFO: Run Behavior\BuildLiteBehavior [ RunTime:0.000014s ]
INFO: [ app_init ] --END-- [ RunTime:0.001394s ]

[ 2019-04-10T21:00:22+08:00 ] 127.0.0.1 /Public/Uploads/20190410/sm_5cade8b99d576.jpg
INFO: [ app_init ] --START--
INFO: Run Behavior\BuildLiteBehavior [ RunTime:0.000011s ]
INFO: [ app_init ] --END-- [ RunTime:0.000671s ]

[ 2019-04-10T21:00:22+08:00 ] 127.0.0.1 /Public/Uploads/sm_20190410/5cad3c2365711.jpg
INFO: [ app_init ] --START--
INFO: Run Behavior\BuildLiteBehavior [ RunTime:0.000007s ]
INFO: [ app_init ] --END-- [ RunTime:0.000438s ]

[ 2019-04-10T21:00:31+08:00 ] 127.0.0.1 /Public/Uploads/20190410/sm_5cade8b99d576.jpg
INFO: [ app_init ] --START--
INFO: Run Behavior\BuildLiteBehavior [ RunTime:0.000018s ]
INFO: [ app_init ] --END-- [ RunTime:0.001891s ]

[ 2019-04-10T21:00:31+08:00 ] 127.0.0.1 /Public/Uploads/sm_20190410/5cad3c2365711.jpg
INFO: [ app_init ] --START--
INFO: Run Behavior\BuildLiteBehavior [ RunTime:0.000017s ]
INFO: [ app_init ] --END-- [ RunTime:0.001001s ]

[ 2019-04-10T21:00:32+08:00 ] 127.0.0.1 /Public/Uploads/sm_20190410/5cad3c2365711.jpg
INFO: [ app_init ] --START--
INFO: Run Behavior\BuildLiteBehavior [ RunTime:0.000018s ]
INFO: [ app_init ] --END-- [ RunTime:0.001129s ]

[ 2019-04-10T21:00:32+08:00 ] 127.0.0.1 /Public/Uploads/20190410/sm_5cade8b99d576.jpg
INFO: [ app_init ] --START--
INFO: Run Behavior\BuildLiteBehavior [ RunTime:0.000020s ]
INFO: [ app_init ] --END-- [ RunTime:0.001208s ]

[ 2019-04-10T21:02:56+08:00 ] 127.0.0.1 /Public/Uploads/20190410/sm_5cade8b99d576.jpg
INFO: [ app_init ] --START--
INFO: Run Behavior\BuildLiteBehavior [ RunTime:0.000010s ]
INFO: [ app_init ] --END-- [ RunTime:0.000596s ]

[ 2019-04-10T21:03:00+08:00 ] 127.0.0.1 /Public/Uploads/20190410/sm_5cade31208665.jpg
INFO: [ app_init ] --START--
INFO: Run Behavior\BuildLiteBehavior [ RunTime:0.000012s ]
INFO: [ app_init ] --END-- [ RunTime:0.000728s ]

[ 2019-04-10T21:03:00+08:00 ] 127.0.0.1 /Public/Uploads/sm_20190410/5cad376d9bc4c.jpeg
INFO: [ app_init ] --START--
INFO: Run Behavior\BuildLiteBehavior [ RunTime:0.000012s ]
INFO: [ app_init ] --END-- [ RunTime:0.000759s ]
ERR: 无法加载模块:Public

[ 2019-04-10T21:03:00+08:00 ] 127.0.0.1 /Public/Uploads/sm_20190410/5cad3a5e73199.jpg
INFO: [ app_init ] --START--
INFO: Run Behavior\BuildLiteBehavior [ RunTime:0.000029s ]
INFO: [ app_init ] --END-- [ RunTime:0.001551s ]

[ 2019-04-10T21:03:03+08:00 ] 127.0.0.1 /Public/Uploads/sm_20190410/5cad3a5e73199.jpg
INFO: [ app_init ] --START--
INFO: Run Behavior\BuildLiteBehavior [ RunTime:0.000011s ]
INFO: [ app_init ] --END-- [ RunTime:0.000568s ]

[ 2019-04-10T21:03:03+08:00 ] 127.0.0.1 /Public/Uploads/sm_20190410/5cad376d9bc4c.jpeg
INFO: [ app_init ] --START--
INFO: Run Behavior\BuildLiteBehavior [ RunTime:0.000104s ]
INFO: [ app_init ] --END-- [ RunTime:0.000782s ]
ERR: 无法加载模块:Public

[ 2019-04-10T21:03:03+08:00 ] 127.0.0.1 /Public/Uploads/sm_20190410/5cad3b409b92a.jpg
INFO: [ app_init ] --START--
INFO: Run Behavior\BuildLiteBehavior [ RunTime:0.000012s ]
INFO: [ app_init ] --END-- [ RunTime:0.000667s ]

[ 2019-04-10T21:03:05+08:00 ] 127.0.0.1 /Public/Uploads/sm_20190410/5cad3a5e73199.jpg
INFO: [ app_init ] --START--
INFO: Run Behavior\BuildLiteBehavior [ RunTime:0.000012s ]
INFO: [ app_init ] --END-- [ RunTime:0.000731s ]

[ 2019-04-10T21:03:05+08:00 ] 127.0.0.1 /Public/Uploads/sm_20190410/5cad3b409b92a.jpg
INFO: [ app_init ] --START--
INFO: Run Behavior\BuildLiteBehavior [ RunTime:0.000016s ]
INFO: [ app_init ] --END-- [ RunTime:0.000711s ]

[ 2019-04-10T21:03:05+08:00 ] 127.0.0.1 /Public/Uploads/sm_20190410/5cad3b8610b0a.jpg
INFO: [ app_init ] --START--
INFO: Run Behavior\BuildLiteBehavior [ RunTime:0.000011s ]
INFO: [ app_init ] --END-- [ RunTime:0.000620s ]

[ 2019-04-10T21:03:07+08:00 ] 127.0.0.1 /Public/Uploads/sm_20190410/5cad3b409b92a.jpg
INFO: [ app_init ] --START--
INFO: Run Behavior\BuildLiteBehavior [ RunTime:0.000029s ]
INFO: [ app_init ] --END-- [ RunTime:0.001447s ]

[ 2019-04-10T21:03:07+08:00 ] 127.0.0.1 /Public/Uploads/sm_20190410/5cad3b8610b0a.jpg
INFO: [ app_init ] --START--
INFO: Run Behavior\BuildLiteBehavior [ RunTime:0.000013s ]
INFO: [ app_init ] --END-- [ RunTime:0.002481s ]

[ 2019-04-10T21:03:07+08:00 ] 127.0.0.1 /Public/Uploads/sm_20190410/5cad3c1734e12.jpg
INFO: [ app_init ] --START--
INFO: Run Behavior\BuildLiteBehavior [ RunTime:0.000015s ]
INFO: [ app_init ] --END-- [ RunTime:0.000951s ]

[ 2019-04-10T21:03:09+08:00 ] 127.0.0.1 /Public/Uploads/sm_20190410/5cad3c1734e12.jpg
INFO: [ app_init ] --START--
INFO: Run Behavior\BuildLiteBehavior [ RunTime:0.000019s ]
INFO: [ app_init ] --END-- [ RunTime:0.001761s ]

[ 2019-04-10T21:03:09+08:00 ] 127.0.0.1 /Public/Uploads/sm_20190410/5cad3b8610b0a.jpg
INFO: [ app_init ] --START--
INFO: Run Behavior\BuildLiteBehavior [ RunTime:0.000032s ]
INFO: [ app_init ] --END-- [ RunTime:0.002288s ]

[ 2019-04-10T21:03:11+08:00 ] 127.0.0.1 /Public/Uploads/sm_20190410/5cad3c1734e12.jpg
INFO: [ app_init ] --START--
INFO: Run Behavior\BuildLiteBehavior [ RunTime:0.000012s ]
INFO: [ app_init ] --END-- [ RunTime:0.000738s ]

