[ 2019-04-09T08:34:25+08:00 ] 127.0.0.1 /favicon.ico
INFO: [ app_init ] --START--
INFO: Run Behavior\BuildLiteBehavior [ RunTime:0.000014s ]
INFO: [ app_init ] --END-- [ RunTime:0.008426s ]

[ 2019-04-09T09:50:41+08:00 ] 127.0.0.1 /index.html
INFO: [ app_init ] --START--
INFO: Run Behavior\BuildLiteBehavior [ RunTime:0.000012s ]
INFO: [ app_init ] --END-- [ RunTime:0.001249s ]
ERR: 无法加载模块:Index

[ 2019-04-09T16:33:28+08:00 ] 127.0.0.1 /favicon.ico
INFO: [ app_init ] --START--
INFO: Run Behavior\BuildLiteBehavior [ RunTime:0.000006s ]
INFO: [ app_init ] --END-- [ RunTime:0.000330s ]

[ 2019-04-09T16:45:21+08:00 ] 127.0.0.1 /favicon.ico
INFO: [ app_init ] --START--
INFO: Run Behavior\BuildLiteBehavior [ RunTime:0.000006s ]
INFO: [ app_init ] --END-- [ RunTime:0.000264s ]

[ 2019-04-09T20:44:00+08:00 ] 127.0.0.1 /index.php/Admin/User/index/p/Public/Uploads/20190409/5cac91a5ca735.jpg
INFO: [ app_init ] --START--
INFO: Run Behavior\BuildLiteBehavior [ RunTime:0.000007s ]
INFO: [ app_init ] --END-- [ RunTime:0.000409s ]

[ 2019-04-09T20:44:04+08:00 ] 127.0.0.1 /index.php/Admin/User/index/p/Public/Uploads/20190409/5cac8a8d5ae8d.jpg
INFO: [ app_init ] --START--
INFO: Run Behavior\BuildLiteBehavior [ RunTime:0.000006s ]
INFO: [ app_init ] --END-- [ RunTime:0.000274s ]

[ 2019-04-09T20:45:37+08:00 ] 127.0.0.1 /Public/Uploads/20190409/5cac8a8d5ae8d.jpg
INFO: [ app_init ] --START--
INFO: Run Behavior\BuildLiteBehavior [ RunTime:0.000009s ]
INFO: [ app_init ] --END-- [ RunTime:0.000505s ]

[ 2019-04-09T20:45:40+08:00 ] 127.0.0.1 /Public/Uploads/20190409/5cac8a8d5ae8d.jpg
INFO: [ app_init ] --START--
INFO: Run Behavior\BuildLiteBehavior [ RunTime:0.000008s ]
INFO: [ app_init ] --END-- [ RunTime:0.001066s ]

[ 2019-04-09T20:45:52+08:00 ] 127.0.0.1 /Public/Uploads/20190409/5cac8a8d5ae8d.jpg
INFO: [ app_init ] --START--
INFO: Run Behavior\BuildLiteBehavior [ RunTime:0.000006s ]
INFO: [ app_init ] --END-- [ RunTime:0.000417s ]

[ 2019-04-09T20:46:38+08:00 ] 127.0.0.1 /Public/Uploads/20190409/5cac8a8d5ae8d.jpg
INFO: [ app_init ] --START--
INFO: Run Behavior\BuildLiteBehavior [ RunTime:0.000059s ]
INFO: [ app_init ] --END-- [ RunTime:0.001040s ]

[ 2019-04-09T20:46:42+08:00 ] 127.0.0.1 /Public/Uploads/20190409/5cac8a8d5ae8d.jpg
INFO: [ app_init ] --START--
INFO: Run Behavior\BuildLiteBehavior [ RunTime:0.000008s ]
INFO: [ app_init ] --END-- [ RunTime:0.000361s ]

[ 2019-04-09T20:56:29+08:00 ] 127.0.0.1 /Public/Uploads/sm_20190409/5cac91a5ca735.jpg
INFO: [ app_init ] --START--
INFO: Run Behavior\BuildLiteBehavior [ RunTime:0.000007s ]
INFO: [ app_init ] --END-- [ RunTime:0.000398s ]

[ 2019-04-09T20:56:29+08:00 ] 127.0.0.1 /Public/Uploads/sm_20190409/5cac94489e024.jpg
INFO: [ app_init ] --START--
INFO: Run Behavior\BuildLiteBehavior [ RunTime:0.000008s ]
INFO: [ app_init ] --END-- [ RunTime:0.000534s ]

[ 2019-04-09T20:56:31+08:00 ] 127.0.0.1 /Public/Uploads/sm_20190409/5cac945d845ff.jpeg
INFO: [ app_init ] --START--
INFO: Run Behavior\BuildLiteBehavior [ RunTime:0.000007s ]
INFO: [ app_init ] --END-- [ RunTime:0.000430s ]
ERR: 无法加载模块:Public

[ 2019-04-09T20:56:36+08:00 ] 127.0.0.1 /Public/Uploads/sm_20190409/5cac91a5ca735.jpg
INFO: [ app_init ] --START--
INFO: Run Behavior\BuildLiteBehavior [ RunTime:0.000008s ]
INFO: [ app_init ] --END-- [ RunTime:0.000567s ]

[ 2019-04-09T20:56:36+08:00 ] 127.0.0.1 /Public/Uploads/sm_20190409/5cac94489e024.jpg
INFO: [ app_init ] --START--
INFO: Run Behavior\BuildLiteBehavior [ RunTime:0.000006s ]
INFO: [ app_init ] --END-- [ RunTime:0.000314s ]

[ 2019-04-09T20:56:43+08:00 ] 127.0.0.1 /Public/Uploads/sm_20190409/5cac91a5ca735.jpg
INFO: [ app_init ] --START--
INFO: Run Behavior\BuildLiteBehavior [ RunTime:0.000008s ]
INFO: [ app_init ] --END-- [ RunTime:0.000409s ]

[ 2019-04-09T20:56:43+08:00 ] 127.0.0.1 /Public/Uploads/sm_20190409/5cac94489e024.jpg
INFO: [ app_init ] --START--
INFO: Run Behavior\BuildLiteBehavior [ RunTime:0.000007s ]
INFO: [ app_init ] --END-- [ RunTime:0.000601s ]

[ 2019-04-09T20:56:45+08:00 ] 127.0.0.1 /Public/Uploads/sm_20190409/5cac945d845ff.jpeg
INFO: [ app_init ] --START--
INFO: Run Behavior\BuildLiteBehavior [ RunTime:0.000009s ]
INFO: [ app_init ] --END-- [ RunTime:0.000397s ]
ERR: 无法加载模块:Public

[ 2019-04-09T20:59:00+08:00 ] 127.0.0.1 /Public/Uploads/sm_20190409/5cac945d845ff.jpeg
INFO: [ app_init ] --START--
INFO: Run Behavior\BuildLiteBehavior [ RunTime:0.000011s ]
INFO: [ app_init ] --END-- [ RunTime:0.000499s ]
ERR: 无法加载模块:Public

[ 2019-04-09T20:59:01+08:00 ] 127.0.0.1 /Public/Uploads/sm_20190409/5cac91a5ca735.jpg
INFO: [ app_init ] --START--
INFO: Run Behavior\BuildLiteBehavior [ RunTime:0.000008s ]
INFO: [ app_init ] --END-- [ RunTime:0.000366s ]

[ 2019-04-09T20:59:01+08:00 ] 127.0.0.1 /Public/Uploads/sm_20190409/5cac94489e024.jpg
INFO: [ app_init ] --START--
INFO: Run Behavior\BuildLiteBehavior [ RunTime:0.000005s ]
INFO: [ app_init ] --END-- [ RunTime:0.000338s ]

[ 2019-04-09T20:59:20+08:00 ] 127.0.0.1 /Public/Uploads/sm_20190409/5cac97248ff92.jpg
INFO: [ app_init ] --START--
INFO: Run Behavior\BuildLiteBehavior [ RunTime:0.000009s ]
INFO: [ app_init ] --END-- [ RunTime:0.000402s ]

[ 2019-04-09T20:59:20+08:00 ] 127.0.0.1 /Public/Uploads/sm_20190409/5cac945d845ff.jpeg
INFO: [ app_init ] --START--
INFO: Run Behavior\BuildLiteBehavior [ RunTime:0.000034s ]
INFO: [ app_init ] --END-- [ RunTime:0.001171s ]
ERR: 无法加载模块:Public

[ 2019-04-09T21:01:10+08:00 ] 127.0.0.1 /Public/Uploads/sm_20190409/5cac945d845ff.jpeg
INFO: [ app_init ] --START--
INFO: Run Behavior\BuildLiteBehavior [ RunTime:0.000008s ]
INFO: [ app_init ] --END-- [ RunTime:0.000401s ]
ERR: 无法加载模块:Public

[ 2019-04-09T21:01:10+08:00 ] 127.0.0.1 /Public/Uploads/sm_20190409/5cac97248ff92.jpg
INFO: [ app_init ] --START--
INFO: Run Behavior\BuildLiteBehavior [ RunTime:0.000006s ]
INFO: [ app_init ] --END-- [ RunTime:0.000381s ]

[ 2019-04-09T21:01:11+08:00 ] 127.0.0.1 /Public/Uploads/sm_20190409/5cac945d845ff.jpeg
INFO: [ app_init ] --START--
INFO: Run Behavior\BuildLiteBehavior [ RunTime:0.000008s ]
INFO: [ app_init ] --END-- [ RunTime:0.000385s ]
ERR: 无法加载模块:Public

[ 2019-04-09T21:01:11+08:00 ] 127.0.0.1 /Public/Uploads/sm_20190409/5cac97248ff92.jpg
INFO: [ app_init ] --START--
INFO: Run Behavior\BuildLiteBehavior [ RunTime:0.000008s ]
INFO: [ app_init ] --END-- [ RunTime:0.000403s ]

[ 2019-04-09T21:01:11+08:00 ] 127.0.0.1 /Public/Uploads/sm_20190409/5cac945d845ff.jpeg
INFO: [ app_init ] --START--
INFO: Run Behavior\BuildLiteBehavior [ RunTime:0.000005s ]
INFO: [ app_init ] --END-- [ RunTime:0.000320s ]
ERR: 无法加载模块:Public

[ 2019-04-09T21:01:11+08:00 ] 127.0.0.1 /Public/Uploads/sm_20190409/5cac97248ff92.jpg
INFO: [ app_init ] --START--
INFO: Run Behavior\BuildLiteBehavior [ RunTime:0.000008s ]
INFO: [ app_init ] --END-- [ RunTime:0.000354s ]

[ 2019-04-09T21:01:12+08:00 ] 127.0.0.1 /Public/Uploads/sm_20190409/5cac97248ff92.jpg
INFO: [ app_init ] --START--
INFO: Run Behavior\BuildLiteBehavior [ RunTime:0.000005s ]
INFO: [ app_init ] --END-- [ RunTime:0.000267s ]

[ 2019-04-09T21:01:12+08:00 ] 127.0.0.1 /Public/Uploads/sm_20190409/5cac945d845ff.jpeg
INFO: [ app_init ] --START--
INFO: Run Behavior\BuildLiteBehavior [ RunTime:0.000008s ]
INFO: [ app_init ] --END-- [ RunTime:0.000396s ]
ERR: 无法加载模块:Public

[ 2019-04-09T21:01:12+08:00 ] 127.0.0.1 /Public/Uploads/sm_20190409/5cac97248ff92.jpg
INFO: [ app_init ] --START--
INFO: Run Behavior\BuildLiteBehavior [ RunTime:0.000005s ]
INFO: [ app_init ] --END-- [ RunTime:0.000329s ]

[ 2019-04-09T21:01:12+08:00 ] 127.0.0.1 /Public/Uploads/sm_20190409/5cac945d845ff.jpeg
INFO: [ app_init ] --START--
INFO: Run Behavior\BuildLiteBehavior [ RunTime:0.000007s ]
INFO: [ app_init ] --END-- [ RunTime:0.000385s ]
ERR: 无法加载模块:Public

[ 2019-04-09T21:01:12+08:00 ] 127.0.0.1 /Public/Uploads/sm_20190409/5cac97248ff92.jpg
INFO: [ app_init ] --START--
INFO: Run Behavior\BuildLiteBehavior [ RunTime:0.000011s ]
INFO: [ app_init ] --END-- [ RunTime:0.000750s ]

[ 2019-04-09T21:01:12+08:00 ] 127.0.0.1 /Public/Uploads/sm_20190409/5cac945d845ff.jpeg
INFO: [ app_init ] --START--
INFO: Run Behavior\BuildLiteBehavior [ RunTime:0.000008s ]
INFO: [ app_init ] --END-- [ RunTime:0.000589s ]
ERR: 无法加载模块:Public

[ 2019-04-09T21:01:12+08:00 ] 127.0.0.1 /Public/Uploads/sm_20190409/5cac97248ff92.jpg
INFO: [ app_init ] --START--
INFO: Run Behavior\BuildLiteBehavior [ RunTime:0.000007s ]
INFO: [ app_init ] --END-- [ RunTime:0.000335s ]

[ 2019-04-09T21:01:12+08:00 ] 127.0.0.1 /Public/Uploads/sm_20190409/5cac945d845ff.jpeg
INFO: [ app_init ] --START--
INFO: Run Behavior\BuildLiteBehavior [ RunTime:0.000020s ]
INFO: [ app_init ] --END-- [ RunTime:0.000523s ]
ERR: 无法加载模块:Public

[ 2019-04-09T21:01:13+08:00 ] 127.0.0.1 /Public/Uploads/sm_20190409/5cac945d845ff.jpeg
INFO: [ app_init ] --START--
INFO: Run Behavior\BuildLiteBehavior [ RunTime:0.000010s ]
INFO: [ app_init ] --END-- [ RunTime:0.000388s ]
ERR: 无法加载模块:Public

[ 2019-04-09T21:01:13+08:00 ] 127.0.0.1 /Public/Uploads/sm_20190409/5cac97248ff92.jpg
INFO: [ app_init ] --START--
INFO: Run Behavior\BuildLiteBehavior [ RunTime:0.000010s ]
INFO: [ app_init ] --END-- [ RunTime:0.000461s ]

[ 2019-04-09T21:02:12+08:00 ] 127.0.0.1 /Public/Uploads/sm_20190409/5cac97248ff92.jpg
INFO: [ app_init ] --START--
INFO: Run Behavior\BuildLiteBehavior [ RunTime:0.000007s ]
INFO: [ app_init ] --END-- [ RunTime:0.000364s ]

[ 2019-04-09T21:02:16+08:00 ] 127.0.0.1 /Public/Uploads/sm_20190409/5cac94489e024.jpg
INFO: [ app_init ] --START--
INFO: Run Behavior\BuildLiteBehavior [ RunTime:0.000009s ]
INFO: [ app_init ] --END-- [ RunTime:0.000368s ]

[ 2019-04-09T21:02:16+08:00 ] 127.0.0.1 /Public/Uploads/sm_sm_20190409/5cac94489e024.jpg
INFO: [ app_init ] --START--
INFO: Run Behavior\BuildLiteBehavior [ RunTime:0.000014s ]
INFO: [ app_init ] --END-- [ RunTime:0.001145s ]

[ 2019-04-09T21:02:22+08:00 ] 127.0.0.1 /Public/Uploads/sm_sm_20190409/5cac94489e024.jpg
INFO: [ app_init ] --START--
INFO: Run Behavior\BuildLiteBehavior [ RunTime:0.000009s ]
INFO: [ app_init ] --END-- [ RunTime:0.000385s ]

[ 2019-04-09T21:02:22+08:00 ] 127.0.0.1 /Public/Uploads/sm_20190409/5cac94489e024.jpg
INFO: [ app_init ] --START--
INFO: Run Behavior\BuildLiteBehavior [ RunTime:0.000025s ]
INFO: [ app_init ] --END-- [ RunTime:0.000471s ]

[ 2019-04-09T21:02:23+08:00 ] 127.0.0.1 /Public/Uploads/sm_sm_20190409/5cac94489e024.jpg
INFO: [ app_init ] --START--
INFO: Run Behavior\BuildLiteBehavior [ RunTime:0.000009s ]
INFO: [ app_init ] --END-- [ RunTime:0.000407s ]

[ 2019-04-09T21:02:23+08:00 ] 127.0.0.1 /Public/Uploads/sm_20190409/5cac94489e024.jpg
INFO: [ app_init ] --START--
INFO: Run Behavior\BuildLiteBehavior [ RunTime:0.000005s ]
INFO: [ app_init ] --END-- [ RunTime:0.000289s ]

[ 2019-04-09T21:02:23+08:00 ] 127.0.0.1 /Public/Uploads/sm_sm_20190409/5cac94489e024.jpg
INFO: [ app_init ] --START--
INFO: Run Behavior\BuildLiteBehavior [ RunTime:0.000009s ]
INFO: [ app_init ] --END-- [ RunTime:0.000401s ]

[ 2019-04-09T21:02:23+08:00 ] 127.0.0.1 /Public/Uploads/sm_20190409/5cac94489e024.jpg
INFO: [ app_init ] --START--
INFO: Run Behavior\BuildLiteBehavior [ RunTime:0.000009s ]
INFO: [ app_init ] --END-- [ RunTime:0.000452s ]

[ 2019-04-09T21:02:29+08:00 ] 127.0.0.1 /Public/Uploads/sm_20190409/5cac94489e024.jpg
INFO: [ app_init ] --START--
INFO: Run Behavior\BuildLiteBehavior [ RunTime:0.000005s ]
INFO: [ app_init ] --END-- [ RunTime:0.000274s ]

[ 2019-04-09T21:02:29+08:00 ] 127.0.0.1 /Public/Uploads/sm_sm_20190409/5cac94489e024.jpg
INFO: [ app_init ] --START--
INFO: Run Behavior\BuildLiteBehavior [ RunTime:0.000017s ]
INFO: [ app_init ] --END-- [ RunTime:0.000482s ]

[ 2019-04-09T21:02:32+08:00 ] 127.0.0.1 /Public/Uploads/sm_20190409/5cac97248ff92.jpg
INFO: [ app_init ] --START--
INFO: Run Behavior\BuildLiteBehavior [ RunTime:0.000008s ]
INFO: [ app_init ] --END-- [ RunTime:0.000474s ]

[ 2019-04-09T21:03:14+08:00 ] 127.0.0.1 /Public/Uploads/sm_20190409/5cac97248ff92.jpg
INFO: [ app_init ] --START--
INFO: Run Behavior\BuildLiteBehavior [ RunTime:0.000009s ]
INFO: [ app_init ] --END-- [ RunTime:0.000469s ]

[ 2019-04-09T21:03:15+08:00 ] 127.0.0.1 /Public/Uploads/sm_20190409/5cac97248ff92.jpg
INFO: [ app_init ] --START--
INFO: Run Behavior\BuildLiteBehavior [ RunTime:0.000006s ]
INFO: [ app_init ] --END-- [ RunTime:0.000319s ]

[ 2019-04-09T21:03:15+08:00 ] 127.0.0.1 /Public/Uploads/sm_20190409/5cac97248ff92.jpg
INFO: [ app_init ] --START--
INFO: Run Behavior\BuildLiteBehavior [ RunTime:0.000008s ]
INFO: [ app_init ] --END-- [ RunTime:0.000309s ]

[ 2019-04-09T21:03:15+08:00 ] 127.0.0.1 /Public/Uploads/sm_20190409/5cac97248ff92.jpg
INFO: [ app_init ] --START--
INFO: Run Behavior\BuildLiteBehavior [ RunTime:0.000007s ]
INFO: [ app_init ] --END-- [ RunTime:0.000366s ]

[ 2019-04-09T21:03:18+08:00 ] 127.0.0.1 /Public/Uploads/sm_20190409/5cac94489e024.jpg
INFO: [ app_init ] --START--
INFO: Run Behavior\BuildLiteBehavior [ RunTime:0.000007s ]
INFO: [ app_init ] --END-- [ RunTime:0.000360s ]

[ 2019-04-09T21:03:18+08:00 ] 127.0.0.1 /Public/Uploads/sm_sm_20190409/5cac94489e024.jpg
INFO: [ app_init ] --START--
INFO: Run Behavior\BuildLiteBehavior [ RunTime:0.000009s ]
INFO: [ app_init ] --END-- [ RunTime:0.000422s ]

[ 2019-04-09T21:03:37+08:00 ] 127.0.0.1 /Public/Uploads/sm_sm_20190409/5cac98257da58.jpg
INFO: [ app_init ] --START--
INFO: Run Behavior\BuildLiteBehavior [ RunTime:0.000008s ]
INFO: [ app_init ] --END-- [ RunTime:0.000391s ]

[ 2019-04-09T21:03:37+08:00 ] 127.0.0.1 /Public/Uploads/sm_20190409/5cac98257da58.jpg
INFO: [ app_init ] --START--
INFO: Run Behavior\BuildLiteBehavior [ RunTime:0.000010s ]
INFO: [ app_init ] --END-- [ RunTime:0.000942s ]

[ 2019-04-09T21:06:41+08:00 ] 127.0.0.1 /Public/Uploads/sm_20190409/5cac945d845ff.jpeg
INFO: [ app_init ] --START--
INFO: Run Behavior\BuildLiteBehavior [ RunTime:0.000007s ]
INFO: [ app_init ] --END-- [ RunTime:0.000360s ]
ERR: 无法加载模块:Public

[ 2019-04-09T21:06:41+08:00 ] 127.0.0.1 /Public/Uploads/sm_20190409/5cac97248ff92.jpg
INFO: [ app_init ] --START--
INFO: Run Behavior\BuildLiteBehavior [ RunTime:0.000010s ]
INFO: [ app_init ] --END-- [ RunTime:0.000495s ]

[ 2019-04-09T21:06:41+08:00 ] 127.0.0.1 /Public/Uploads/sm_20190409/5cac98257da58.jpg
INFO: [ app_init ] --START--
INFO: Run Behavior\BuildLiteBehavior [ RunTime:0.000008s ]
INFO: [ app_init ] --END-- [ RunTime:0.000432s ]

[ 2019-04-09T21:06:43+08:00 ] 127.0.0.1 /Public/Uploads/sm_20190409/5cac97248ff92.jpg
INFO: [ app_init ] --START--
INFO: Run Behavior\BuildLiteBehavior [ RunTime:0.000006s ]
INFO: [ app_init ] --END-- [ RunTime:0.000382s ]

[ 2019-04-09T21:06:43+08:00 ] 127.0.0.1 /Public/Uploads/sm_20190409/5cac945d845ff.jpeg
INFO: [ app_init ] --START--
INFO: Run Behavior\BuildLiteBehavior [ RunTime:0.000007s ]
INFO: [ app_init ] --END-- [ RunTime:0.000417s ]
ERR: 无法加载模块:Public

[ 2019-04-09T21:06:43+08:00 ] 127.0.0.1 /Public/Uploads/sm_20190409/5cac98257da58.jpg
INFO: [ app_init ] --START--
INFO: Run Behavior\BuildLiteBehavior [ RunTime:0.000010s ]
INFO: [ app_init ] --END-- [ RunTime:0.000441s ]

[ 2019-04-09T21:06:44+08:00 ] 127.0.0.1 /Public/Uploads/sm_20190409/5cac945d845ff.jpeg
INFO: [ app_init ] --START--
INFO: Run Behavior\BuildLiteBehavior [ RunTime:0.000007s ]
INFO: [ app_init ] --END-- [ RunTime:0.000350s ]
ERR: 无法加载模块:Public

[ 2019-04-09T21:06:44+08:00 ] 127.0.0.1 /Public/Uploads/sm_20190409/5cac98257da58.jpg
INFO: [ app_init ] --START--
INFO: Run Behavior\BuildLiteBehavior [ RunTime:0.000009s ]
INFO: [ app_init ] --END-- [ RunTime:0.000447s ]

[ 2019-04-09T21:06:44+08:00 ] 127.0.0.1 /Public/Uploads/sm_20190409/5cac97248ff92.jpg
INFO: [ app_init ] --START--
INFO: Run Behavior\BuildLiteBehavior [ RunTime:0.000050s ]
INFO: [ app_init ] --END-- [ RunTime:0.003650s ]

[ 2019-04-09T21:06:44+08:00 ] 127.0.0.1 /Public/Uploads/sm_20190409/5cac97248ff92.jpg
INFO: [ app_init ] --START--
INFO: Run Behavior\BuildLiteBehavior [ RunTime:0.000008s ]
INFO: [ app_init ] --END-- [ RunTime:0.000371s ]

[ 2019-04-09T21:06:44+08:00 ] 127.0.0.1 /Public/Uploads/sm_20190409/5cac945d845ff.jpeg
INFO: [ app_init ] --START--
INFO: Run Behavior\BuildLiteBehavior [ RunTime:0.000009s ]
INFO: [ app_init ] --END-- [ RunTime:0.000810s ]
ERR: 无法加载模块:Public

[ 2019-04-09T21:06:44+08:00 ] 127.0.0.1 /Public/Uploads/sm_20190409/5cac98257da58.jpg
INFO: [ app_init ] --START--
INFO: Run Behavior\BuildLiteBehavior [ RunTime:0.000009s ]
INFO: [ app_init ] --END-- [ RunTime:0.000341s ]

[ 2019-04-09T21:06:44+08:00 ] 127.0.0.1 /Public/Uploads/sm_20190409/5cac97248ff92.jpg
INFO: [ app_init ] --START--
INFO: Run Behavior\BuildLiteBehavior [ RunTime:0.000008s ]
INFO: [ app_init ] --END-- [ RunTime:0.000367s ]

[ 2019-04-09T21:06:44+08:00 ] 127.0.0.1 /Public/Uploads/sm_20190409/5cac945d845ff.jpeg
INFO: [ app_init ] --START--
INFO: Run Behavior\BuildLiteBehavior [ RunTime:0.000007s ]
INFO: [ app_init ] --END-- [ RunTime:0.000360s ]
ERR: 无法加载模块:Public

[ 2019-04-09T21:06:44+08:00 ] 127.0.0.1 /Public/Uploads/sm_20190409/5cac98257da58.jpg
INFO: [ app_init ] --START--
INFO: Run Behavior\BuildLiteBehavior [ RunTime:0.000006s ]
INFO: [ app_init ] --END-- [ RunTime:0.000359s ]

[ 2019-04-09T21:06:44+08:00 ] 127.0.0.1 /Public/Uploads/sm_20190409/5cac97248ff92.jpg
INFO: [ app_init ] --START--
INFO: Run Behavior\BuildLiteBehavior [ RunTime:0.000009s ]
INFO: [ app_init ] --END-- [ RunTime:0.000348s ]

[ 2019-04-09T21:06:45+08:00 ] 127.0.0.1 /Public/Uploads/sm_20190409/5cac945d845ff.jpeg
INFO: [ app_init ] --START--
INFO: Run Behavior\BuildLiteBehavior [ RunTime:0.000007s ]
INFO: [ app_init ] --END-- [ RunTime:0.000366s ]
ERR: 无法加载模块:Public

[ 2019-04-09T21:06:45+08:00 ] 127.0.0.1 /Public/Uploads/sm_20190409/5cac98257da58.jpg
INFO: [ app_init ] --START--
INFO: Run Behavior\BuildLiteBehavior [ RunTime:0.000010s ]
INFO: [ app_init ] --END-- [ RunTime:0.000435s ]

[ 2019-04-09T21:06:45+08:00 ] 127.0.0.1 /Public/Uploads/sm_20190409/5cac945d845ff.jpeg
INFO: [ app_init ] --START--
INFO: Run Behavior\BuildLiteBehavior [ RunTime:0.000007s ]
INFO: [ app_init ] --END-- [ RunTime:0.000340s ]
ERR: 无法加载模块:Public

[ 2019-04-09T21:06:45+08:00 ] 127.0.0.1 /Public/Uploads/sm_20190409/5cac97248ff92.jpg
INFO: [ app_init ] --START--
INFO: Run Behavior\BuildLiteBehavior [ RunTime:0.000005s ]
INFO: [ app_init ] --END-- [ RunTime:0.000362s ]

[ 2019-04-09T21:06:45+08:00 ] 127.0.0.1 /Public/Uploads/sm_20190409/5cac98257da58.jpg
INFO: [ app_init ] --START--
INFO: Run Behavior\BuildLiteBehavior [ RunTime:0.000008s ]
INFO: [ app_init ] --END-- [ RunTime:0.000399s ]

[ 2019-04-09T21:06:45+08:00 ] 127.0.0.1 /Public/Uploads/sm_20190409/5cac97248ff92.jpg
INFO: [ app_init ] --START--
INFO: Run Behavior\BuildLiteBehavior [ RunTime:0.000008s ]
INFO: [ app_init ] --END-- [ RunTime:0.000432s ]

[ 2019-04-09T21:06:45+08:00 ] 127.0.0.1 /Public/Uploads/sm_20190409/5cac945d845ff.jpeg
INFO: [ app_init ] --START--
INFO: Run Behavior\BuildLiteBehavior [ RunTime:0.000007s ]
INFO: [ app_init ] --END-- [ RunTime:0.000363s ]
ERR: 无法加载模块:Public

[ 2019-04-09T21:06:45+08:00 ] 127.0.0.1 /Public/Uploads/sm_20190409/5cac98257da58.jpg
INFO: [ app_init ] --START--
INFO: Run Behavior\BuildLiteBehavior [ RunTime:0.000008s ]
INFO: [ app_init ] --END-- [ RunTime:0.000558s ]

[ 2019-04-09T21:06:45+08:00 ] 127.0.0.1 /Public/Uploads/sm_20190409/5cac945d845ff.jpeg
INFO: [ app_init ] --START--
INFO: Run Behavior\BuildLiteBehavior [ RunTime:0.000007s ]
INFO: [ app_init ] --END-- [ RunTime:0.000329s ]
ERR: 无法加载模块:Public

[ 2019-04-09T21:06:45+08:00 ] 127.0.0.1 /Public/Uploads/sm_20190409/5cac98257da58.jpg
INFO: [ app_init ] --START--
INFO: Run Behavior\BuildLiteBehavior [ RunTime:0.000010s ]
INFO: [ app_init ] --END-- [ RunTime:0.000388s ]

[ 2019-04-09T21:06:45+08:00 ] 127.0.0.1 /Public/Uploads/sm_20190409/5cac97248ff92.jpg
INFO: [ app_init ] --START--
INFO: Run Behavior\BuildLiteBehavior [ RunTime:0.000008s ]
INFO: [ app_init ] --END-- [ RunTime:0.000649s ]

[ 2019-04-09T21:06:46+08:00 ] 127.0.0.1 /Public/Uploads/sm_20190409/5cac945d845ff.jpeg
INFO: [ app_init ] --START--
INFO: Run Behavior\BuildLiteBehavior [ RunTime:0.000008s ]
INFO: [ app_init ] --END-- [ RunTime:0.000366s ]
ERR: 无法加载模块:Public

[ 2019-04-09T21:06:46+08:00 ] 127.0.0.1 /Public/Uploads/sm_20190409/5cac98257da58.jpg
INFO: [ app_init ] --START--
INFO: Run Behavior\BuildLiteBehavior [ RunTime:0.000008s ]
INFO: [ app_init ] --END-- [ RunTime:0.000391s ]

[ 2019-04-09T21:06:46+08:00 ] 127.0.0.1 /Public/Uploads/sm_20190409/5cac97248ff92.jpg
INFO: [ app_init ] --START--
INFO: Run Behavior\BuildLiteBehavior [ RunTime:0.000011s ]
INFO: [ app_init ] --END-- [ RunTime:0.000590s ]

[ 2019-04-09T21:06:46+08:00 ] 127.0.0.1 /Public/Uploads/sm_20190409/5cac945d845ff.jpeg
INFO: [ app_init ] --START--
INFO: Run Behavior\BuildLiteBehavior [ RunTime:0.000007s ]
INFO: [ app_init ] --END-- [ RunTime:0.000372s ]
ERR: 无法加载模块:Public

[ 2019-04-09T21:06:46+08:00 ] 127.0.0.1 /Public/Uploads/sm_20190409/5cac97248ff92.jpg
INFO: [ app_init ] --START--
INFO: Run Behavior\BuildLiteBehavior [ RunTime:0.000008s ]
INFO: [ app_init ] --END-- [ RunTime:0.000361s ]

[ 2019-04-09T21:06:46+08:00 ] 127.0.0.1 /Public/Uploads/sm_20190409/5cac98257da58.jpg
INFO: [ app_init ] --START--
INFO: Run Behavior\BuildLiteBehavior [ RunTime:0.000006s ]
INFO: [ app_init ] --END-- [ RunTime:0.000443s ]

[ 2019-04-09T21:06:46+08:00 ] 127.0.0.1 /Public/Uploads/sm_20190409/5cac97248ff92.jpg
INFO: [ app_init ] --START--
INFO: Run Behavior\BuildLiteBehavior [ RunTime:0.000007s ]
INFO: [ app_init ] --END-- [ RunTime:0.000367s ]

[ 2019-04-09T21:06:46+08:00 ] 127.0.0.1 /Public/Uploads/sm_20190409/5cac945d845ff.jpeg
INFO: [ app_init ] --START--
INFO: Run Behavior\BuildLiteBehavior [ RunTime:0.000008s ]
INFO: [ app_init ] --END-- [ RunTime:0.000372s ]
ERR: 无法加载模块:Public

[ 2019-04-09T21:06:46+08:00 ] 127.0.0.1 /Public/Uploads/sm_20190409/5cac98257da58.jpg
INFO: [ app_init ] --START--
INFO: Run Behavior\BuildLiteBehavior [ RunTime:0.000010s ]
INFO: [ app_init ] --END-- [ RunTime:0.000598s ]

[ 2019-04-09T21:06:46+08:00 ] 127.0.0.1 /Public/Uploads/sm_20190409/5cac97248ff92.jpg
INFO: [ app_init ] --START--
INFO: Run Behavior\BuildLiteBehavior [ RunTime:0.000013s ]
INFO: [ app_init ] --END-- [ RunTime:0.000512s ]

[ 2019-04-09T21:06:46+08:00 ] 127.0.0.1 /Public/Uploads/sm_20190409/5cac98257da58.jpg
INFO: [ app_init ] --START--
INFO: Run Behavior\BuildLiteBehavior [ RunTime:0.000011s ]
INFO: [ app_init ] --END-- [ RunTime:0.001862s ]

[ 2019-04-09T21:06:46+08:00 ] 127.0.0.1 /Public/Uploads/sm_20190409/5cac945d845ff.jpeg
INFO: [ app_init ] --START--
INFO: Run Behavior\BuildLiteBehavior [ RunTime:0.000009s ]
INFO: [ app_init ] --END-- [ RunTime:0.000459s ]
ERR: 无法加载模块:Public

[ 2019-04-09T21:06:47+08:00 ] 127.0.0.1 /Public/Uploads/sm_20190409/5cac97248ff92.jpg
INFO: [ app_init ] --START--
INFO: Run Behavior\BuildLiteBehavior [ RunTime:0.000008s ]
INFO: [ app_init ] --END-- [ RunTime:0.000378s ]

[ 2019-04-09T21:06:47+08:00 ] 127.0.0.1 /Public/Uploads/sm_20190409/5cac945d845ff.jpeg
INFO: [ app_init ] --START--
INFO: Run Behavior\BuildLiteBehavior [ RunTime:0.000010s ]
INFO: [ app_init ] --END-- [ RunTime:0.000438s ]
ERR: 无法加载模块:Public

[ 2019-04-09T21:06:47+08:00 ] 127.0.0.1 /Public/Uploads/sm_20190409/5cac98257da58.jpg
INFO: [ app_init ] --START--
INFO: Run Behavior\BuildLiteBehavior [ RunTime:0.000009s ]
INFO: [ app_init ] --END-- [ RunTime:0.000415s ]

[ 2019-04-09T21:06:47+08:00 ] 127.0.0.1 /Public/Uploads/sm_20190409/5cac97248ff92.jpg
INFO: [ app_init ] --START--
INFO: Run Behavior\BuildLiteBehavior [ RunTime:0.000009s ]
INFO: [ app_init ] --END-- [ RunTime:0.000388s ]

[ 2019-04-09T21:06:47+08:00 ] 127.0.0.1 /Public/Uploads/sm_20190409/5cac98257da58.jpg
INFO: [ app_init ] --START--
INFO: Run Behavior\BuildLiteBehavior [ RunTime:0.000008s ]
INFO: [ app_init ] --END-- [ RunTime:0.000403s ]

[ 2019-04-09T21:06:47+08:00 ] 127.0.0.1 /Public/Uploads/sm_20190409/5cac945d845ff.jpeg
INFO: [ app_init ] --START--
INFO: Run Behavior\BuildLiteBehavior [ RunTime:0.000008s ]
INFO: [ app_init ] --END-- [ RunTime:0.000489s ]
ERR: 无法加载模块:Public

[ 2019-04-09T21:06:47+08:00 ] 127.0.0.1 /Public/Uploads/sm_20190409/5cac97248ff92.jpg
INFO: [ app_init ] --START--
INFO: Run Behavior\BuildLiteBehavior [ RunTime:0.000008s ]
INFO: [ app_init ] --END-- [ RunTime:0.000377s ]

[ 2019-04-09T21:06:47+08:00 ] 127.0.0.1 /Public/Uploads/sm_20190409/5cac98257da58.jpg
INFO: [ app_init ] --START--
INFO: Run Behavior\BuildLiteBehavior [ RunTime:0.000006s ]
INFO: [ app_init ] --END-- [ RunTime:0.000361s ]

[ 2019-04-09T21:06:47+08:00 ] 127.0.0.1 /Public/Uploads/sm_20190409/5cac945d845ff.jpeg
INFO: [ app_init ] --START--
INFO: Run Behavior\BuildLiteBehavior [ RunTime:0.000006s ]
INFO: [ app_init ] --END-- [ RunTime:0.000306s ]
ERR: 无法加载模块:Public

[ 2019-04-09T21:06:48+08:00 ] 127.0.0.1 /Public/Uploads/sm_20190409/5cac97248ff92.jpg
INFO: [ app_init ] --START--
INFO: Run Behavior\BuildLiteBehavior [ RunTime:0.000008s ]
INFO: [ app_init ] --END-- [ RunTime:0.000373s ]

[ 2019-04-09T21:06:48+08:00 ] 127.0.0.1 /Public/Uploads/sm_20190409/5cac945d845ff.jpeg
INFO: [ app_init ] --START--
INFO: Run Behavior\BuildLiteBehavior [ RunTime:0.000007s ]
INFO: [ app_init ] --END-- [ RunTime:0.000578s ]
ERR: 无法加载模块:Public

[ 2019-04-09T21:06:48+08:00 ] 127.0.0.1 /Public/Uploads/sm_20190409/5cac98257da58.jpg
INFO: [ app_init ] --START--
INFO: Run Behavior\BuildLiteBehavior [ RunTime:0.000007s ]
INFO: [ app_init ] --END-- [ RunTime:0.000335s ]

[ 2019-04-09T21:06:49+08:00 ] 127.0.0.1 /Public/Uploads/sm_20190409/5cac945d845ff.jpeg
INFO: [ app_init ] --START--
INFO: Run Behavior\BuildLiteBehavior [ RunTime:0.000010s ]
INFO: [ app_init ] --END-- [ RunTime:0.000378s ]
ERR: 无法加载模块:Public

[ 2019-04-09T21:06:49+08:00 ] 127.0.0.1 /Public/Uploads/sm_20190409/5cac98257da58.jpg
INFO: [ app_init ] --START--
INFO: Run Behavior\BuildLiteBehavior [ RunTime:0.000009s ]
INFO: [ app_init ] --END-- [ RunTime:0.000387s ]

[ 2019-04-09T21:06:49+08:00 ] 127.0.0.1 /Public/Uploads/sm_20190409/5cac97248ff92.jpg
INFO: [ app_init ] --START--
INFO: Run Behavior\BuildLiteBehavior [ RunTime:0.000011s ]
INFO: [ app_init ] --END-- [ RunTime:0.000876s ]

[ 2019-04-09T21:06:49+08:00 ] 127.0.0.1 /Public/Uploads/sm_20190409/5cac97248ff92.jpg
INFO: [ app_init ] --START--
INFO: Run Behavior\BuildLiteBehavior [ RunTime:0.000008s ]
INFO: [ app_init ] --END-- [ RunTime:0.000451s ]

[ 2019-04-09T21:06:49+08:00 ] 127.0.0.1 /Public/Uploads/sm_20190409/5cac945d845ff.jpeg
INFO: [ app_init ] --START--
INFO: Run Behavior\BuildLiteBehavior [ RunTime:0.000010s ]
INFO: [ app_init ] --END-- [ RunTime:0.000601s ]
ERR: 无法加载模块:Public

[ 2019-04-09T21:06:49+08:00 ] 127.0.0.1 /Public/Uploads/sm_20190409/5cac98257da58.jpg
INFO: [ app_init ] --START--
INFO: Run Behavior\BuildLiteBehavior [ RunTime:0.000007s ]
INFO: [ app_init ] --END-- [ RunTime:0.000447s ]

[ 2019-04-09T21:06:49+08:00 ] 127.0.0.1 /Public/Uploads/sm_20190409/5cac97248ff92.jpg
INFO: [ app_init ] --START--
INFO: Run Behavior\BuildLiteBehavior [ RunTime:0.000007s ]
INFO: [ app_init ] --END-- [ RunTime:0.000373s ]

[ 2019-04-09T21:06:49+08:00 ] 127.0.0.1 /Public/Uploads/sm_20190409/5cac945d845ff.jpeg
INFO: [ app_init ] --START--
INFO: Run Behavior\BuildLiteBehavior [ RunTime:0.000008s ]
INFO: [ app_init ] --END-- [ RunTime:0.000416s ]
ERR: 无法加载模块:Public

[ 2019-04-09T21:06:49+08:00 ] 127.0.0.1 /Public/Uploads/sm_20190409/5cac98257da58.jpg
INFO: [ app_init ] --START--
INFO: Run Behavior\BuildLiteBehavior [ RunTime:0.000008s ]
INFO: [ app_init ] --END-- [ RunTime:0.000396s ]

[ 2019-04-09T21:06:49+08:00 ] 127.0.0.1 /Public/Uploads/sm_20190409/5cac945d845ff.jpeg
INFO: [ app_init ] --START--
INFO: Run Behavior\BuildLiteBehavior [ RunTime:0.000007s ]
INFO: [ app_init ] --END-- [ RunTime:0.000371s ]
ERR: 无法加载模块:Public

[ 2019-04-09T21:06:49+08:00 ] 127.0.0.1 /Public/Uploads/sm_20190409/5cac97248ff92.jpg
INFO: [ app_init ] --START--
INFO: Run Behavior\BuildLiteBehavior [ RunTime:0.000010s ]
INFO: [ app_init ] --END-- [ RunTime:0.000679s ]

[ 2019-04-09T21:06:49+08:00 ] 127.0.0.1 /Public/Uploads/sm_20190409/5cac98257da58.jpg
INFO: [ app_init ] --START--
INFO: Run Behavior\BuildLiteBehavior [ RunTime:0.000008s ]
INFO: [ app_init ] --END-- [ RunTime:0.000433s ]

[ 2019-04-09T21:10:10+08:00 ] 127.0.0.1 /Public/Uploads/sm_20190409/5cac945d845ff.jpeg
INFO: [ app_init ] --START--
INFO: Run Behavior\BuildLiteBehavior [ RunTime:0.000008s ]
INFO: [ app_init ] --END-- [ RunTime:0.000430s ]
ERR: 无法加载模块:Public

[ 2019-04-09T21:10:10+08:00 ] 127.0.0.1 /Public/Uploads/sm_20190409/5cac97248ff92.jpg
INFO: [ app_init ] --START--
INFO: Run Behavior\BuildLiteBehavior [ RunTime:0.000009s ]
INFO: [ app_init ] --END-- [ RunTime:0.000505s ]

[ 2019-04-09T21:10:10+08:00 ] 127.0.0.1 /Public/Uploads/sm_20190409/5cac98257da58.jpg
INFO: [ app_init ] --START--
INFO: Run Behavior\BuildLiteBehavior [ RunTime:0.000006s ]
INFO: [ app_init ] --END-- [ RunTime:0.000332s ]

[ 2019-04-09T21:10:10+08:00 ] 127.0.0.1 /Public/Uploads/sm_20190409/5cac945d845ff.jpeg
INFO: [ app_init ] --START--
INFO: Run Behavior\BuildLiteBehavior [ RunTime:0.000008s ]
INFO: [ app_init ] --END-- [ RunTime:0.000374s ]
ERR: 无法加载模块:Public

[ 2019-04-09T21:10:10+08:00 ] 127.0.0.1 /Public/Uploads/sm_20190409/5cac98257da58.jpg
INFO: [ app_init ] --START--
INFO: Run Behavior\BuildLiteBehavior [ RunTime:0.000008s ]
INFO: [ app_init ] --END-- [ RunTime:0.000409s ]

[ 2019-04-09T21:10:10+08:00 ] 127.0.0.1 /Public/Uploads/sm_20190409/5cac97248ff92.jpg
INFO: [ app_init ] --START--
INFO: Run Behavior\BuildLiteBehavior [ RunTime:0.000014s ]
INFO: [ app_init ] --END-- [ RunTime:0.001331s ]

[ 2019-04-09T21:10:10+08:00 ] 127.0.0.1 /Public/Uploads/sm_20190409/5cac97248ff92.jpg
INFO: [ app_init ] --START--
INFO: Run Behavior\BuildLiteBehavior [ RunTime:0.000015s ]
INFO: [ app_init ] --END-- [ RunTime:0.001015s ]

[ 2019-04-09T21:10:10+08:00 ] 127.0.0.1 /Public/Uploads/sm_20190409/5cac945d845ff.jpeg
INFO: [ app_init ] --START--
INFO: Run Behavior\BuildLiteBehavior [ RunTime:0.000007s ]
INFO: [ app_init ] --END-- [ RunTime:0.000675s ]
ERR: 无法加载模块:Public

[ 2019-04-09T21:10:10+08:00 ] 127.0.0.1 /Public/Uploads/sm_20190409/5cac98257da58.jpg
INFO: [ app_init ] --START--
INFO: Run Behavior\BuildLiteBehavior [ RunTime:0.000010s ]
INFO: [ app_init ] --END-- [ RunTime:0.000454s ]

[ 2019-04-09T21:10:11+08:00 ] 127.0.0.1 /Public/Uploads/sm_20190409/5cac97248ff92.jpg
INFO: [ app_init ] --START--
INFO: Run Behavior\BuildLiteBehavior [ RunTime:0.000010s ]
INFO: [ app_init ] --END-- [ RunTime:0.000852s ]

[ 2019-04-09T21:10:11+08:00 ] 127.0.0.1 /Public/Uploads/sm_20190409/5cac945d845ff.jpeg
INFO: [ app_init ] --START--
INFO: Run Behavior\BuildLiteBehavior [ RunTime:0.000008s ]
INFO: [ app_init ] --END-- [ RunTime:0.000422s ]
ERR: 无法加载模块:Public

[ 2019-04-09T21:10:11+08:00 ] 127.0.0.1 /Public/Uploads/sm_20190409/5cac98257da58.jpg
INFO: [ app_init ] --START--
INFO: Run Behavior\BuildLiteBehavior [ RunTime:0.000007s ]
INFO: [ app_init ] --END-- [ RunTime:0.000379s ]

[ 2019-04-09T21:10:11+08:00 ] 127.0.0.1 /Public/Uploads/sm_20190409/5cac97248ff92.jpg
INFO: [ app_init ] --START--
INFO: Run Behavior\BuildLiteBehavior [ RunTime:0.000008s ]
INFO: [ app_init ] --END-- [ RunTime:0.000365s ]

[ 2019-04-09T21:10:11+08:00 ] 127.0.0.1 /Public/Uploads/sm_20190409/5cac945d845ff.jpeg
INFO: [ app_init ] --START--
INFO: Run Behavior\BuildLiteBehavior [ RunTime:0.000007s ]
INFO: [ app_init ] --END-- [ RunTime:0.000373s ]
ERR: 无法加载模块:Public

[ 2019-04-09T21:10:11+08:00 ] 127.0.0.1 /Public/Uploads/sm_20190409/5cac98257da58.jpg
INFO: [ app_init ] --START--
INFO: Run Behavior\BuildLiteBehavior [ RunTime:0.000005s ]
INFO: [ app_init ] --END-- [ RunTime:0.000297s ]

[ 2019-04-09T21:10:11+08:00 ] 127.0.0.1 /Public/Uploads/sm_20190409/5cac945d845ff.jpeg
INFO: [ app_init ] --START--
INFO: Run Behavior\BuildLiteBehavior [ RunTime:0.000007s ]
INFO: [ app_init ] --END-- [ RunTime:0.000365s ]
ERR: 无法加载模块:Public

[ 2019-04-09T21:10:11+08:00 ] 127.0.0.1 /Public/Uploads/sm_20190409/5cac97248ff92.jpg
INFO: [ app_init ] --START--
INFO: Run Behavior\BuildLiteBehavior [ RunTime:0.000007s ]
INFO: [ app_init ] --END-- [ RunTime:0.000372s ]

[ 2019-04-09T21:10:11+08:00 ] 127.0.0.1 /Public/Uploads/sm_20190409/5cac98257da58.jpg
INFO: [ app_init ] --START--
INFO: Run Behavior\BuildLiteBehavior [ RunTime:0.000005s ]
INFO: [ app_init ] --END-- [ RunTime:0.000266s ]

[ 2019-04-09T21:10:11+08:00 ] 127.0.0.1 /Public/Uploads/sm_20190409/5cac97248ff92.jpg
INFO: [ app_init ] --START--
INFO: Run Behavior\BuildLiteBehavior [ RunTime:0.000008s ]
INFO: [ app_init ] --END-- [ RunTime:0.000349s ]

[ 2019-04-09T21:10:11+08:00 ] 127.0.0.1 /Public/Uploads/sm_20190409/5cac945d845ff.jpeg
INFO: [ app_init ] --START--
INFO: Run Behavior\BuildLiteBehavior [ RunTime:0.000007s ]
INFO: [ app_init ] --END-- [ RunTime:0.000365s ]
ERR: 无法加载模块:Public

[ 2019-04-09T21:10:11+08:00 ] 127.0.0.1 /Public/Uploads/sm_20190409/5cac98257da58.jpg
INFO: [ app_init ] --START--
INFO: Run Behavior\BuildLiteBehavior [ RunTime:0.000011s ]
INFO: [ app_init ] --END-- [ RunTime:0.000662s ]

[ 2019-04-09T21:10:11+08:00 ] 127.0.0.1 /Public/Uploads/sm_20190409/5cac97248ff92.jpg
INFO: [ app_init ] --START--
INFO: Run Behavior\BuildLiteBehavior [ RunTime:0.000007s ]
INFO: [ app_init ] --END-- [ RunTime:0.000337s ]

[ 2019-04-09T21:10:11+08:00 ] 127.0.0.1 /Public/Uploads/sm_20190409/5cac945d845ff.jpeg
INFO: [ app_init ] --START--
INFO: Run Behavior\BuildLiteBehavior [ RunTime:0.000008s ]
INFO: [ app_init ] --END-- [ RunTime:0.000354s ]
ERR: 无法加载模块:Public

[ 2019-04-09T21:10:12+08:00 ] 127.0.0.1 /Public/Uploads/sm_20190409/5cac98257da58.jpg
INFO: [ app_init ] --START--
INFO: Run Behavior\BuildLiteBehavior [ RunTime:0.000007s ]
INFO: [ app_init ] --END-- [ RunTime:0.000328s ]

[ 2019-04-09T21:10:38+08:00 ] 127.0.0.1 /Public/Uploads/sm_20190409/5cac97248ff92.jpg
INFO: [ app_init ] --START--
INFO: Run Behavior\BuildLiteBehavior [ RunTime:0.000008s ]
INFO: [ app_init ] --END-- [ RunTime:0.000432s ]

[ 2019-04-09T21:13:11+08:00 ] 127.0.0.1 /Public/Uploads/sm_20190409/5cac945d845ff.jpeg
INFO: [ app_init ] --START--
INFO: Run Behavior\BuildLiteBehavior [ RunTime:0.000008s ]
INFO: [ app_init ] --END-- [ RunTime:0.000391s ]
ERR: 无法加载模块:Public

[ 2019-04-09T21:13:11+08:00 ] 127.0.0.1 /Public/Uploads/sm_20190409/5cac97248ff92.jpg
INFO: [ app_init ] --START--
INFO: Run Behavior\BuildLiteBehavior [ RunTime:0.000011s ]
INFO: [ app_init ] --END-- [ RunTime:0.001075s ]

[ 2019-04-09T21:13:11+08:00 ] 127.0.0.1 /Public/Uploads/sm_20190409/5cac98257da58.jpg
INFO: [ app_init ] --START--
INFO: Run Behavior\BuildLiteBehavior [ RunTime:0.000009s ]
INFO: [ app_init ] --END-- [ RunTime:0.000535s ]

[ 2019-04-09T21:13:11+08:00 ] 127.0.0.1 /Public/Uploads/sm_20190409/5cac97248ff92.jpg
INFO: [ app_init ] --START--
INFO: Run Behavior\BuildLiteBehavior [ RunTime:0.000007s ]
INFO: [ app_init ] --END-- [ RunTime:0.000354s ]

[ 2019-04-09T21:13:11+08:00 ] 127.0.0.1 /Public/Uploads/sm_20190409/5cac945d845ff.jpeg
INFO: [ app_init ] --START--
INFO: Run Behavior\BuildLiteBehavior [ RunTime:0.000010s ]
INFO: [ app_init ] --END-- [ RunTime:0.001096s ]
ERR: 无法加载模块:Public

[ 2019-04-09T21:13:11+08:00 ] 127.0.0.1 /Public/Uploads/sm_20190409/5cac98257da58.jpg
INFO: [ app_init ] --START--
INFO: Run Behavior\BuildLiteBehavior [ RunTime:0.000010s ]
INFO: [ app_init ] --END-- [ RunTime:0.000410s ]

[ 2019-04-09T21:13:12+08:00 ] 127.0.0.1 /Public/Uploads/sm_20190409/5cac97248ff92.jpg
INFO: [ app_init ] --START--
INFO: Run Behavior\BuildLiteBehavior [ RunTime:0.000008s ]
INFO: [ app_init ] --END-- [ RunTime:0.000368s ]

[ 2019-04-09T21:13:12+08:00 ] 127.0.0.1 /Public/Uploads/sm_20190409/5cac945d845ff.jpeg
INFO: [ app_init ] --START--
INFO: Run Behavior\BuildLiteBehavior [ RunTime:0.000009s ]
INFO: [ app_init ] --END-- [ RunTime:0.003231s ]
ERR: 无法加载模块:Public

[ 2019-04-09T21:13:12+08:00 ] 127.0.0.1 /Public/Uploads/sm_20190409/5cac98257da58.jpg
INFO: [ app_init ] --START--
INFO: Run Behavior\BuildLiteBehavior [ RunTime:0.000010s ]
INFO: [ app_init ] --END-- [ RunTime:0.000458s ]

[ 2019-04-09T21:13:12+08:00 ] 127.0.0.1 /Public/Uploads/sm_20190409/5cac945d845ff.jpeg
INFO: [ app_init ] --START--
INFO: Run Behavior\BuildLiteBehavior [ RunTime:0.000007s ]
INFO: [ app_init ] --END-- [ RunTime:0.000338s ]
ERR: 无法加载模块:Public

[ 2019-04-09T21:13:12+08:00 ] 127.0.0.1 /Public/Uploads/sm_20190409/5cac98257da58.jpg
INFO: [ app_init ] --START--
INFO: Run Behavior\BuildLiteBehavior [ RunTime:0.000009s ]
INFO: [ app_init ] --END-- [ RunTime:0.000481s ]

[ 2019-04-09T21:13:12+08:00 ] 127.0.0.1 /Public/Uploads/sm_20190409/5cac97248ff92.jpg
INFO: [ app_init ] --START--
INFO: Run Behavior\BuildLiteBehavior [ RunTime:0.000008s ]
INFO: [ app_init ] --END-- [ RunTime:0.000544s ]

[ 2019-04-09T21:13:13+08:00 ] 127.0.0.1 /Public/Uploads/sm_20190409/5cac91a5ca735.jpg
INFO: [ app_init ] --START--
INFO: Run Behavior\BuildLiteBehavior [ RunTime:0.000009s ]
INFO: [ app_init ] --END-- [ RunTime:0.000394s ]

[ 2019-04-09T21:13:13+08:00 ] 127.0.0.1 /Public/Uploads/sm_20190409/5cac94489e024.jpg
INFO: [ app_init ] --START--
INFO: Run Behavior\BuildLiteBehavior [ RunTime:0.000010s ]
INFO: [ app_init ] --END-- [ RunTime:0.000535s ]

[ 2019-04-09T21:13:21+08:00 ] 127.0.0.1 /Public/Uploads/sm_20190409/5cac945d845ff.jpeg
INFO: [ app_init ] --START--
INFO: Run Behavior\BuildLiteBehavior [ RunTime:0.000009s ]
INFO: [ app_init ] --END-- [ RunTime:0.000436s ]
ERR: 无法加载模块:Public

[ 2019-04-09T21:13:21+08:00 ] 127.0.0.1 /Public/Uploads/sm_20190409/5cac97248ff92.jpg
INFO: [ app_init ] --START--
INFO: Run Behavior\BuildLiteBehavior [ RunTime:0.000007s ]
INFO: [ app_init ] --END-- [ RunTime:0.000368s ]

[ 2019-04-09T21:13:21+08:00 ] 127.0.0.1 /Public/Uploads/sm_20190409/5cac98257da58.jpg
INFO: [ app_init ] --START--
INFO: Run Behavior\BuildLiteBehavior [ RunTime:0.000011s ]
INFO: [ app_init ] --END-- [ RunTime:0.000631s ]

[ 2019-04-09T21:13:26+08:00 ] 127.0.0.1 /Public/Uploads/sm_20190409/5cac97248ff92.jpg
INFO: [ app_init ] --START--
INFO: Run Behavior\BuildLiteBehavior [ RunTime:0.000008s ]
INFO: [ app_init ] --END-- [ RunTime:0.000402s ]

[ 2019-04-09T21:13:26+08:00 ] 127.0.0.1 /Public/Uploads/sm_20190409/5cac945d845ff.jpeg
INFO: [ app_init ] --START--
INFO: Run Behavior\BuildLiteBehavior [ RunTime:0.000010s ]
INFO: [ app_init ] --END-- [ RunTime:0.000967s ]
ERR: 无法加载模块:Public

[ 2019-04-09T21:13:29+08:00 ] 127.0.0.1 /Public/Uploads/sm_20190409/5cac945d845ff.jpeg
INFO: [ app_init ] --START--
INFO: Run Behavior\BuildLiteBehavior [ RunTime:0.000006s ]
INFO: [ app_init ] --END-- [ RunTime:0.000352s ]
ERR: 无法加载模块:Public

[ 2019-04-09T21:13:30+08:00 ] 127.0.0.1 /Public/Uploads/sm_20190409/5cac91a5ca735.jpg
INFO: [ app_init ] --START--
INFO: Run Behavior\BuildLiteBehavior [ RunTime:0.000009s ]
INFO: [ app_init ] --END-- [ RunTime:0.000398s ]

[ 2019-04-09T21:13:30+08:00 ] 127.0.0.1 /Public/Uploads/sm_20190409/5cac94489e024.jpg
INFO: [ app_init ] --START--
INFO: Run Behavior\BuildLiteBehavior [ RunTime:0.000009s ]
INFO: [ app_init ] --END-- [ RunTime:0.000439s ]

[ 2019-04-09T21:13:34+08:00 ] 127.0.0.1 /Public/Uploads/sm_20190409/5cac94489e024.jpg
INFO: [ app_init ] --START--
INFO: Run Behavior\BuildLiteBehavior [ RunTime:0.000017s ]
INFO: [ app_init ] --END-- [ RunTime:0.000855s ]

[ 2019-04-09T21:13:34+08:00 ] 127.0.0.1 /Public/Uploads/sm_20190409/5cac945d845ff.jpeg
INFO: [ app_init ] --START--
INFO: Run Behavior\BuildLiteBehavior [ RunTime:0.000005s ]
INFO: [ app_init ] --END-- [ RunTime:0.000328s ]
ERR: 无法加载模块:Public

[ 2019-04-09T21:13:37+08:00 ] 127.0.0.1 /Public/Uploads/sm_20190409/5cac945d845ff.jpeg
INFO: [ app_init ] --START--
INFO: Run Behavior\BuildLiteBehavior [ RunTime:0.000006s ]
INFO: [ app_init ] --END-- [ RunTime:0.000281s ]
ERR: 无法加载模块:Public

[ 2019-04-09T21:14:06+08:00 ] 127.0.0.1 /Public/Uploads/sm_20190409/5cac9a99c6ac0.jpg
INFO: [ app_init ] --START--
INFO: Run Behavior\BuildLiteBehavior [ RunTime:0.000009s ]
INFO: [ app_init ] --END-- [ RunTime:0.000428s ]

[ 2019-04-09T21:14:51+08:00 ] 127.0.0.1 /Public/Uploads/sm_20190409/5cac9a99c6ac0.jpg
INFO: [ app_init ] --START--
INFO: Run Behavior\BuildLiteBehavior [ RunTime:0.000009s ]
INFO: [ app_init ] --END-- [ RunTime:0.000407s ]

[ 2019-04-09T21:20:27+08:00 ] 127.0.0.1 /Public/Uploads/sm_20190409/5cac9a99c6ac0.jpg
INFO: [ app_init ] --START--
INFO: Run Behavior\BuildLiteBehavior [ RunTime:0.000006s ]
INFO: [ app_init ] --END-- [ RunTime:0.000266s ]

[ 2019-04-09T21:20:28+08:00 ] 127.0.0.1 /Public/Uploads/sm_20190409/5cac9a99c6ac0.jpg
INFO: [ app_init ] --START--
INFO: Run Behavior\BuildLiteBehavior [ RunTime:0.000007s ]
INFO: [ app_init ] --END-- [ RunTime:0.000370s ]

[ 2019-04-09T21:20:31+08:00 ] 127.0.0.1 /Public/Uploads/sm_20190409/5cac9a99c6ac0.jpg
INFO: [ app_init ] --START--
INFO: Run Behavior\BuildLiteBehavior [ RunTime:0.000008s ]
INFO: [ app_init ] --END-- [ RunTime:0.000375s ]

