[ 2019-04-13T09:37:49+08:00 ] 127.0.0.1 /index.php?m=admin&c=login&a=login
INFO: [ app_init ] --START--
INFO: Run Behavior\BuildLiteBehavior [ RunTime:0.000030s ]
INFO: [ app_init ] --END-- [ RunTime:0.019469s ]
INFO: [ app_begin ] --START--
INFO: Run Behavior\ReadHtmlCacheBehavior [ RunTime:0.031979s ]
INFO: [ app_begin ] --END-- [ RunTime:0.032036s ]
INFO: [ view_parse ] --START--
INFO: [ template_filter ] --START--
INFO: Run Behavior\ContentReplaceBehavior [ RunTime:0.000111s ]
INFO: [ template_filter ] --END-- [ RunTime:0.000147s ]
INFO: Run Behavior\ParseTemplateBehavior [ RunTime:0.118436s ]
INFO: [ view_parse ] --END-- [ RunTime:0.118486s ]
INFO: [ view_filter ] --START--
INFO: Run Behavior\WriteHtmlCacheBehavior [ RunTime:0.013321s ]
INFO: [ view_filter ] --END-- [ RunTime:0.013382s ]
INFO: [ app_end ] --START--
INFO: Run Behavior\ShowPageTraceBehavior [ RunTime:0.011572s ]
INFO: [ app_end ] --END-- [ RunTime:0.011621s ]

[ 2019-04-13T09:37:49+08:00 ] 127.0.0.1 /index.php?m=admin&c=login&a=code
INFO: [ app_init ] --START--
INFO: Run Behavior\BuildLiteBehavior [ RunTime:0.000009s ]
INFO: [ app_init ] --END-- [ RunTime:0.000506s ]
INFO: [ app_begin ] --START--
INFO: Run Behavior\ReadHtmlCacheBehavior [ RunTime:0.000633s ]
INFO: [ app_begin ] --END-- [ RunTime:0.000666s ]
INFO: [ app_end ] --START--
INFO: Run Behavior\ShowPageTraceBehavior [ RunTime:0.000780s ]
INFO: [ app_end ] --END-- [ RunTime:0.000829s ]

[ 2019-04-13T09:38:06+08:00 ] 127.0.0.1 /index.php?m=admin&c=login&a=dologin
INFO: [ app_init ] --START--
INFO: Run Behavior\BuildLiteBehavior [ RunTime:0.000012s ]
INFO: [ app_init ] --END-- [ RunTime:0.000787s ]
INFO: [ app_begin ] --START--
INFO: Run Behavior\ReadHtmlCacheBehavior [ RunTime:0.001274s ]
INFO: [ app_begin ] --END-- [ RunTime:0.001382s ]
NOTIC: [8] Undefined variable: id C:\xampp\htdocs\mybbs\Application\Admin\Controller\LoginController.class.php 第 22 行.
SQL: SHOW COLUMNS FROM `bbs_user` [ RunTime:0.0445s ]
SQL: SELECT * FROM `bbs_user` WHERE ( uname='南柱赫' ) LIMIT 1   [ RunTime:0.0027s ]
INFO: [ view_parse ] --START--
INFO: [ template_filter ] --START--
INFO: Run Behavior\ContentReplaceBehavior [ RunTime:0.000033s ]
INFO: [ template_filter ] --END-- [ RunTime:0.000077s ]
INFO: Run Behavior\ParseTemplateBehavior [ RunTime:0.028680s ]
INFO: [ view_parse ] --END-- [ RunTime:0.028743s ]
INFO: [ view_filter ] --START--
INFO: Run Behavior\WriteHtmlCacheBehavior [ RunTime:0.000563s ]
INFO: [ view_filter ] --END-- [ RunTime:0.000599s ]
INFO: [ app_end ] --START--
INFO: Run Behavior\ShowPageTraceBehavior [ RunTime:0.001011s ]
INFO: [ app_end ] --END-- [ RunTime:0.001047s ]

[ 2019-04-13T09:38:07+08:00 ] 127.0.0.1 /index.php?m=admin&c=index&a=index
INFO: [ app_init ] --START--
INFO: Run Behavior\BuildLiteBehavior [ RunTime:0.000009s ]
INFO: [ app_init ] --END-- [ RunTime:0.000485s ]
INFO: [ app_begin ] --START--
INFO: Run Behavior\ReadHtmlCacheBehavior [ RunTime:0.000806s ]
INFO: [ app_begin ] --END-- [ RunTime:0.000841s ]
INFO: [ view_parse ] --START--
INFO: [ template_filter ] --START--
INFO: Run Behavior\ContentReplaceBehavior [ RunTime:0.000060s ]
INFO: [ template_filter ] --END-- [ RunTime:0.000107s ]
INFO: Run Behavior\ParseTemplateBehavior [ RunTime:0.019629s ]
INFO: [ view_parse ] --END-- [ RunTime:0.019686s ]
INFO: [ view_filter ] --START--
INFO: Run Behavior\WriteHtmlCacheBehavior [ RunTime:0.000648s ]
INFO: [ view_filter ] --END-- [ RunTime:0.000682s ]
INFO: [ app_end ] --START--
INFO: Run Behavior\ShowPageTraceBehavior [ RunTime:0.000997s ]
INFO: [ app_end ] --END-- [ RunTime:0.001034s ]

[ 2019-04-13T09:38:15+08:00 ] 127.0.0.1 /index.php?m=admin&c=cate&a=index
INFO: [ app_init ] --START--
INFO: Run Behavior\BuildLiteBehavior [ RunTime:0.000028s ]
INFO: [ app_init ] --END-- [ RunTime:0.001691s ]
INFO: [ app_begin ] --START--
INFO: Run Behavior\ReadHtmlCacheBehavior [ RunTime:0.002604s ]
INFO: [ app_begin ] --END-- [ RunTime:0.002696s ]
SQL: SHOW COLUMNS FROM `bbs_cate` [ RunTime:0.0453s ]
SQL: SELECT * FROM `bbs_cate`  [ RunTime:0.0004s ]
SQL: SHOW COLUMNS FROM `bbs_part` [ RunTime:0.0312s ]
SQL: SELECT * FROM `bbs_part`  [ RunTime:0.0014s ]
SQL: SHOW COLUMNS FROM `bbs_user` [ RunTime:0.0158s ]
SQL: SELECT * FROM `bbs_user`  [ RunTime:0.0005s ]
INFO: [ view_parse ] --START--
INFO: [ template_filter ] --START--
INFO: Run Behavior\ContentReplaceBehavior [ RunTime:0.000060s ]
INFO: [ template_filter ] --END-- [ RunTime:0.000111s ]
INFO: Run Behavior\ParseTemplateBehavior [ RunTime:0.038500s ]
INFO: [ view_parse ] --END-- [ RunTime:0.038556s ]
INFO: [ view_filter ] --START--
INFO: Run Behavior\WriteHtmlCacheBehavior [ RunTime:0.000862s ]
INFO: [ view_filter ] --END-- [ RunTime:0.000900s ]
INFO: [ app_end ] --START--
INFO: Run Behavior\ShowPageTraceBehavior [ RunTime:0.001275s ]
INFO: [ app_end ] --END-- [ RunTime:0.001319s ]

[ 2019-04-13T09:38:18+08:00 ] 127.0.0.1 /index.php?m=admin&c=cate&a=create
INFO: [ app_init ] --START--
INFO: Run Behavior\BuildLiteBehavior [ RunTime:0.000010s ]
INFO: [ app_init ] --END-- [ RunTime:0.000518s ]
INFO: [ app_begin ] --START--
INFO: Run Behavior\ReadHtmlCacheBehavior [ RunTime:0.000910s ]
INFO: [ app_begin ] --END-- [ RunTime:0.000953s ]
SQL: SHOW COLUMNS FROM `bbs_part` [ RunTime:0.0314s ]
SQL: SELECT * FROM `bbs_part`  [ RunTime:0.0003s ]
SQL: SHOW COLUMNS FROM `bbs_user` [ RunTime:0.0152s ]
SQL: SELECT * FROM `bbs_user` WHERE ( auth<3 )  [ RunTime:0.0004s ]
INFO: [ view_parse ] --START--
INFO: [ template_filter ] --START--
INFO: Run Behavior\ContentReplaceBehavior [ RunTime:0.000067s ]
INFO: [ template_filter ] --END-- [ RunTime:0.000139s ]
INFO: Run Behavior\ParseTemplateBehavior [ RunTime:0.032562s ]
INFO: [ view_parse ] --END-- [ RunTime:0.032625s ]
INFO: [ view_filter ] --START--
INFO: Run Behavior\WriteHtmlCacheBehavior [ RunTime:0.000521s ]
INFO: [ view_filter ] --END-- [ RunTime:0.000576s ]
INFO: [ app_end ] --START--
INFO: Run Behavior\ShowPageTraceBehavior [ RunTime:0.000952s ]
INFO: [ app_end ] --END-- [ RunTime:0.000990s ]

[ 2019-04-13T09:38:19+08:00 ] 127.0.0.1 /index.php?m=admin&c=part&a=index
INFO: [ app_init ] --START--
INFO: Run Behavior\BuildLiteBehavior [ RunTime:0.000015s ]
INFO: [ app_init ] --END-- [ RunTime:0.000872s ]
INFO: [ app_begin ] --START--
INFO: Run Behavior\ReadHtmlCacheBehavior [ RunTime:0.001076s ]
INFO: [ app_begin ] --END-- [ RunTime:0.001128s ]
SQL: SHOW COLUMNS FROM `bbs_part` [ RunTime:0.0157s ]
SQL: SELECT * FROM `bbs_part`  [ RunTime:0.0002s ]
INFO: [ view_parse ] --START--
INFO: [ template_filter ] --START--
INFO: Run Behavior\ContentReplaceBehavior [ RunTime:0.000059s ]
INFO: [ template_filter ] --END-- [ RunTime:0.000124s ]
INFO: Run Behavior\ParseTemplateBehavior [ RunTime:0.015734s ]
INFO: [ view_parse ] --END-- [ RunTime:0.015772s ]
INFO: [ view_filter ] --START--
INFO: Run Behavior\WriteHtmlCacheBehavior [ RunTime:0.000383s ]
INFO: [ view_filter ] --END-- [ RunTime:0.000414s ]
INFO: [ app_end ] --START--
INFO: Run Behavior\ShowPageTraceBehavior [ RunTime:0.000631s ]
INFO: [ app_end ] --END-- [ RunTime:0.000662s ]

[ 2019-04-13T09:38:20+08:00 ] 127.0.0.1 /index.php?m=admin&c=part&a=create
INFO: [ app_init ] --START--
INFO: Run Behavior\BuildLiteBehavior [ RunTime:0.000007s ]
INFO: [ app_init ] --END-- [ RunTime:0.000332s ]
INFO: [ app_begin ] --START--
INFO: Run Behavior\ReadHtmlCacheBehavior [ RunTime:0.000892s ]
INFO: [ app_begin ] --END-- [ RunTime:0.000934s ]
INFO: [ view_parse ] --START--
INFO: [ template_filter ] --START--
INFO: Run Behavior\ContentReplaceBehavior [ RunTime:0.000049s ]
INFO: [ template_filter ] --END-- [ RunTime:0.000103s ]
INFO: Run Behavior\ParseTemplateBehavior [ RunTime:0.029802s ]
INFO: [ view_parse ] --END-- [ RunTime:0.029837s ]
INFO: [ view_filter ] --START--
INFO: Run Behavior\WriteHtmlCacheBehavior [ RunTime:0.000321s ]
INFO: [ view_filter ] --END-- [ RunTime:0.000341s ]
INFO: [ app_end ] --START--
INFO: Run Behavior\ShowPageTraceBehavior [ RunTime:0.000557s ]
INFO: [ app_end ] --END-- [ RunTime:0.000576s ]

[ 2019-04-13T09:38:23+08:00 ] 127.0.0.1 /index.php?m=admin&c=user&a=index
INFO: [ app_init ] --START--
INFO: Run Behavior\BuildLiteBehavior [ RunTime:0.000008s ]
INFO: [ app_init ] --END-- [ RunTime:0.000391s ]
INFO: [ app_begin ] --START--
INFO: Run Behavior\ReadHtmlCacheBehavior [ RunTime:0.000942s ]
INFO: [ app_begin ] --END-- [ RunTime:0.000985s ]
SQL: SHOW COLUMNS FROM `bbs_user` [ RunTime:0.0164s ]
SQL: SELECT COUNT(*) AS tp_count FROM `bbs_user` LIMIT 1   [ RunTime:0.0012s ]
SQL: SELECT * FROM `bbs_user` LIMIT 0,3   [ RunTime:0.0007s ]
INFO: [ view_parse ] --START--
INFO: [ template_filter ] --START--
INFO: Run Behavior\ContentReplaceBehavior [ RunTime:0.000064s ]
INFO: [ template_filter ] --END-- [ RunTime:0.000110s ]
INFO: Run Behavior\ParseTemplateBehavior [ RunTime:0.026582s ]
INFO: [ view_parse ] --END-- [ RunTime:0.026644s ]
INFO: [ view_filter ] --START--
INFO: Run Behavior\WriteHtmlCacheBehavior [ RunTime:0.000914s ]
INFO: [ view_filter ] --END-- [ RunTime:0.000996s ]
INFO: [ app_end ] --START--
INFO: Run Behavior\ShowPageTraceBehavior [ RunTime:0.001200s ]
INFO: [ app_end ] --END-- [ RunTime:0.001274s ]

[ 2019-04-13T09:38:27+08:00 ] 127.0.0.1 /index.php?m=admin&c=user&a=edit&uid=2
INFO: [ app_init ] --START--
INFO: Run Behavior\BuildLiteBehavior [ RunTime:0.000015s ]
INFO: [ app_init ] --END-- [ RunTime:0.001329s ]
INFO: [ app_begin ] --START--
INFO: Run Behavior\ReadHtmlCacheBehavior [ RunTime:0.001029s ]
INFO: [ app_begin ] --END-- [ RunTime:0.001075s ]
SQL: SHOW COLUMNS FROM `bbs_user` [ RunTime:0.0174s ]
SQL: SELECT * FROM `bbs_user` WHERE `uid` = 2 LIMIT 1   [ RunTime:0.0004s ]
INFO: [ view_parse ] --START--
INFO: [ template_filter ] --START--
INFO: Run Behavior\ContentReplaceBehavior [ RunTime:0.000082s ]
INFO: [ template_filter ] --END-- [ RunTime:0.000165s ]
INFO: Run Behavior\ParseTemplateBehavior [ RunTime:0.087192s ]
INFO: [ view_parse ] --END-- [ RunTime:0.087248s ]
INFO: [ view_filter ] --START--
INFO: Run Behavior\WriteHtmlCacheBehavior [ RunTime:0.000801s ]
INFO: [ view_filter ] --END-- [ RunTime:0.000846s ]
INFO: [ app_end ] --START--
INFO: Run Behavior\ShowPageTraceBehavior [ RunTime:0.001421s ]
INFO: [ app_end ] --END-- [ RunTime:0.001468s ]

[ 2019-04-13T09:38:32+08:00 ] 127.0.0.1 /index.php?m=admin&c=user&a=edit&uid=1
INFO: [ app_init ] --START--
INFO: Run Behavior\BuildLiteBehavior [ RunTime:0.000012s ]
INFO: [ app_init ] --END-- [ RunTime:0.000757s ]
INFO: [ app_begin ] --START--
INFO: Run Behavior\ReadHtmlCacheBehavior [ RunTime:0.001009s ]
INFO: [ app_begin ] --END-- [ RunTime:0.001074s ]
SQL: SHOW COLUMNS FROM `bbs_user` [ RunTime:0.0242s ]
SQL: SELECT * FROM `bbs_user` WHERE `uid` = 1 LIMIT 1   [ RunTime:0.0004s ]
INFO: [ view_parse ] --START--
INFO: [ template_filter ] --START--
INFO: Run Behavior\ContentReplaceBehavior [ RunTime:0.000058s ]
INFO: [ template_filter ] --END-- [ RunTime:0.000123s ]
INFO: Run Behavior\ParseTemplateBehavior [ RunTime:0.009701s ]
INFO: [ view_parse ] --END-- [ RunTime:0.009755s ]
INFO: [ view_filter ] --START--
INFO: Run Behavior\WriteHtmlCacheBehavior [ RunTime:0.000785s ]
INFO: [ view_filter ] --END-- [ RunTime:0.000839s ]
INFO: [ app_end ] --START--
INFO: Run Behavior\ShowPageTraceBehavior [ RunTime:0.000926s ]
INFO: [ app_end ] --END-- [ RunTime:0.000971s ]

[ 2019-04-13T09:38:35+08:00 ] 127.0.0.1 /index.php?m=admin&c=user&a=edit&uid=3
INFO: [ app_init ] --START--
INFO: Run Behavior\BuildLiteBehavior [ RunTime:0.000012s ]
INFO: [ app_init ] --END-- [ RunTime:0.000621s ]
INFO: [ app_begin ] --START--
INFO: Run Behavior\ReadHtmlCacheBehavior [ RunTime:0.000899s ]
INFO: [ app_begin ] --END-- [ RunTime:0.000943s ]
SQL: SHOW COLUMNS FROM `bbs_user` [ RunTime:0.0236s ]
SQL: SELECT * FROM `bbs_user` WHERE `uid` = 3 LIMIT 1   [ RunTime:0.0003s ]
INFO: [ view_parse ] --START--
INFO: [ template_filter ] --START--
INFO: Run Behavior\ContentReplaceBehavior [ RunTime:0.000059s ]
INFO: [ template_filter ] --END-- [ RunTime:0.000107s ]
INFO: Run Behavior\ParseTemplateBehavior [ RunTime:0.008673s ]
INFO: [ view_parse ] --END-- [ RunTime:0.008751s ]
INFO: [ view_filter ] --START--
INFO: Run Behavior\WriteHtmlCacheBehavior [ RunTime:0.000772s ]
INFO: [ view_filter ] --END-- [ RunTime:0.000860s ]
INFO: [ app_end ] --START--
INFO: Run Behavior\ShowPageTraceBehavior [ RunTime:0.001396s ]
INFO: [ app_end ] --END-- [ RunTime:0.001465s ]

[ 2019-04-13T09:38:39+08:00 ] 127.0.0.1 /index.php/Admin/User/index/p/2.html
INFO: [ app_init ] --START--
INFO: Run Behavior\BuildLiteBehavior [ RunTime:0.000015s ]
INFO: [ app_init ] --END-- [ RunTime:0.000891s ]
INFO: [ app_begin ] --START--
INFO: Run Behavior\ReadHtmlCacheBehavior [ RunTime:0.001051s ]
INFO: [ app_begin ] --END-- [ RunTime:0.001110s ]
SQL: SHOW COLUMNS FROM `bbs_user` [ RunTime:0.0186s ]
SQL: SELECT COUNT(*) AS tp_count FROM `bbs_user` LIMIT 1   [ RunTime:0.0004s ]
SQL: SELECT * FROM `bbs_user` LIMIT 3,3   [ RunTime:0.0003s ]
INFO: [ view_parse ] --START--
INFO: [ template_filter ] --START--
INFO: Run Behavior\ContentReplaceBehavior [ RunTime:0.000065s ]
INFO: [ template_filter ] --END-- [ RunTime:0.000129s ]
INFO: Run Behavior\ParseTemplateBehavior [ RunTime:0.011518s ]
INFO: [ view_parse ] --END-- [ RunTime:0.011569s ]
INFO: [ view_filter ] --START--
INFO: Run Behavior\WriteHtmlCacheBehavior [ RunTime:0.000388s ]
INFO: [ view_filter ] --END-- [ RunTime:0.000413s ]
INFO: [ app_end ] --START--
INFO: Run Behavior\ShowPageTraceBehavior [ RunTime:0.000921s ]
INFO: [ app_end ] --END-- [ RunTime:0.000963s ]

[ 2019-04-13T09:38:41+08:00 ] 127.0.0.1 /index.php?m=admin&c=user&a=edit&uid=4
INFO: [ app_init ] --START--
INFO: Run Behavior\BuildLiteBehavior [ RunTime:0.000007s ]
INFO: [ app_init ] --END-- [ RunTime:0.000413s ]
INFO: [ app_begin ] --START--
INFO: Run Behavior\ReadHtmlCacheBehavior [ RunTime:0.000899s ]
INFO: [ app_begin ] --END-- [ RunTime:0.000949s ]
SQL: SHOW COLUMNS FROM `bbs_user` [ RunTime:0.0159s ]
SQL: SELECT * FROM `bbs_user` WHERE `uid` = 4 LIMIT 1   [ RunTime:0.0002s ]
INFO: [ view_parse ] --START--
INFO: [ template_filter ] --START--
INFO: Run Behavior\ContentReplaceBehavior [ RunTime:0.000065s ]
INFO: [ template_filter ] --END-- [ RunTime:0.000129s ]
INFO: Run Behavior\ParseTemplateBehavior [ RunTime:0.010739s ]
INFO: [ view_parse ] --END-- [ RunTime:0.010808s ]
INFO: [ view_filter ] --START--
INFO: Run Behavior\WriteHtmlCacheBehavior [ RunTime:0.000761s ]
INFO: [ view_filter ] --END-- [ RunTime:0.000836s ]
INFO: [ app_end ] --START--
INFO: Run Behavior\ShowPageTraceBehavior [ RunTime:0.001256s ]
INFO: [ app_end ] --END-- [ RunTime:0.001315s ]

[ 2019-04-13T09:38:44+08:00 ] 127.0.0.1 /index.php?m=admin&c=user&a=edit&uid=5
INFO: [ app_init ] --START--
INFO: Run Behavior\BuildLiteBehavior [ RunTime:0.000023s ]
INFO: [ app_init ] --END-- [ RunTime:0.001007s ]
INFO: [ app_begin ] --START--
INFO: Run Behavior\ReadHtmlCacheBehavior [ RunTime:0.000707s ]
INFO: [ app_begin ] --END-- [ RunTime:0.000744s ]
SQL: SHOW COLUMNS FROM `bbs_user` [ RunTime:0.0264s ]
SQL: SELECT * FROM `bbs_user` WHERE `uid` = 5 LIMIT 1   [ RunTime:0.0002s ]
INFO: [ view_parse ] --START--
INFO: [ template_filter ] --START--
INFO: Run Behavior\ContentReplaceBehavior [ RunTime:0.000026s ]
INFO: [ template_filter ] --END-- [ RunTime:0.000047s ]
INFO: Run Behavior\ParseTemplateBehavior [ RunTime:0.006052s ]
INFO: [ view_parse ] --END-- [ RunTime:0.006096s ]
INFO: [ view_filter ] --START--
INFO: Run Behavior\WriteHtmlCacheBehavior [ RunTime:0.000425s ]
INFO: [ view_filter ] --END-- [ RunTime:0.000461s ]
INFO: [ app_end ] --START--
INFO: Run Behavior\ShowPageTraceBehavior [ RunTime:0.000485s ]
INFO: [ app_end ] --END-- [ RunTime:0.000510s ]

[ 2019-04-13T09:38:48+08:00 ] 127.0.0.1 /index.php?m=admin&c=user&a=edit&uid=6
INFO: [ app_init ] --START--
INFO: Run Behavior\BuildLiteBehavior [ RunTime:0.000006s ]
INFO: [ app_init ] --END-- [ RunTime:0.000311s ]
INFO: [ app_begin ] --START--
INFO: Run Behavior\ReadHtmlCacheBehavior [ RunTime:0.000452s ]
INFO: [ app_begin ] --END-- [ RunTime:0.000476s ]
SQL: SHOW COLUMNS FROM `bbs_user` [ RunTime:0.0149s ]
SQL: SELECT * FROM `bbs_user` WHERE `uid` = 6 LIMIT 1   [ RunTime:0.0002s ]
INFO: [ view_parse ] --START--
INFO: [ template_filter ] --START--
INFO: Run Behavior\ContentReplaceBehavior [ RunTime:0.000089s ]
INFO: [ template_filter ] --END-- [ RunTime:0.000185s ]
INFO: Run Behavior\ParseTemplateBehavior [ RunTime:0.008434s ]
INFO: [ view_parse ] --END-- [ RunTime:0.008476s ]
INFO: [ view_filter ] --START--
INFO: Run Behavior\WriteHtmlCacheBehavior [ RunTime:0.000299s ]
INFO: [ view_filter ] --END-- [ RunTime:0.000317s ]
INFO: [ app_end ] --START--
INFO: Run Behavior\ShowPageTraceBehavior [ RunTime:0.000695s ]
INFO: [ app_end ] --END-- [ RunTime:0.000723s ]

[ 2019-04-13T09:38:51+08:00 ] 127.0.0.1 /index.php/Admin/User/index/p/3.html
INFO: [ app_init ] --START--
INFO: Run Behavior\BuildLiteBehavior [ RunTime:0.000009s ]
INFO: [ app_init ] --END-- [ RunTime:0.000419s ]
INFO: [ app_begin ] --START--
INFO: Run Behavior\ReadHtmlCacheBehavior [ RunTime:0.000749s ]
INFO: [ app_begin ] --END-- [ RunTime:0.000815s ]
SQL: SHOW COLUMNS FROM `bbs_user` [ RunTime:0.0284s ]
SQL: SELECT COUNT(*) AS tp_count FROM `bbs_user` LIMIT 1   [ RunTime:0.0003s ]
SQL: SELECT * FROM `bbs_user` LIMIT 6,3   [ RunTime:0.0009s ]
INFO: [ view_parse ] --START--
INFO: [ template_filter ] --START--
INFO: Run Behavior\ContentReplaceBehavior [ RunTime:0.000092s ]
INFO: [ template_filter ] --END-- [ RunTime:0.000190s ]
INFO: Run Behavior\ParseTemplateBehavior [ RunTime:0.016341s ]
INFO: [ view_parse ] --END-- [ RunTime:0.016393s ]
INFO: [ view_filter ] --START--
INFO: Run Behavior\WriteHtmlCacheBehavior [ RunTime:0.000501s ]
INFO: [ view_filter ] --END-- [ RunTime:0.000531s ]
INFO: [ app_end ] --START--
INFO: Run Behavior\ShowPageTraceBehavior [ RunTime:0.001142s ]
INFO: [ app_end ] --END-- [ RunTime:0.001215s ]

[ 2019-04-13T09:38:53+08:00 ] 127.0.0.1 /index.php?m=admin&c=user&a=edit&uid=8
INFO: [ app_init ] --START--
INFO: Run Behavior\BuildLiteBehavior [ RunTime:0.000017s ]
INFO: [ app_init ] --END-- [ RunTime:0.000761s ]
INFO: [ app_begin ] --START--
INFO: Run Behavior\ReadHtmlCacheBehavior [ RunTime:0.001198s ]
INFO: [ app_begin ] --END-- [ RunTime:0.001245s ]
SQL: SHOW COLUMNS FROM `bbs_user` [ RunTime:0.0258s ]
SQL: SELECT * FROM `bbs_user` WHERE `uid` = 8 LIMIT 1   [ RunTime:0.0003s ]
INFO: [ view_parse ] --START--
INFO: [ template_filter ] --START--
INFO: Run Behavior\ContentReplaceBehavior [ RunTime:0.000059s ]
INFO: [ template_filter ] --END-- [ RunTime:0.000107s ]
INFO: Run Behavior\ParseTemplateBehavior [ RunTime:0.013618s ]
INFO: [ view_parse ] --END-- [ RunTime:0.013674s ]
INFO: [ view_filter ] --START--
INFO: Run Behavior\WriteHtmlCacheBehavior [ RunTime:0.000889s ]
INFO: [ view_filter ] --END-- [ RunTime:0.000922s ]
INFO: [ app_end ] --START--
INFO: Run Behavior\ShowPageTraceBehavior [ RunTime:0.001708s ]
INFO: [ app_end ] --END-- [ RunTime:0.001806s ]

[ 2019-04-13T09:38:57+08:00 ] 127.0.0.1 /index.php?m=admin&c=user&a=edit&uid=9
INFO: [ app_init ] --START--
INFO: Run Behavior\BuildLiteBehavior [ RunTime:0.000011s ]
INFO: [ app_init ] --END-- [ RunTime:0.000594s ]
INFO: [ app_begin ] --START--
INFO: Run Behavior\ReadHtmlCacheBehavior [ RunTime:0.001106s ]
INFO: [ app_begin ] --END-- [ RunTime:0.001185s ]
SQL: SHOW COLUMNS FROM `bbs_user` [ RunTime:0.0230s ]
SQL: SELECT * FROM `bbs_user` WHERE `uid` = 9 LIMIT 1   [ RunTime:0.0002s ]
INFO: [ view_parse ] --START--
INFO: [ template_filter ] --START--
INFO: Run Behavior\ContentReplaceBehavior [ RunTime:0.000090s ]
INFO: [ template_filter ] --END-- [ RunTime:0.000187s ]
INFO: Run Behavior\ParseTemplateBehavior [ RunTime:0.012624s ]
INFO: [ view_parse ] --END-- [ RunTime:0.012690s ]
INFO: [ view_filter ] --START--
INFO: Run Behavior\WriteHtmlCacheBehavior [ RunTime:0.000824s ]
INFO: [ view_filter ] --END-- [ RunTime:0.000877s ]
INFO: [ app_end ] --START--
INFO: Run Behavior\ShowPageTraceBehavior [ RunTime:0.001060s ]
INFO: [ app_end ] --END-- [ RunTime:0.001102s ]

[ 2019-04-13T09:38:59+08:00 ] 127.0.0.1 /index.php/Admin/User/index/p/4.html
INFO: [ app_init ] --START--
INFO: Run Behavior\BuildLiteBehavior [ RunTime:0.000010s ]
INFO: [ app_init ] --END-- [ RunTime:0.000608s ]
INFO: [ app_begin ] --START--
INFO: Run Behavior\ReadHtmlCacheBehavior [ RunTime:0.000759s ]
INFO: [ app_begin ] --END-- [ RunTime:0.000801s ]
SQL: SHOW COLUMNS FROM `bbs_user` [ RunTime:0.0300s ]
SQL: SELECT COUNT(*) AS tp_count FROM `bbs_user` LIMIT 1   [ RunTime:0.0004s ]
SQL: SELECT * FROM `bbs_user` LIMIT 9,3   [ RunTime:0.0004s ]
INFO: [ view_parse ] --START--
INFO: [ template_filter ] --START--
INFO: Run Behavior\ContentReplaceBehavior [ RunTime:0.000062s ]
INFO: [ template_filter ] --END-- [ RunTime:0.000109s ]
INFO: Run Behavior\ParseTemplateBehavior [ RunTime:0.013435s ]
INFO: [ view_parse ] --END-- [ RunTime:0.013518s ]
INFO: [ view_filter ] --START--
INFO: Run Behavior\WriteHtmlCacheBehavior [ RunTime:0.000631s ]
INFO: [ view_filter ] --END-- [ RunTime:0.000675s ]
INFO: [ app_end ] --START--
INFO: Run Behavior\ShowPageTraceBehavior [ RunTime:0.000798s ]
INFO: [ app_end ] --END-- [ RunTime:0.000831s ]

[ 2019-04-13T09:39:02+08:00 ] 127.0.0.1 /index.php?m=admin&c=user&a=edit&uid=21
INFO: [ app_init ] --START--
INFO: Run Behavior\BuildLiteBehavior [ RunTime:0.000011s ]
INFO: [ app_init ] --END-- [ RunTime:0.000541s ]
INFO: [ app_begin ] --START--
INFO: Run Behavior\ReadHtmlCacheBehavior [ RunTime:0.000972s ]
INFO: [ app_begin ] --END-- [ RunTime:0.001021s ]
SQL: SHOW COLUMNS FROM `bbs_user` [ RunTime:0.0158s ]
SQL: SELECT * FROM `bbs_user` WHERE `uid` = 21 LIMIT 1   [ RunTime:0.0004s ]
INFO: [ view_parse ] --START--
INFO: [ template_filter ] --START--
INFO: Run Behavior\ContentReplaceBehavior [ RunTime:0.000044s ]
INFO: [ template_filter ] --END-- [ RunTime:0.000080s ]
INFO: Run Behavior\ParseTemplateBehavior [ RunTime:0.008217s ]
INFO: [ view_parse ] --END-- [ RunTime:0.008271s ]
INFO: [ view_filter ] --START--
INFO: Run Behavior\WriteHtmlCacheBehavior [ RunTime:0.000593s ]
INFO: [ view_filter ] --END-- [ RunTime:0.000630s ]
INFO: [ app_end ] --START--
INFO: Run Behavior\ShowPageTraceBehavior [ RunTime:0.001027s ]
INFO: [ app_end ] --END-- [ RunTime:0.001064s ]

[ 2019-04-13T09:39:05+08:00 ] 127.0.0.1 /index.php?m=admin&c=user&a=edit&uid=10
INFO: [ app_init ] --START--
INFO: Run Behavior\BuildLiteBehavior [ RunTime:0.000014s ]
INFO: [ app_init ] --END-- [ RunTime:0.000678s ]
INFO: [ app_begin ] --START--
INFO: Run Behavior\ReadHtmlCacheBehavior [ RunTime:0.000837s ]
INFO: [ app_begin ] --END-- [ RunTime:0.000880s ]
SQL: SHOW COLUMNS FROM `bbs_user` [ RunTime:0.0229s ]
SQL: SELECT * FROM `bbs_user` WHERE `uid` = 10 LIMIT 1   [ RunTime:0.0003s ]
INFO: [ view_parse ] --START--
INFO: [ template_filter ] --START--
INFO: Run Behavior\ContentReplaceBehavior [ RunTime:0.000069s ]
INFO: [ template_filter ] --END-- [ RunTime:0.000136s ]
INFO: Run Behavior\ParseTemplateBehavior [ RunTime:0.010737s ]
INFO: [ view_parse ] --END-- [ RunTime:0.010803s ]
INFO: [ view_filter ] --START--
INFO: Run Behavior\WriteHtmlCacheBehavior [ RunTime:0.000765s ]
INFO: [ view_filter ] --END-- [ RunTime:0.000821s ]
INFO: [ app_end ] --START--
INFO: Run Behavior\ShowPageTraceBehavior [ RunTime:0.001368s ]
INFO: [ app_end ] --END-- [ RunTime:0.001441s ]

[ 2019-04-13T09:39:13+08:00 ] 127.0.0.1 /index.php?m=admin&c=user&a=edit&uid=21
INFO: [ app_init ] --START--
INFO: Run Behavior\BuildLiteBehavior [ RunTime:0.000011s ]
INFO: [ app_init ] --END-- [ RunTime:0.000583s ]
INFO: [ app_begin ] --START--
INFO: Run Behavior\ReadHtmlCacheBehavior [ RunTime:0.000933s ]
INFO: [ app_begin ] --END-- [ RunTime:0.000976s ]
SQL: SHOW COLUMNS FROM `bbs_user` [ RunTime:0.0197s ]
SQL: SELECT * FROM `bbs_user` WHERE `uid` = 21 LIMIT 1   [ RunTime:0.0003s ]
INFO: [ view_parse ] --START--
INFO: [ template_filter ] --START--
INFO: Run Behavior\ContentReplaceBehavior [ RunTime:0.000058s ]
INFO: [ template_filter ] --END-- [ RunTime:0.000094s ]
INFO: Run Behavior\ParseTemplateBehavior [ RunTime:0.006701s ]
INFO: [ view_parse ] --END-- [ RunTime:0.006732s ]
INFO: [ view_filter ] --START--
INFO: Run Behavior\WriteHtmlCacheBehavior [ RunTime:0.000268s ]
INFO: [ view_filter ] --END-- [ RunTime:0.000284s ]
INFO: [ app_end ] --START--
INFO: Run Behavior\ShowPageTraceBehavior [ RunTime:0.000931s ]
INFO: [ app_end ] --END-- [ RunTime:0.000961s ]

[ 2019-04-13T09:45:55+08:00 ] 127.0.0.1 /index.php?m=admin&c=user&a=edit&uid=21
INFO: [ app_init ] --START--
INFO: Run Behavior\BuildLiteBehavior [ RunTime:0.000007s ]
INFO: [ app_init ] --END-- [ RunTime:0.000374s ]
INFO: [ app_begin ] --START--
INFO: Run Behavior\ReadHtmlCacheBehavior [ RunTime:0.000744s ]
INFO: [ app_begin ] --END-- [ RunTime:0.000778s ]
SQL: SHOW COLUMNS FROM `bbs_user` [ RunTime:0.0133s ]
SQL: SELECT * FROM `bbs_user` WHERE `uid` = 21 LIMIT 1   [ RunTime:0.0003s ]
INFO: [ view_parse ] --START--
INFO: [ template_filter ] --START--
INFO: Run Behavior\ContentReplaceBehavior [ RunTime:0.000028s ]
INFO: [ template_filter ] --END-- [ RunTime:0.000046s ]
INFO: Run Behavior\ParseTemplateBehavior [ RunTime:0.037908s ]
INFO: [ view_parse ] --END-- [ RunTime:0.037957s ]
INFO: [ view_filter ] --START--
INFO: Run Behavior\WriteHtmlCacheBehavior [ RunTime:0.001148s ]
INFO: [ view_filter ] --END-- [ RunTime:0.001185s ]
INFO: [ app_end ] --START--
INFO: Run Behavior\ShowPageTraceBehavior [ RunTime:0.001294s ]
INFO: [ app_end ] --END-- [ RunTime:0.001359s ]

[ 2019-04-13T09:45:55+08:00 ] 127.0.0.1 /index.php?m=admin&c=user&a=edit&uid=21
INFO: [ app_init ] --START--
INFO: Run Behavior\BuildLiteBehavior [ RunTime:0.000013s ]
INFO: [ app_init ] --END-- [ RunTime:0.000668s ]
INFO: [ app_begin ] --START--
INFO: Run Behavior\ReadHtmlCacheBehavior [ RunTime:0.001031s ]
INFO: [ app_begin ] --END-- [ RunTime:0.001088s ]
SQL: SHOW COLUMNS FROM `bbs_user` [ RunTime:0.0252s ]
SQL: SELECT * FROM `bbs_user` WHERE `uid` = 21 LIMIT 1   [ RunTime:0.0003s ]
INFO: [ view_parse ] --START--
INFO: [ template_filter ] --START--
INFO: Run Behavior\ContentReplaceBehavior [ RunTime:0.000061s ]
INFO: [ template_filter ] --END-- [ RunTime:0.000109s ]
INFO: Run Behavior\ParseTemplateBehavior [ RunTime:0.012391s ]
INFO: [ view_parse ] --END-- [ RunTime:0.012436s ]
INFO: [ view_filter ] --START--
INFO: Run Behavior\WriteHtmlCacheBehavior [ RunTime:0.000583s ]
INFO: [ view_filter ] --END-- [ RunTime:0.000618s ]
INFO: [ app_end ] --START--
INFO: Run Behavior\ShowPageTraceBehavior [ RunTime:0.001005s ]
INFO: [ app_end ] --END-- [ RunTime:0.001047s ]

[ 2019-04-13T09:45:56+08:00 ] 127.0.0.1 /index.php?m=admin&c=user&a=edit&uid=21
INFO: [ app_init ] --START--
INFO: Run Behavior\BuildLiteBehavior [ RunTime:0.000008s ]
INFO: [ app_init ] --END-- [ RunTime:0.000531s ]
INFO: [ app_begin ] --START--
INFO: Run Behavior\ReadHtmlCacheBehavior [ RunTime:0.001126s ]
INFO: [ app_begin ] --END-- [ RunTime:0.001182s ]
SQL: SHOW COLUMNS FROM `bbs_user` [ RunTime:0.0375s ]
SQL: SELECT * FROM `bbs_user` WHERE `uid` = 21 LIMIT 1   [ RunTime:0.0004s ]
INFO: [ view_parse ] --START--
INFO: [ template_filter ] --START--
INFO: Run Behavior\ContentReplaceBehavior [ RunTime:0.000060s ]
INFO: [ template_filter ] --END-- [ RunTime:0.000114s ]
INFO: Run Behavior\ParseTemplateBehavior [ RunTime:0.014326s ]
INFO: [ view_parse ] --END-- [ RunTime:0.014382s ]
INFO: [ view_filter ] --START--
INFO: Run Behavior\WriteHtmlCacheBehavior [ RunTime:0.000527s ]
INFO: [ view_filter ] --END-- [ RunTime:0.000587s ]
INFO: [ app_end ] --START--
INFO: Run Behavior\ShowPageTraceBehavior [ RunTime:0.000845s ]
INFO: [ app_end ] --END-- [ RunTime:0.000882s ]

[ 2019-04-13T09:45:56+08:00 ] 127.0.0.1 /index.php?m=admin&c=user&a=edit&uid=21
INFO: [ app_init ] --START--
INFO: Run Behavior\BuildLiteBehavior [ RunTime:0.000008s ]
INFO: [ app_init ] --END-- [ RunTime:0.000379s ]
INFO: [ app_begin ] --START--
INFO: Run Behavior\ReadHtmlCacheBehavior [ RunTime:0.000447s ]
INFO: [ app_begin ] --END-- [ RunTime:0.000477s ]
SQL: SHOW COLUMNS FROM `bbs_user` [ RunTime:0.0229s ]
SQL: SELECT * FROM `bbs_user` WHERE `uid` = 21 LIMIT 1   [ RunTime:0.0005s ]
INFO: [ view_parse ] --START--
INFO: [ template_filter ] --START--
INFO: Run Behavior\ContentReplaceBehavior [ RunTime:0.000122s ]
INFO: [ template_filter ] --END-- [ RunTime:0.000242s ]
INFO: Run Behavior\ParseTemplateBehavior [ RunTime:0.014787s ]
INFO: [ view_parse ] --END-- [ RunTime:0.014834s ]
INFO: [ view_filter ] --START--
INFO: Run Behavior\WriteHtmlCacheBehavior [ RunTime:0.000455s ]
INFO: [ view_filter ] --END-- [ RunTime:0.000481s ]
INFO: [ app_end ] --START--
INFO: Run Behavior\ShowPageTraceBehavior [ RunTime:0.000894s ]
INFO: [ app_end ] --END-- [ RunTime:0.000924s ]

[ 2019-04-13T09:46:00+08:00 ] 127.0.0.1 /index.php?m=admin&c=user&a=edit&uid=10
INFO: [ app_init ] --START--
INFO: Run Behavior\BuildLiteBehavior [ RunTime:0.000015s ]
INFO: [ app_init ] --END-- [ RunTime:0.000557s ]
INFO: [ app_begin ] --START--
INFO: Run Behavior\ReadHtmlCacheBehavior [ RunTime:0.000988s ]
INFO: [ app_begin ] --END-- [ RunTime:0.001055s ]
SQL: SHOW COLUMNS FROM `bbs_user` [ RunTime:0.0210s ]
SQL: SELECT * FROM `bbs_user` WHERE `uid` = 10 LIMIT 1   [ RunTime:0.0002s ]
INFO: [ view_parse ] --START--
INFO: [ template_filter ] --START--
INFO: Run Behavior\ContentReplaceBehavior [ RunTime:0.000027s ]
INFO: [ template_filter ] --END-- [ RunTime:0.000046s ]
INFO: Run Behavior\ParseTemplateBehavior [ RunTime:0.006996s ]
INFO: [ view_parse ] --END-- [ RunTime:0.007078s ]
INFO: [ view_filter ] --START--
INFO: Run Behavior\WriteHtmlCacheBehavior [ RunTime:0.000621s ]
INFO: [ view_filter ] --END-- [ RunTime:0.000645s ]
INFO: [ app_end ] --START--
INFO: Run Behavior\ShowPageTraceBehavior [ RunTime:0.000431s ]
INFO: [ app_end ] --END-- [ RunTime:0.000446s ]

[ 2019-04-13T09:46:03+08:00 ] 127.0.0.1 /index.php?m=admin&c=user&a=edit&uid=21
INFO: [ app_init ] --START--
INFO: Run Behavior\BuildLiteBehavior [ RunTime:0.000015s ]
INFO: [ app_init ] --END-- [ RunTime:0.000850s ]
INFO: [ app_begin ] --START--
INFO: Run Behavior\ReadHtmlCacheBehavior [ RunTime:0.001156s ]
INFO: [ app_begin ] --END-- [ RunTime:0.001206s ]
SQL: SHOW COLUMNS FROM `bbs_user` [ RunTime:0.0371s ]
SQL: SELECT * FROM `bbs_user` WHERE `uid` = 21 LIMIT 1   [ RunTime:0.0003s ]
INFO: [ view_parse ] --START--
INFO: [ template_filter ] --START--
INFO: Run Behavior\ContentReplaceBehavior [ RunTime:0.000050s ]
INFO: [ template_filter ] --END-- [ RunTime:0.000099s ]
INFO: Run Behavior\ParseTemplateBehavior [ RunTime:0.010207s ]
INFO: [ view_parse ] --END-- [ RunTime:0.010253s ]
INFO: [ view_filter ] --START--
INFO: Run Behavior\WriteHtmlCacheBehavior [ RunTime:0.000435s ]
INFO: [ view_filter ] --END-- [ RunTime:0.000468s ]
INFO: [ app_end ] --START--
INFO: Run Behavior\ShowPageTraceBehavior [ RunTime:0.000561s ]
INFO: [ app_end ] --END-- [ RunTime:0.000586s ]

[ 2019-04-13T09:46:06+08:00 ] 127.0.0.1 /index.php/Admin/User/index/p/1.html
INFO: [ app_init ] --START--
INFO: Run Behavior\BuildLiteBehavior [ RunTime:0.000011s ]
INFO: [ app_init ] --END-- [ RunTime:0.000637s ]
INFO: [ app_begin ] --START--
INFO: Run Behavior\ReadHtmlCacheBehavior [ RunTime:0.000906s ]
INFO: [ app_begin ] --END-- [ RunTime:0.000947s ]
SQL: SHOW COLUMNS FROM `bbs_user` [ RunTime:0.0237s ]
SQL: SELECT COUNT(*) AS tp_count FROM `bbs_user` LIMIT 1   [ RunTime:0.0002s ]
SQL: SELECT * FROM `bbs_user` LIMIT 0,3   [ RunTime:0.0003s ]
INFO: [ view_parse ] --START--
INFO: [ template_filter ] --START--
INFO: Run Behavior\ContentReplaceBehavior [ RunTime:0.000036s ]
INFO: [ template_filter ] --END-- [ RunTime:0.000063s ]
INFO: Run Behavior\ParseTemplateBehavior [ RunTime:0.006865s ]
INFO: [ view_parse ] --END-- [ RunTime:0.006919s ]
INFO: [ view_filter ] --START--
INFO: Run Behavior\WriteHtmlCacheBehavior [ RunTime:0.000410s ]
INFO: [ view_filter ] --END-- [ RunTime:0.000443s ]
INFO: [ app_end ] --START--
INFO: Run Behavior\ShowPageTraceBehavior [ RunTime:0.000704s ]
INFO: [ app_end ] --END-- [ RunTime:0.000741s ]

[ 2019-04-13T09:46:08+08:00 ] 127.0.0.1 /index.php?m=admin&c=user&a=edit&uid=1
INFO: [ app_init ] --START--
INFO: Run Behavior\BuildLiteBehavior [ RunTime:0.000011s ]
INFO: [ app_init ] --END-- [ RunTime:0.000619s ]
INFO: [ app_begin ] --START--
INFO: Run Behavior\ReadHtmlCacheBehavior [ RunTime:0.000892s ]
INFO: [ app_begin ] --END-- [ RunTime:0.000935s ]
SQL: SHOW COLUMNS FROM `bbs_user` [ RunTime:0.0256s ]
SQL: SELECT * FROM `bbs_user` WHERE `uid` = 1 LIMIT 1   [ RunTime:0.0004s ]
INFO: [ view_parse ] --START--
INFO: [ template_filter ] --START--
INFO: Run Behavior\ContentReplaceBehavior [ RunTime:0.000088s ]
INFO: [ template_filter ] --END-- [ RunTime:0.000185s ]
INFO: Run Behavior\ParseTemplateBehavior [ RunTime:0.011310s ]
INFO: [ view_parse ] --END-- [ RunTime:0.011381s ]
INFO: [ view_filter ] --START--
INFO: Run Behavior\WriteHtmlCacheBehavior [ RunTime:0.000771s ]
INFO: [ view_filter ] --END-- [ RunTime:0.000866s ]
INFO: [ app_end ] --START--
INFO: Run Behavior\ShowPageTraceBehavior [ RunTime:0.001264s ]
INFO: [ app_end ] --END-- [ RunTime:0.001341s ]

[ 2019-04-13T09:46:26+08:00 ] 127.0.0.1 /index.php?m=admin&c=user&a=update&uid=1
INFO: [ app_init ] --START--
INFO: Run Behavior\BuildLiteBehavior [ RunTime:0.000012s ]
INFO: [ app_init ] --END-- [ RunTime:0.000779s ]
INFO: [ app_begin ] --START--
INFO: Run Behavior\ReadHtmlCacheBehavior [ RunTime:0.001689s ]
INFO: [ app_begin ] --END-- [ RunTime:0.001744s ]
SQL: SHOW COLUMNS FROM `bbs_user` [ RunTime:0.0261s ]
SQL: UPDATE `bbs_user` SET `auth`='1',`uname`='金福珠',`upwd`='',`sex`='w' WHERE ( uid=1 ) [ RunTime:0.0080s ]
INFO: [ view_parse ] --START--
INFO: [ template_filter ] --START--
INFO: Run Behavior\ContentReplaceBehavior [ RunTime:0.000054s ]
INFO: [ template_filter ] --END-- [ RunTime:0.000165s ]
INFO: Run Behavior\ParseTemplateBehavior [ RunTime:0.035994s ]
INFO: [ view_parse ] --END-- [ RunTime:0.036064s ]
INFO: [ view_filter ] --START--
INFO: Run Behavior\WriteHtmlCacheBehavior [ RunTime:0.000863s ]
INFO: [ view_filter ] --END-- [ RunTime:0.000899s ]

[ 2019-04-13T09:46:34+08:00 ] 127.0.0.1 /index.php?m=admin&c=user&a=update&uid=1
INFO: [ app_init ] --START--
INFO: Run Behavior\BuildLiteBehavior [ RunTime:0.000015s ]
INFO: [ app_init ] --END-- [ RunTime:0.001281s ]
INFO: [ app_begin ] --START--
INFO: Run Behavior\ReadHtmlCacheBehavior [ RunTime:0.000633s ]
INFO: [ app_begin ] --END-- [ RunTime:0.000663s ]
SQL: SHOW COLUMNS FROM `bbs_user` [ RunTime:0.0224s ]
SQL: UPDATE `bbs_user` SET `auth`='1',`uname`='金福珠',`upwd`='',`sex`='x' WHERE ( uid=1 ) [ RunTime:0.0061s ]
INFO: [ view_parse ] --START--
INFO: [ template_filter ] --START--
INFO: Run Behavior\ContentReplaceBehavior [ RunTime:0.000037s ]
INFO: [ template_filter ] --END-- [ RunTime:0.000082s ]
INFO: Run Behavior\ParseTemplateBehavior [ RunTime:0.011530s ]
INFO: [ view_parse ] --END-- [ RunTime:0.011585s ]
INFO: [ view_filter ] --START--
INFO: Run Behavior\WriteHtmlCacheBehavior [ RunTime:0.000741s ]
INFO: [ view_filter ] --END-- [ RunTime:0.000790s ]
INFO: [ app_end ] --START--
INFO: Run Behavior\ShowPageTraceBehavior [ RunTime:0.001397s ]
INFO: [ app_end ] --END-- [ RunTime:0.001458s ]

[ 2019-04-13T09:46:35+08:00 ] 127.0.0.1 /index.php?m=admin&c=user&a=index
INFO: [ app_init ] --START--
INFO: Run Behavior\BuildLiteBehavior [ RunTime:0.000014s ]
INFO: [ app_init ] --END-- [ RunTime:0.001044s ]
INFO: [ app_begin ] --START--
INFO: Run Behavior\ReadHtmlCacheBehavior [ RunTime:0.001049s ]
INFO: [ app_begin ] --END-- [ RunTime:0.001116s ]
SQL: SHOW COLUMNS FROM `bbs_user` [ RunTime:0.0232s ]
SQL: SELECT COUNT(*) AS tp_count FROM `bbs_user` LIMIT 1   [ RunTime:0.0004s ]
SQL: SELECT * FROM `bbs_user` LIMIT 0,3   [ RunTime:0.0004s ]
INFO: [ view_parse ] --START--
INFO: [ template_filter ] --START--
INFO: Run Behavior\ContentReplaceBehavior [ RunTime:0.000095s ]
INFO: [ template_filter ] --END-- [ RunTime:0.000254s ]
INFO: Run Behavior\ParseTemplateBehavior [ RunTime:0.016028s ]
INFO: [ view_parse ] --END-- [ RunTime:0.016084s ]
INFO: [ view_filter ] --START--
INFO: Run Behavior\WriteHtmlCacheBehavior [ RunTime:0.000674s ]
INFO: [ view_filter ] --END-- [ RunTime:0.000712s ]
INFO: [ app_end ] --START--
INFO: Run Behavior\ShowPageTraceBehavior [ RunTime:0.001479s ]
INFO: [ app_end ] --END-- [ RunTime:0.001552s ]

[ 2019-04-13T09:46:38+08:00 ] 127.0.0.1 /index.php?m=admin&c=user&a=edit&uid=1
INFO: [ app_init ] --START--
INFO: Run Behavior\BuildLiteBehavior [ RunTime:0.000008s ]
INFO: [ app_init ] --END-- [ RunTime:0.000402s ]
INFO: [ app_begin ] --START--
INFO: Run Behavior\ReadHtmlCacheBehavior [ RunTime:0.000599s ]
INFO: [ app_begin ] --END-- [ RunTime:0.000627s ]
SQL: SHOW COLUMNS FROM `bbs_user` [ RunTime:0.0253s ]
SQL: SELECT * FROM `bbs_user` WHERE `uid` = 1 LIMIT 1   [ RunTime:0.0003s ]
INFO: [ view_parse ] --START--
INFO: [ template_filter ] --START--
INFO: Run Behavior\ContentReplaceBehavior [ RunTime:0.000066s ]
INFO: [ template_filter ] --END-- [ RunTime:0.000131s ]
INFO: Run Behavior\ParseTemplateBehavior [ RunTime:0.016125s ]
INFO: [ view_parse ] --END-- [ RunTime:0.016218s ]
INFO: [ view_filter ] --START--
INFO: Run Behavior\WriteHtmlCacheBehavior [ RunTime:0.000740s ]
INFO: [ view_filter ] --END-- [ RunTime:0.000793s ]
INFO: [ app_end ] --START--
INFO: Run Behavior\ShowPageTraceBehavior [ RunTime:0.001363s ]
INFO: [ app_end ] --END-- [ RunTime:0.001426s ]

[ 2019-04-13T09:46:41+08:00 ] 127.0.0.1 /index.php?m=admin&c=user&a=update&uid=1
INFO: [ app_init ] --START--
INFO: Run Behavior\BuildLiteBehavior [ RunTime:0.000015s ]
INFO: [ app_init ] --END-- [ RunTime:0.000848s ]
INFO: [ app_begin ] --START--
INFO: Run Behavior\ReadHtmlCacheBehavior [ RunTime:0.001344s ]
INFO: [ app_begin ] --END-- [ RunTime:0.001447s ]
SQL: SHOW COLUMNS FROM `bbs_user` [ RunTime:0.0137s ]
SQL: UPDATE `bbs_user` SET `auth`='1',`uname`='金福珠',`upwd`='',`sex`='w' WHERE ( uid=1 ) [ RunTime:0.0053s ]
INFO: [ view_parse ] --START--
INFO: [ template_filter ] --START--
INFO: Run Behavior\ContentReplaceBehavior [ RunTime:0.000031s ]
INFO: [ template_filter ] --END-- [ RunTime:0.000073s ]
INFO: Run Behavior\ParseTemplateBehavior [ RunTime:0.008859s ]
INFO: [ view_parse ] --END-- [ RunTime:0.008947s ]
INFO: [ view_filter ] --START--
INFO: Run Behavior\WriteHtmlCacheBehavior [ RunTime:0.000784s ]
INFO: [ view_filter ] --END-- [ RunTime:0.000860s ]
INFO: [ app_end ] --START--
INFO: Run Behavior\ShowPageTraceBehavior [ RunTime:0.001363s ]
INFO: [ app_end ] --END-- [ RunTime:0.001449s ]

[ 2019-04-13T09:46:42+08:00 ] 127.0.0.1 /index.php?m=admin&c=user&a=index
INFO: [ app_init ] --START--
INFO: Run Behavior\BuildLiteBehavior [ RunTime:0.000011s ]
INFO: [ app_init ] --END-- [ RunTime:0.000599s ]
INFO: [ app_begin ] --START--
INFO: Run Behavior\ReadHtmlCacheBehavior [ RunTime:0.000905s ]
INFO: [ app_begin ] --END-- [ RunTime:0.000949s ]
SQL: SHOW COLUMNS FROM `bbs_user` [ RunTime:0.0239s ]
SQL: SELECT COUNT(*) AS tp_count FROM `bbs_user` LIMIT 1   [ RunTime:0.0004s ]
SQL: SELECT * FROM `bbs_user` LIMIT 0,3   [ RunTime:0.0004s ]
INFO: [ view_parse ] --START--
INFO: [ template_filter ] --START--
INFO: Run Behavior\ContentReplaceBehavior [ RunTime:0.000063s ]
INFO: [ template_filter ] --END-- [ RunTime:0.000109s ]
INFO: Run Behavior\ParseTemplateBehavior [ RunTime:0.010636s ]
INFO: [ view_parse ] --END-- [ RunTime:0.010676s ]
INFO: [ view_filter ] --START--
INFO: Run Behavior\WriteHtmlCacheBehavior [ RunTime:0.000366s ]
INFO: [ view_filter ] --END-- [ RunTime:0.000427s ]
INFO: [ app_end ] --START--
INFO: Run Behavior\ShowPageTraceBehavior [ RunTime:0.000812s ]
INFO: [ app_end ] --END-- [ RunTime:0.000853s ]

[ 2019-04-13T11:32:52+08:00 ] 127.0.0.1 /index.php?m=admin&c=user&a=index
INFO: [ app_init ] --START--
INFO: Run Behavior\BuildLiteBehavior [ RunTime:0.000007s ]
INFO: [ app_init ] --END-- [ RunTime:0.000377s ]
INFO: [ app_begin ] --START--
INFO: Run Behavior\ReadHtmlCacheBehavior [ RunTime:0.000621s ]
INFO: [ app_begin ] --END-- [ RunTime:0.000663s ]
SQL: SHOW COLUMNS FROM `bbs_user` [ RunTime:0.0118s ]
SQL: SELECT COUNT(*) AS tp_count FROM `bbs_user` LIMIT 1   [ RunTime:0.0002s ]
SQL: SELECT * FROM `bbs_user` LIMIT 0,3   [ RunTime:0.0002s ]
INFO: [ view_parse ] --START--
INFO: [ template_filter ] --START--
INFO: Run Behavior\ContentReplaceBehavior [ RunTime:0.000040s ]
INFO: [ template_filter ] --END-- [ RunTime:0.000074s ]
INFO: Run Behavior\ParseTemplateBehavior [ RunTime:0.007926s ]
INFO: [ view_parse ] --END-- [ RunTime:0.007955s ]
INFO: [ view_filter ] --START--
INFO: Run Behavior\WriteHtmlCacheBehavior [ RunTime:0.000389s ]
INFO: [ view_filter ] --END-- [ RunTime:0.000406s ]
INFO: [ app_end ] --START--
INFO: Run Behavior\ShowPageTraceBehavior [ RunTime:0.000857s ]
INFO: [ app_end ] --END-- [ RunTime:0.000897s ]

[ 2019-04-13T15:13:08+08:00 ] 127.0.0.1 /index.php?m=admin&c=user&a=index
INFO: [ app_init ] --START--
INFO: Run Behavior\BuildLiteBehavior [ RunTime:0.000008s ]
INFO: [ app_init ] --END-- [ RunTime:0.000478s ]
INFO: [ app_begin ] --START--
INFO: Run Behavior\ReadHtmlCacheBehavior [ RunTime:0.000990s ]
INFO: [ app_begin ] --END-- [ RunTime:0.001034s ]
SQL: SHOW COLUMNS FROM `bbs_user` [ RunTime:0.0161s ]
SQL: SELECT COUNT(*) AS tp_count FROM `bbs_user` LIMIT 1   [ RunTime:0.0003s ]
SQL: SELECT * FROM `bbs_user` LIMIT 0,3   [ RunTime:0.0005s ]
INFO: [ view_parse ] --START--
INFO: [ template_filter ] --START--
INFO: Run Behavior\ContentReplaceBehavior [ RunTime:0.000032s ]
INFO: [ template_filter ] --END-- [ RunTime:0.000059s ]
INFO: Run Behavior\ParseTemplateBehavior [ RunTime:0.044967s ]
INFO: [ view_parse ] --END-- [ RunTime:0.045004s ]
INFO: [ view_filter ] --START--
INFO: Run Behavior\WriteHtmlCacheBehavior [ RunTime:0.000676s ]
INFO: [ view_filter ] --END-- [ RunTime:0.000702s ]
INFO: [ app_end ] --START--
INFO: Run Behavior\ShowPageTraceBehavior [ RunTime:0.000950s ]
INFO: [ app_end ] --END-- [ RunTime:0.000997s ]

[ 2019-04-13T15:13:20+08:00 ] 127.0.0.1 /index.php/Admin/User/index/p/5.html
INFO: [ app_init ] --START--
INFO: Run Behavior\BuildLiteBehavior [ RunTime:0.000010s ]
INFO: [ app_init ] --END-- [ RunTime:0.000491s ]
INFO: [ app_begin ] --START--
INFO: Run Behavior\ReadHtmlCacheBehavior [ RunTime:0.000871s ]
INFO: [ app_begin ] --END-- [ RunTime:0.000916s ]
SQL: SHOW COLUMNS FROM `bbs_user` [ RunTime:0.0109s ]
SQL: SELECT COUNT(*) AS tp_count FROM `bbs_user` LIMIT 1   [ RunTime:0.0002s ]
SQL: SELECT * FROM `bbs_user` LIMIT 12,3   [ RunTime:0.0003s ]
INFO: [ view_parse ] --START--
INFO: [ template_filter ] --START--
INFO: Run Behavior\ContentReplaceBehavior [ RunTime:0.000029s ]
INFO: [ template_filter ] --END-- [ RunTime:0.000053s ]
NOTIC: [8] Undefined offset: 3 C:\xampp\htdocs\mybbs\Application\Common\Common\function.php 第 11 行.
NOTIC: [8] Undefined offset: 3 C:\xampp\htdocs\mybbs\Application\Common\Common\function.php 第 11 行.
INFO: Run Behavior\ParseTemplateBehavior [ RunTime:0.008751s ]
INFO: [ view_parse ] --END-- [ RunTime:0.008793s ]
INFO: [ view_filter ] --START--
INFO: Run Behavior\WriteHtmlCacheBehavior [ RunTime:0.001292s ]
INFO: [ view_filter ] --END-- [ RunTime:0.001344s ]
INFO: [ app_end ] --START--
INFO: Run Behavior\ShowPageTraceBehavior [ RunTime:0.001002s ]
INFO: [ app_end ] --END-- [ RunTime:0.001036s ]

[ 2019-04-13T15:13:24+08:00 ] 127.0.0.1 /index.php?m=admin&c=user&a=del&uid=24
INFO: [ app_init ] --START--
INFO: Run Behavior\BuildLiteBehavior [ RunTime:0.000005s ]
INFO: [ app_init ] --END-- [ RunTime:0.000276s ]
INFO: [ app_begin ] --START--
INFO: Run Behavior\ReadHtmlCacheBehavior [ RunTime:0.000392s ]
INFO: [ app_begin ] --END-- [ RunTime:0.000412s ]
SQL: SHOW COLUMNS FROM `bbs_user` [ RunTime:0.0147s ]
SQL: DELETE FROM `bbs_user` WHERE `uid` = 24 [ RunTime:0.0048s ]
INFO: [ view_parse ] --START--
INFO: [ template_filter ] --START--
INFO: Run Behavior\ContentReplaceBehavior [ RunTime:0.000021s ]
INFO: [ template_filter ] --END-- [ RunTime:0.000051s ]
INFO: Run Behavior\ParseTemplateBehavior [ RunTime:0.006928s ]
INFO: [ view_parse ] --END-- [ RunTime:0.006972s ]
INFO: [ view_filter ] --START--
INFO: Run Behavior\WriteHtmlCacheBehavior [ RunTime:0.000338s ]
INFO: [ view_filter ] --END-- [ RunTime:0.000358s ]
INFO: [ app_end ] --START--
INFO: Run Behavior\ShowPageTraceBehavior [ RunTime:0.000584s ]
INFO: [ app_end ] --END-- [ RunTime:0.000614s ]

[ 2019-04-13T15:13:25+08:00 ] 127.0.0.1 /index.php/Admin/User/index/p/5.html
INFO: [ app_init ] --START--
INFO: Run Behavior\BuildLiteBehavior [ RunTime:0.000005s ]
INFO: [ app_init ] --END-- [ RunTime:0.000246s ]
INFO: [ app_begin ] --START--
INFO: Run Behavior\ReadHtmlCacheBehavior [ RunTime:0.000477s ]
INFO: [ app_begin ] --END-- [ RunTime:0.000502s ]
SQL: SHOW COLUMNS FROM `bbs_user` [ RunTime:0.0159s ]
SQL: SELECT COUNT(*) AS tp_count FROM `bbs_user` LIMIT 1   [ RunTime:0.0003s ]
SQL: SELECT * FROM `bbs_user` LIMIT 12,3   [ RunTime:0.0003s ]
INFO: [ view_parse ] --START--
INFO: [ template_filter ] --START--
INFO: Run Behavior\ContentReplaceBehavior [ RunTime:0.000028s ]
INFO: [ template_filter ] --END-- [ RunTime:0.000048s ]
NOTIC: [8] Undefined offset: 3 C:\xampp\htdocs\mybbs\Application\Common\Common\function.php 第 11 行.
INFO: Run Behavior\ParseTemplateBehavior [ RunTime:0.005240s ]
INFO: [ view_parse ] --END-- [ RunTime:0.005271s ]
INFO: [ view_filter ] --START--
INFO: Run Behavior\WriteHtmlCacheBehavior [ RunTime:0.000241s ]
INFO: [ view_filter ] --END-- [ RunTime:0.000256s ]
INFO: [ app_end ] --START--
INFO: Run Behavior\ShowPageTraceBehavior [ RunTime:0.000439s ]
INFO: [ app_end ] --END-- [ RunTime:0.000454s ]

[ 2019-04-13T15:13:26+08:00 ] 127.0.0.1 /index.php?m=admin&c=user&a=del&uid=23
INFO: [ app_init ] --START--
INFO: Run Behavior\BuildLiteBehavior [ RunTime:0.000005s ]
INFO: [ app_init ] --END-- [ RunTime:0.000301s ]
INFO: [ app_begin ] --START--
INFO: Run Behavior\ReadHtmlCacheBehavior [ RunTime:0.000475s ]
INFO: [ app_begin ] --END-- [ RunTime:0.000496s ]
SQL: SHOW COLUMNS FROM `bbs_user` [ RunTime:0.0117s ]
SQL: DELETE FROM `bbs_user` WHERE `uid` = 23 [ RunTime:0.0047s ]
INFO: [ view_parse ] --START--
INFO: [ template_filter ] --START--
INFO: Run Behavior\ContentReplaceBehavior [ RunTime:0.000016s ]
INFO: [ template_filter ] --END-- [ RunTime:0.000036s ]
INFO: Run Behavior\ParseTemplateBehavior [ RunTime:0.005230s ]
INFO: [ view_parse ] --END-- [ RunTime:0.005258s ]
INFO: [ view_filter ] --START--
INFO: Run Behavior\WriteHtmlCacheBehavior [ RunTime:0.000280s ]
INFO: [ view_filter ] --END-- [ RunTime:0.000300s ]
INFO: [ app_end ] --START--
INFO: Run Behavior\ShowPageTraceBehavior [ RunTime:0.000560s ]
INFO: [ app_end ] --END-- [ RunTime:0.000583s ]

[ 2019-04-13T15:13:27+08:00 ] 127.0.0.1 /index.php/Admin/User/index/p/5.html
INFO: [ app_init ] --START--
INFO: Run Behavior\BuildLiteBehavior [ RunTime:0.000005s ]
INFO: [ app_init ] --END-- [ RunTime:0.000254s ]
INFO: [ app_begin ] --START--
INFO: Run Behavior\ReadHtmlCacheBehavior [ RunTime:0.000363s ]
INFO: [ app_begin ] --END-- [ RunTime:0.000380s ]
SQL: SHOW COLUMNS FROM `bbs_user` [ RunTime:0.0111s ]
SQL: SELECT COUNT(*) AS tp_count FROM `bbs_user` LIMIT 1   [ RunTime:0.0002s ]
SQL: SELECT * FROM `bbs_user` LIMIT 12,3   [ RunTime:0.0002s ]
INFO: [ view_parse ] --START--
INFO: [ template_filter ] --START--
INFO: Run Behavior\ContentReplaceBehavior [ RunTime:0.000038s ]
INFO: [ template_filter ] --END-- [ RunTime:0.000066s ]
INFO: Run Behavior\ParseTemplateBehavior [ RunTime:0.006789s ]
INFO: [ view_parse ] --END-- [ RunTime:0.006867s ]
INFO: [ view_filter ] --START--
INFO: Run Behavior\WriteHtmlCacheBehavior [ RunTime:0.000264s ]
INFO: [ view_filter ] --END-- [ RunTime:0.000278s ]
INFO: [ app_end ] --START--
INFO: Run Behavior\ShowPageTraceBehavior [ RunTime:0.000419s ]
INFO: [ app_end ] --END-- [ RunTime:0.000434s ]

[ 2019-04-13T15:13:29+08:00 ] 127.0.0.1 /index.php/Admin/User/index/p/3.html
INFO: [ app_init ] --START--
INFO: Run Behavior\BuildLiteBehavior [ RunTime:0.000006s ]
INFO: [ app_init ] --END-- [ RunTime:0.000351s ]
INFO: [ app_begin ] --START--
INFO: Run Behavior\ReadHtmlCacheBehavior [ RunTime:0.000392s ]
INFO: [ app_begin ] --END-- [ RunTime:0.000411s ]
SQL: SHOW COLUMNS FROM `bbs_user` [ RunTime:0.0240s ]
SQL: SELECT COUNT(*) AS tp_count FROM `bbs_user` LIMIT 1   [ RunTime:0.0002s ]
SQL: SELECT * FROM `bbs_user` LIMIT 6,3   [ RunTime:0.0002s ]
INFO: [ view_parse ] --START--
INFO: [ template_filter ] --START--
INFO: Run Behavior\ContentReplaceBehavior [ RunTime:0.000031s ]
INFO: [ template_filter ] --END-- [ RunTime:0.000061s ]
INFO: Run Behavior\ParseTemplateBehavior [ RunTime:0.006832s ]
INFO: [ view_parse ] --END-- [ RunTime:0.006882s ]
INFO: [ view_filter ] --START--
INFO: Run Behavior\WriteHtmlCacheBehavior [ RunTime:0.000471s ]
INFO: [ view_filter ] --END-- [ RunTime:0.000493s ]
INFO: [ app_end ] --START--
INFO: Run Behavior\ShowPageTraceBehavior [ RunTime:0.000692s ]
INFO: [ app_end ] --END-- [ RunTime:0.000729s ]

[ 2019-04-13T15:13:31+08:00 ] 127.0.0.1 /index.php/Admin/User/index/p/4.html
INFO: [ app_init ] --START--
INFO: Run Behavior\BuildLiteBehavior [ RunTime:0.000005s ]
INFO: [ app_init ] --END-- [ RunTime:0.000248s ]
INFO: [ app_begin ] --START--
INFO: Run Behavior\ReadHtmlCacheBehavior [ RunTime:0.000376s ]
INFO: [ app_begin ] --END-- [ RunTime:0.000395s ]
SQL: SHOW COLUMNS FROM `bbs_user` [ RunTime:0.0157s ]
SQL: SELECT COUNT(*) AS tp_count FROM `bbs_user` LIMIT 1   [ RunTime:0.0002s ]
SQL: SELECT * FROM `bbs_user` LIMIT 9,3   [ RunTime:0.0003s ]
INFO: [ view_parse ] --START--
INFO: [ template_filter ] --START--
INFO: Run Behavior\ContentReplaceBehavior [ RunTime:0.000041s ]
INFO: [ template_filter ] --END-- [ RunTime:0.000079s ]
NOTIC: [8] Undefined offset: 3 C:\xampp\htdocs\mybbs\Application\Common\Common\function.php 第 11 行.
INFO: Run Behavior\ParseTemplateBehavior [ RunTime:0.012178s ]
INFO: [ view_parse ] --END-- [ RunTime:0.012217s ]
INFO: [ view_filter ] --START--
INFO: Run Behavior\WriteHtmlCacheBehavior [ RunTime:0.000533s ]
INFO: [ view_filter ] --END-- [ RunTime:0.000562s ]
INFO: [ app_end ] --START--
INFO: Run Behavior\ShowPageTraceBehavior [ RunTime:0.000720s ]
INFO: [ app_end ] --END-- [ RunTime:0.000754s ]

[ 2019-04-13T15:13:33+08:00 ] 127.0.0.1 /index.php?m=admin&c=user&a=del&uid=22
INFO: [ app_init ] --START--
INFO: Run Behavior\BuildLiteBehavior [ RunTime:0.000007s ]
INFO: [ app_init ] --END-- [ RunTime:0.000263s ]
INFO: [ app_begin ] --START--
INFO: Run Behavior\ReadHtmlCacheBehavior [ RunTime:0.000528s ]
INFO: [ app_begin ] --END-- [ RunTime:0.000560s ]
SQL: SHOW COLUMNS FROM `bbs_user` [ RunTime:0.0162s ]
SQL: DELETE FROM `bbs_user` WHERE `uid` = 22 [ RunTime:0.0045s ]
INFO: [ view_parse ] --START--
INFO: [ template_filter ] --START--
INFO: Run Behavior\ContentReplaceBehavior [ RunTime:0.000016s ]
INFO: [ template_filter ] --END-- [ RunTime:0.000036s ]
INFO: Run Behavior\ParseTemplateBehavior [ RunTime:0.005452s ]
INFO: [ view_parse ] --END-- [ RunTime:0.005481s ]
INFO: [ view_filter ] --START--
INFO: Run Behavior\WriteHtmlCacheBehavior [ RunTime:0.000245s ]
INFO: [ view_filter ] --END-- [ RunTime:0.000259s ]
INFO: [ app_end ] --START--
INFO: Run Behavior\ShowPageTraceBehavior [ RunTime:0.000436s ]
INFO: [ app_end ] --END-- [ RunTime:0.000450s ]

[ 2019-04-13T15:13:34+08:00 ] 127.0.0.1 /index.php/Admin/User/index/p/4.html
INFO: [ app_init ] --START--
INFO: Run Behavior\BuildLiteBehavior [ RunTime:0.000005s ]
INFO: [ app_init ] --END-- [ RunTime:0.000244s ]
INFO: [ app_begin ] --START--
INFO: Run Behavior\ReadHtmlCacheBehavior [ RunTime:0.000570s ]
INFO: [ app_begin ] --END-- [ RunTime:0.000602s ]
SQL: SHOW COLUMNS FROM `bbs_user` [ RunTime:0.0154s ]
SQL: SELECT COUNT(*) AS tp_count FROM `bbs_user` LIMIT 1   [ RunTime:0.0002s ]
SQL: SELECT * FROM `bbs_user` LIMIT 9,3   [ RunTime:0.0003s ]
INFO: [ view_parse ] --START--
INFO: [ template_filter ] --START--
INFO: Run Behavior\ContentReplaceBehavior [ RunTime:0.000027s ]
INFO: [ template_filter ] --END-- [ RunTime:0.000048s ]
INFO: Run Behavior\ParseTemplateBehavior [ RunTime:0.005112s ]
INFO: [ view_parse ] --END-- [ RunTime:0.005145s ]
INFO: [ view_filter ] --START--
INFO: Run Behavior\WriteHtmlCacheBehavior [ RunTime:0.000738s ]
INFO: [ view_filter ] --END-- [ RunTime:0.000775s ]
INFO: [ app_end ] --START--
INFO: Run Behavior\ShowPageTraceBehavior [ RunTime:0.000704s ]
INFO: [ app_end ] --END-- [ RunTime:0.000726s ]

[ 2019-04-13T15:13:39+08:00 ] 127.0.0.1 /index.php/Admin/User/index/p/4.html
INFO: [ app_init ] --START--
INFO: Run Behavior\BuildLiteBehavior [ RunTime:0.000006s ]
INFO: [ app_init ] --END-- [ RunTime:0.000301s ]
INFO: [ app_begin ] --START--
INFO: Run Behavior\ReadHtmlCacheBehavior [ RunTime:0.000898s ]
INFO: [ app_begin ] --END-- [ RunTime:0.000916s ]
SQL: SHOW COLUMNS FROM `bbs_user` [ RunTime:0.0143s ]
SQL: SELECT COUNT(*) AS tp_count FROM `bbs_user` LIMIT 1   [ RunTime:0.0002s ]
SQL: SELECT * FROM `bbs_user` LIMIT 9,3   [ RunTime:0.0002s ]
INFO: [ view_parse ] --START--
INFO: [ template_filter ] --START--
INFO: Run Behavior\ContentReplaceBehavior [ RunTime:0.000044s ]
INFO: [ template_filter ] --END-- [ RunTime:0.000084s ]
INFO: Run Behavior\ParseTemplateBehavior [ RunTime:0.005623s ]
INFO: [ view_parse ] --END-- [ RunTime:0.005647s ]
INFO: [ view_filter ] --START--
INFO: Run Behavior\WriteHtmlCacheBehavior [ RunTime:0.000250s ]
INFO: [ view_filter ] --END-- [ RunTime:0.000266s ]
INFO: [ app_end ] --START--
INFO: Run Behavior\ShowPageTraceBehavior [ RunTime:0.000416s ]
INFO: [ app_end ] --END-- [ RunTime:0.000431s ]

[ 2019-04-13T15:13:40+08:00 ] 127.0.0.1 /index.php/Admin/User/index/p/4.html
INFO: [ app_init ] --START--
INFO: Run Behavior\BuildLiteBehavior [ RunTime:0.000006s ]
INFO: [ app_init ] --END-- [ RunTime:0.000255s ]
INFO: [ app_begin ] --START--
INFO: Run Behavior\ReadHtmlCacheBehavior [ RunTime:0.000373s ]
INFO: [ app_begin ] --END-- [ RunTime:0.000390s ]
SQL: SHOW COLUMNS FROM `bbs_user` [ RunTime:0.0115s ]
SQL: SELECT COUNT(*) AS tp_count FROM `bbs_user` LIMIT 1   [ RunTime:0.0002s ]
SQL: SELECT * FROM `bbs_user` LIMIT 9,3   [ RunTime:0.0002s ]
INFO: [ view_parse ] --START--
INFO: [ template_filter ] --START--
INFO: Run Behavior\ContentReplaceBehavior [ RunTime:0.000028s ]
INFO: [ template_filter ] --END-- [ RunTime:0.000049s ]
INFO: Run Behavior\ParseTemplateBehavior [ RunTime:0.005436s ]
INFO: [ view_parse ] --END-- [ RunTime:0.005471s ]
INFO: [ view_filter ] --START--
INFO: Run Behavior\WriteHtmlCacheBehavior [ RunTime:0.003425s ]
INFO: [ view_filter ] --END-- [ RunTime:0.003460s ]
INFO: [ app_end ] --START--
INFO: Run Behavior\ShowPageTraceBehavior [ RunTime:0.000797s ]
INFO: [ app_end ] --END-- [ RunTime:0.000828s ]

[ 2019-04-13T15:13:41+08:00 ] 127.0.0.1 /index.php/Admin/User/index/p/4.html
INFO: [ app_init ] --START--
INFO: Run Behavior\BuildLiteBehavior [ RunTime:0.000006s ]
INFO: [ app_init ] --END-- [ RunTime:0.000306s ]
INFO: [ app_begin ] --START--
INFO: Run Behavior\ReadHtmlCacheBehavior [ RunTime:0.000384s ]
INFO: [ app_begin ] --END-- [ RunTime:0.000401s ]
SQL: SHOW COLUMNS FROM `bbs_user` [ RunTime:0.0158s ]
SQL: SELECT COUNT(*) AS tp_count FROM `bbs_user` LIMIT 1   [ RunTime:0.0002s ]
SQL: SELECT * FROM `bbs_user` LIMIT 9,3   [ RunTime:0.0002s ]
INFO: [ view_parse ] --START--
INFO: [ template_filter ] --START--
INFO: Run Behavior\ContentReplaceBehavior [ RunTime:0.000028s ]
INFO: [ template_filter ] --END-- [ RunTime:0.000049s ]
INFO: Run Behavior\ParseTemplateBehavior [ RunTime:0.005079s ]
INFO: [ view_parse ] --END-- [ RunTime:0.005102s ]
INFO: [ view_filter ] --START--
INFO: Run Behavior\WriteHtmlCacheBehavior [ RunTime:0.000244s ]
INFO: [ view_filter ] --END-- [ RunTime:0.000261s ]
INFO: [ app_end ] --START--
INFO: Run Behavior\ShowPageTraceBehavior [ RunTime:0.000433s ]
INFO: [ app_end ] --END-- [ RunTime:0.000449s ]

[ 2019-04-13T15:13:43+08:00 ] 127.0.0.1 /index.php?m=admin&c=user&a=index
INFO: [ app_init ] --START--
INFO: Run Behavior\BuildLiteBehavior [ RunTime:0.000007s ]
INFO: [ app_init ] --END-- [ RunTime:0.000344s ]
INFO: [ app_begin ] --START--
INFO: Run Behavior\ReadHtmlCacheBehavior [ RunTime:0.000427s ]
INFO: [ app_begin ] --END-- [ RunTime:0.000446s ]
SQL: SHOW COLUMNS FROM `bbs_user` [ RunTime:0.0323s ]
SQL: SELECT COUNT(*) AS tp_count FROM `bbs_user` LIMIT 1   [ RunTime:0.0002s ]
SQL: SELECT * FROM `bbs_user` LIMIT 0,3   [ RunTime:0.0002s ]
INFO: [ view_parse ] --START--
INFO: [ template_filter ] --START--
INFO: Run Behavior\ContentReplaceBehavior [ RunTime:0.000065s ]
INFO: [ template_filter ] --END-- [ RunTime:0.000140s ]
INFO: Run Behavior\ParseTemplateBehavior [ RunTime:0.007257s ]
INFO: [ view_parse ] --END-- [ RunTime:0.007285s ]
INFO: [ view_filter ] --START--
INFO: Run Behavior\WriteHtmlCacheBehavior [ RunTime:0.000247s ]
INFO: [ view_filter ] --END-- [ RunTime:0.000262s ]
INFO: [ app_end ] --START--
INFO: Run Behavior\ShowPageTraceBehavior [ RunTime:0.000568s ]
INFO: [ app_end ] --END-- [ RunTime:0.000593s ]

[ 2019-04-13T15:17:10+08:00 ] 127.0.0.1 /index.php?m=admin&c=user&a=index
INFO: [ app_init ] --START--
INFO: Run Behavior\BuildLiteBehavior [ RunTime:0.000007s ]
INFO: [ app_init ] --END-- [ RunTime:0.000419s ]
INFO: [ app_begin ] --START--
INFO: Run Behavior\ReadHtmlCacheBehavior [ RunTime:0.000548s ]
INFO: [ app_begin ] --END-- [ RunTime:0.000571s ]
INFO: [ view_parse ] --START--
INFO: [ template_filter ] --START--
INFO: Run Behavior\ContentReplaceBehavior [ RunTime:0.000022s ]
INFO: [ template_filter ] --END-- [ RunTime:0.000047s ]
INFO: Run Behavior\ParseTemplateBehavior [ RunTime:0.016543s ]
INFO: [ view_parse ] --END-- [ RunTime:0.016574s ]
INFO: [ view_filter ] --START--
INFO: Run Behavior\WriteHtmlCacheBehavior [ RunTime:0.000781s ]
INFO: [ view_filter ] --END-- [ RunTime:0.000822s ]

[ 2019-04-13T15:17:15+08:00 ] 127.0.0.1 /index.php?m=admin&c=login&a=login
INFO: [ app_init ] --START--
INFO: Run Behavior\BuildLiteBehavior [ RunTime:0.000007s ]
INFO: [ app_init ] --END-- [ RunTime:0.000398s ]
INFO: [ app_begin ] --START--
INFO: Run Behavior\ReadHtmlCacheBehavior [ RunTime:0.000560s ]
INFO: [ app_begin ] --END-- [ RunTime:0.000596s ]
INFO: [ view_parse ] --START--
INFO: [ template_filter ] --START--
INFO: Run Behavior\ContentReplaceBehavior [ RunTime:0.000018s ]
INFO: [ template_filter ] --END-- [ RunTime:0.000039s ]
INFO: Run Behavior\ParseTemplateBehavior [ RunTime:0.015895s ]
INFO: [ view_parse ] --END-- [ RunTime:0.015942s ]
INFO: [ view_filter ] --START--
INFO: Run Behavior\WriteHtmlCacheBehavior [ RunTime:0.000256s ]
INFO: [ view_filter ] --END-- [ RunTime:0.000272s ]
INFO: [ app_end ] --START--
INFO: Run Behavior\ShowPageTraceBehavior [ RunTime:0.000536s ]
INFO: [ app_end ] --END-- [ RunTime:0.000550s ]

[ 2019-04-13T15:17:15+08:00 ] 127.0.0.1 /index.php?m=admin&c=login&a=code
INFO: [ app_init ] --START--
INFO: Run Behavior\BuildLiteBehavior [ RunTime:0.000008s ]
INFO: [ app_init ] --END-- [ RunTime:0.000416s ]
INFO: [ app_begin ] --START--
INFO: Run Behavior\ReadHtmlCacheBehavior [ RunTime:0.000575s ]
INFO: [ app_begin ] --END-- [ RunTime:0.000617s ]
INFO: [ app_end ] --START--
INFO: Run Behavior\ShowPageTraceBehavior [ RunTime:0.000755s ]
INFO: [ app_end ] --END-- [ RunTime:0.000791s ]

[ 2019-04-13T15:23:34+08:00 ] 127.0.0.1 /index.php?m=admin&c=user&a=index
INFO: [ app_init ] --START--
INFO: Run Behavior\BuildLiteBehavior [ RunTime:0.000006s ]
INFO: [ app_init ] --END-- [ RunTime:0.000291s ]
INFO: [ app_begin ] --START--
INFO: Run Behavior\ReadHtmlCacheBehavior [ RunTime:0.000547s ]
INFO: [ app_begin ] --END-- [ RunTime:0.000567s ]
SQL: SHOW COLUMNS FROM `bbs_user` [ RunTime:0.0121s ]
SQL: SELECT COUNT(*) AS tp_count FROM `bbs_user` LIMIT 1   [ RunTime:0.0002s ]
SQL: SELECT * FROM `bbs_user` LIMIT 0,3   [ RunTime:0.0002s ]
INFO: [ view_parse ] --START--
INFO: [ template_filter ] --START--
INFO: Run Behavior\ContentReplaceBehavior [ RunTime:0.000027s ]
INFO: [ template_filter ] --END-- [ RunTime:0.000048s ]
INFO: Run Behavior\ParseTemplateBehavior [ RunTime:0.005730s ]
INFO: [ view_parse ] --END-- [ RunTime:0.005762s ]
INFO: [ view_filter ] --START--
INFO: Run Behavior\WriteHtmlCacheBehavior [ RunTime:0.000244s ]
INFO: [ view_filter ] --END-- [ RunTime:0.000259s ]
INFO: [ app_end ] --START--
INFO: Run Behavior\ShowPageTraceBehavior [ RunTime:0.000939s ]
INFO: [ app_end ] --END-- [ RunTime:0.001020s ]

[ 2019-04-13T21:24:40+08:00 ] 127.0.0.1 /index.php?m=admin&c=user&a=index
INFO: [ app_init ] --START--
INFO: Run Behavior\BuildLiteBehavior [ RunTime:0.000017s ]
INFO: [ app_init ] --END-- [ RunTime:0.017359s ]
INFO: [ app_begin ] --START--
INFO: Run Behavior\ReadHtmlCacheBehavior [ RunTime:0.014237s ]
INFO: [ app_begin ] --END-- [ RunTime:0.014264s ]
INFO: [ view_parse ] --START--
INFO: [ template_filter ] --START--
INFO: Run Behavior\ContentReplaceBehavior [ RunTime:0.000077s ]
INFO: [ template_filter ] --END-- [ RunTime:0.000100s ]
INFO: Run Behavior\ParseTemplateBehavior [ RunTime:0.077626s ]
INFO: [ view_parse ] --END-- [ RunTime:0.077650s ]
INFO: [ view_filter ] --START--
INFO: Run Behavior\WriteHtmlCacheBehavior [ RunTime:0.002234s ]
INFO: [ view_filter ] --END-- [ RunTime:0.002257s ]

[ 2019-04-13T21:24:44+08:00 ] 127.0.0.1 /index.php?m=admin&c=login&a=login
INFO: [ app_init ] --START--
INFO: Run Behavior\BuildLiteBehavior [ RunTime:0.000004s ]
INFO: [ app_init ] --END-- [ RunTime:0.000246s ]
INFO: [ app_begin ] --START--
INFO: Run Behavior\ReadHtmlCacheBehavior [ RunTime:0.000372s ]
INFO: [ app_begin ] --END-- [ RunTime:0.000390s ]
INFO: [ view_parse ] --START--
INFO: [ template_filter ] --START--
INFO: Run Behavior\ContentReplaceBehavior [ RunTime:0.000019s ]
INFO: [ template_filter ] --END-- [ RunTime:0.000042s ]
INFO: Run Behavior\ParseTemplateBehavior [ RunTime:0.012343s ]
INFO: [ view_parse ] --END-- [ RunTime:0.012378s ]
INFO: [ view_filter ] --START--
INFO: Run Behavior\WriteHtmlCacheBehavior [ RunTime:0.000248s ]
INFO: [ view_filter ] --END-- [ RunTime:0.000262s ]
INFO: [ app_end ] --START--
INFO: Run Behavior\ShowPageTraceBehavior [ RunTime:0.010337s ]
INFO: [ app_end ] --END-- [ RunTime:0.010360s ]

[ 2019-04-13T21:24:44+08:00 ] 127.0.0.1 /index.php?m=admin&c=login&a=code
INFO: [ app_init ] --START--
INFO: Run Behavior\BuildLiteBehavior [ RunTime:0.000009s ]
INFO: [ app_init ] --END-- [ RunTime:0.000393s ]
INFO: [ app_begin ] --START--
INFO: Run Behavior\ReadHtmlCacheBehavior [ RunTime:0.000673s ]
INFO: [ app_begin ] --END-- [ RunTime:0.000712s ]
INFO: [ app_end ] --START--
INFO: Run Behavior\ShowPageTraceBehavior [ RunTime:0.000942s ]
INFO: [ app_end ] --END-- [ RunTime:0.000991s ]

[ 2019-04-13T21:25:26+08:00 ] 127.0.0.1 /index.php?m=admin&c=login&a=dologin
INFO: [ app_init ] --START--
INFO: Run Behavior\BuildLiteBehavior [ RunTime:0.000008s ]
INFO: [ app_init ] --END-- [ RunTime:0.000379s ]
INFO: [ app_begin ] --START--
INFO: Run Behavior\ReadHtmlCacheBehavior [ RunTime:0.000565s ]
INFO: [ app_begin ] --END-- [ RunTime:0.000584s ]
NOTIC: [8] Undefined variable: id C:\xampp\htdocs\mybbs\Application\Admin\Controller\LoginController.class.php 第 22 行.
SQL: SHOW COLUMNS FROM `bbs_user` [ RunTime:0.0121s ]
SQL: SELECT * FROM `bbs_user` WHERE ( uname='南柱赫' ) LIMIT 1   [ RunTime:0.0008s ]
INFO: [ view_parse ] --START--
INFO: [ template_filter ] --START--
INFO: Run Behavior\ContentReplaceBehavior [ RunTime:0.000017s ]
INFO: [ template_filter ] --END-- [ RunTime:0.000036s ]
INFO: Run Behavior\ParseTemplateBehavior [ RunTime:0.005888s ]
INFO: [ view_parse ] --END-- [ RunTime:0.005926s ]
INFO: [ view_filter ] --START--
INFO: Run Behavior\WriteHtmlCacheBehavior [ RunTime:0.000418s ]
INFO: [ view_filter ] --END-- [ RunTime:0.000436s ]
INFO: [ app_end ] --START--
INFO: Run Behavior\ShowPageTraceBehavior [ RunTime:0.002324s ]
INFO: [ app_end ] --END-- [ RunTime:0.002350s ]

[ 2019-04-13T21:25:27+08:00 ] 127.0.0.1 /index.php?m=admin&c=index&a=index
INFO: [ app_init ] --START--
INFO: Run Behavior\BuildLiteBehavior [ RunTime:0.000005s ]
INFO: [ app_init ] --END-- [ RunTime:0.000263s ]
INFO: [ app_begin ] --START--
INFO: Run Behavior\ReadHtmlCacheBehavior [ RunTime:0.000881s ]
INFO: [ app_begin ] --END-- [ RunTime:0.000947s ]
INFO: [ view_parse ] --START--
INFO: [ template_filter ] --START--
INFO: Run Behavior\ContentReplaceBehavior [ RunTime:0.000026s ]
INFO: [ template_filter ] --END-- [ RunTime:0.000047s ]
INFO: Run Behavior\ParseTemplateBehavior [ RunTime:0.025143s ]
INFO: [ view_parse ] --END-- [ RunTime:0.025171s ]
INFO: [ view_filter ] --START--
INFO: Run Behavior\WriteHtmlCacheBehavior [ RunTime:0.000242s ]
INFO: [ view_filter ] --END-- [ RunTime:0.000256s ]
INFO: [ app_end ] --START--
INFO: Run Behavior\ShowPageTraceBehavior [ RunTime:0.000422s ]
INFO: [ app_end ] --END-- [ RunTime:0.000438s ]

[ 2019-04-13T21:25:30+08:00 ] 127.0.0.1 /index.php?m=admin&c=user&a=index
INFO: [ app_init ] --START--
INFO: Run Behavior\BuildLiteBehavior [ RunTime:0.000005s ]
INFO: [ app_init ] --END-- [ RunTime:0.000247s ]
INFO: [ app_begin ] --START--
INFO: Run Behavior\ReadHtmlCacheBehavior [ RunTime:0.000413s ]
INFO: [ app_begin ] --END-- [ RunTime:0.000431s ]
SQL: SHOW COLUMNS FROM `bbs_user` [ RunTime:0.0097s ]
SQL: SELECT COUNT(*) AS tp_count FROM `bbs_user` LIMIT 1   [ RunTime:0.0011s ]
SQL: SELECT * FROM `bbs_user` LIMIT 0,3   [ RunTime:0.0003s ]
INFO: [ view_parse ] --START--
INFO: [ template_filter ] --START--
INFO: Run Behavior\ContentReplaceBehavior [ RunTime:0.000028s ]
INFO: [ template_filter ] --END-- [ RunTime:0.000048s ]
INFO: Run Behavior\ParseTemplateBehavior [ RunTime:0.023751s ]
INFO: [ view_parse ] --END-- [ RunTime:0.023785s ]
INFO: [ view_filter ] --START--
INFO: Run Behavior\WriteHtmlCacheBehavior [ RunTime:0.000306s ]
INFO: [ view_filter ] --END-- [ RunTime:0.000323s ]
INFO: [ app_end ] --START--
INFO: Run Behavior\ShowPageTraceBehavior [ RunTime:0.000617s ]
INFO: [ app_end ] --END-- [ RunTime:0.000651s ]

[ 2019-04-13T21:25:41+08:00 ] 127.0.0.1 /index.php/Admin/User/index/p/2.html
INFO: [ app_init ] --START--
INFO: Run Behavior\BuildLiteBehavior [ RunTime:0.000005s ]
INFO: [ app_init ] --END-- [ RunTime:0.000240s ]
INFO: [ app_begin ] --START--
INFO: Run Behavior\ReadHtmlCacheBehavior [ RunTime:0.000366s ]
INFO: [ app_begin ] --END-- [ RunTime:0.000384s ]
SQL: SHOW COLUMNS FROM `bbs_user` [ RunTime:0.0156s ]
SQL: SELECT COUNT(*) AS tp_count FROM `bbs_user` LIMIT 1   [ RunTime:0.0002s ]
SQL: SELECT * FROM `bbs_user` LIMIT 3,3   [ RunTime:0.0002s ]
INFO: [ view_parse ] --START--
INFO: [ template_filter ] --START--
INFO: Run Behavior\ContentReplaceBehavior [ RunTime:0.000028s ]
INFO: [ template_filter ] --END-- [ RunTime:0.000051s ]
INFO: Run Behavior\ParseTemplateBehavior [ RunTime:0.005207s ]
INFO: [ view_parse ] --END-- [ RunTime:0.005232s ]
INFO: [ view_filter ] --START--
INFO: Run Behavior\WriteHtmlCacheBehavior [ RunTime:0.000253s ]
INFO: [ view_filter ] --END-- [ RunTime:0.000269s ]
INFO: [ app_end ] --START--
INFO: Run Behavior\ShowPageTraceBehavior [ RunTime:0.000462s ]
INFO: [ app_end ] --END-- [ RunTime:0.000482s ]

[ 2019-04-13T21:25:46+08:00 ] 127.0.0.1 /index.php/Admin/User/index/p/3.html
INFO: [ app_init ] --START--
INFO: Run Behavior\BuildLiteBehavior [ RunTime:0.000007s ]
INFO: [ app_init ] --END-- [ RunTime:0.000339s ]
INFO: [ app_begin ] --START--
INFO: Run Behavior\ReadHtmlCacheBehavior [ RunTime:0.000508s ]
INFO: [ app_begin ] --END-- [ RunTime:0.000534s ]
SQL: SHOW COLUMNS FROM `bbs_user` [ RunTime:0.0259s ]
SQL: SELECT COUNT(*) AS tp_count FROM `bbs_user` LIMIT 1   [ RunTime:0.0002s ]
SQL: SELECT * FROM `bbs_user` LIMIT 6,3   [ RunTime:0.0002s ]
INFO: [ view_parse ] --START--
INFO: [ template_filter ] --START--
INFO: Run Behavior\ContentReplaceBehavior [ RunTime:0.000028s ]
INFO: [ template_filter ] --END-- [ RunTime:0.000048s ]
INFO: Run Behavior\ParseTemplateBehavior [ RunTime:0.004646s ]
INFO: [ view_parse ] --END-- [ RunTime:0.004675s ]
INFO: [ view_filter ] --START--
INFO: Run Behavior\WriteHtmlCacheBehavior [ RunTime:0.000322s ]
INFO: [ view_filter ] --END-- [ RunTime:0.000344s ]
INFO: [ app_end ] --START--
INFO: Run Behavior\ShowPageTraceBehavior [ RunTime:0.000597s ]
INFO: [ app_end ] --END-- [ RunTime:0.000625s ]

[ 2019-04-13T21:25:50+08:00 ] 127.0.0.1 /index.php/Admin/User/index/p/4.html
INFO: [ app_init ] --START--
INFO: Run Behavior\BuildLiteBehavior [ RunTime:0.000005s ]
INFO: [ app_init ] --END-- [ RunTime:0.000244s ]
INFO: [ app_begin ] --START--
INFO: Run Behavior\ReadHtmlCacheBehavior [ RunTime:0.000359s ]
INFO: [ app_begin ] --END-- [ RunTime:0.000375s ]
SQL: SHOW COLUMNS FROM `bbs_user` [ RunTime:0.0180s ]
SQL: SELECT COUNT(*) AS tp_count FROM `bbs_user` LIMIT 1   [ RunTime:0.0002s ]
SQL: SELECT * FROM `bbs_user` LIMIT 9,3   [ RunTime:0.0002s ]
INFO: [ view_parse ] --START--
INFO: [ template_filter ] --START--
INFO: Run Behavior\ContentReplaceBehavior [ RunTime:0.000038s ]
INFO: [ template_filter ] --END-- [ RunTime:0.000073s ]
INFO: Run Behavior\ParseTemplateBehavior [ RunTime:0.006237s ]
INFO: [ view_parse ] --END-- [ RunTime:0.006258s ]
INFO: [ view_filter ] --START--
INFO: Run Behavior\WriteHtmlCacheBehavior [ RunTime:0.000239s ]
INFO: [ view_filter ] --END-- [ RunTime:0.000253s ]
INFO: [ app_end ] --START--
INFO: Run Behavior\ShowPageTraceBehavior [ RunTime:0.000425s ]
INFO: [ app_end ] --END-- [ RunTime:0.000441s ]

[ 2019-04-13T21:26:00+08:00 ] 127.0.0.1 /index.php/Admin/User/index/p/1.html
INFO: [ app_init ] --START--
INFO: Run Behavior\BuildLiteBehavior [ RunTime:0.000005s ]
INFO: [ app_init ] --END-- [ RunTime:0.000245s ]
INFO: [ app_begin ] --START--
INFO: Run Behavior\ReadHtmlCacheBehavior [ RunTime:0.000371s ]
INFO: [ app_begin ] --END-- [ RunTime:0.000388s ]
SQL: SHOW COLUMNS FROM `bbs_user` [ RunTime:0.0124s ]
SQL: SELECT COUNT(*) AS tp_count FROM `bbs_user` LIMIT 1   [ RunTime:0.0002s ]
SQL: SELECT * FROM `bbs_user` LIMIT 0,3   [ RunTime:0.0003s ]
INFO: [ view_parse ] --START--
INFO: [ template_filter ] --START--
INFO: Run Behavior\ContentReplaceBehavior [ RunTime:0.000027s ]
INFO: [ template_filter ] --END-- [ RunTime:0.000046s ]
INFO: Run Behavior\ParseTemplateBehavior [ RunTime:0.004509s ]
INFO: [ view_parse ] --END-- [ RunTime:0.004530s ]
INFO: [ view_filter ] --START--
INFO: Run Behavior\WriteHtmlCacheBehavior [ RunTime:0.000245s ]
INFO: [ view_filter ] --END-- [ RunTime:0.000260s ]
INFO: [ app_end ] --START--
INFO: Run Behavior\ShowPageTraceBehavior [ RunTime:0.000532s ]
INFO: [ app_end ] --END-- [ RunTime:0.000553s ]

[ 2019-04-13T21:26:04+08:00 ] 127.0.0.1 /index.php/Admin/User/index/p/4.html
INFO: [ app_init ] --START--
INFO: Run Behavior\BuildLiteBehavior [ RunTime:0.000005s ]
INFO: [ app_init ] --END-- [ RunTime:0.000267s ]
INFO: [ app_begin ] --START--
INFO: Run Behavior\ReadHtmlCacheBehavior [ RunTime:0.000380s ]
INFO: [ app_begin ] --END-- [ RunTime:0.000397s ]
SQL: SHOW COLUMNS FROM `bbs_user` [ RunTime:0.0153s ]
SQL: SELECT COUNT(*) AS tp_count FROM `bbs_user` LIMIT 1   [ RunTime:0.0002s ]
SQL: SELECT * FROM `bbs_user` LIMIT 9,3   [ RunTime:0.0002s ]
INFO: [ view_parse ] --START--
INFO: [ template_filter ] --START--
INFO: Run Behavior\ContentReplaceBehavior [ RunTime:0.000027s ]
INFO: [ template_filter ] --END-- [ RunTime:0.000046s ]
INFO: Run Behavior\ParseTemplateBehavior [ RunTime:0.004600s ]
INFO: [ view_parse ] --END-- [ RunTime:0.004622s ]
INFO: [ view_filter ] --START--
INFO: Run Behavior\WriteHtmlCacheBehavior [ RunTime:0.000245s ]
INFO: [ view_filter ] --END-- [ RunTime:0.000259s ]
INFO: [ app_end ] --START--
INFO: Run Behavior\ShowPageTraceBehavior [ RunTime:0.000476s ]
INFO: [ app_end ] --END-- [ RunTime:0.000492s ]

[ 2019-04-13T21:26:06+08:00 ] 127.0.0.1 /index.php/Admin/User/index/p/1.html
INFO: [ app_init ] --START--
INFO: Run Behavior\BuildLiteBehavior [ RunTime:0.000005s ]
INFO: [ app_init ] --END-- [ RunTime:0.000242s ]
INFO: [ app_begin ] --START--
INFO: Run Behavior\ReadHtmlCacheBehavior [ RunTime:0.000367s ]
INFO: [ app_begin ] --END-- [ RunTime:0.000383s ]
SQL: SHOW COLUMNS FROM `bbs_user` [ RunTime:0.0090s ]
SQL: SELECT COUNT(*) AS tp_count FROM `bbs_user` LIMIT 1   [ RunTime:0.0003s ]
SQL: SELECT * FROM `bbs_user` LIMIT 0,3   [ RunTime:0.0003s ]
INFO: [ view_parse ] --START--
INFO: [ template_filter ] --START--
INFO: Run Behavior\ContentReplaceBehavior [ RunTime:0.000030s ]
INFO: [ template_filter ] --END-- [ RunTime:0.000062s ]
INFO: Run Behavior\ParseTemplateBehavior [ RunTime:0.005322s ]
INFO: [ view_parse ] --END-- [ RunTime:0.005366s ]
INFO: [ view_filter ] --START--
INFO: Run Behavior\WriteHtmlCacheBehavior [ RunTime:0.000250s ]
INFO: [ view_filter ] --END-- [ RunTime:0.000266s ]
INFO: [ app_end ] --START--
INFO: Run Behavior\ShowPageTraceBehavior [ RunTime:0.000459s ]
INFO: [ app_end ] --END-- [ RunTime:0.000484s ]

[ 2019-04-13T21:26:15+08:00 ] 127.0.0.1 /index.php?m=admin&c=user&a=index
INFO: [ app_init ] --START--
INFO: Run Behavior\BuildLiteBehavior [ RunTime:0.000005s ]
INFO: [ app_init ] --END-- [ RunTime:0.000264s ]
INFO: [ app_begin ] --START--
INFO: Run Behavior\ReadHtmlCacheBehavior [ RunTime:0.000379s ]
INFO: [ app_begin ] --END-- [ RunTime:0.000398s ]
SQL: SHOW COLUMNS FROM `bbs_user` [ RunTime:0.0093s ]
SQL: SELECT COUNT(*) AS tp_count FROM `bbs_user` LIMIT 1   [ RunTime:0.0005s ]
SQL: SELECT * FROM `bbs_user` LIMIT 0,3   [ RunTime:0.0002s ]
INFO: [ view_parse ] --START--
INFO: [ template_filter ] --START--
INFO: Run Behavior\ContentReplaceBehavior [ RunTime:0.000027s ]
INFO: [ template_filter ] --END-- [ RunTime:0.000045s ]
INFO: Run Behavior\ParseTemplateBehavior [ RunTime:0.004471s ]
INFO: [ view_parse ] --END-- [ RunTime:0.004498s ]
INFO: [ view_filter ] --START--
INFO: Run Behavior\WriteHtmlCacheBehavior [ RunTime:0.000246s ]
INFO: [ view_filter ] --END-- [ RunTime:0.000260s ]
INFO: [ app_end ] --START--
INFO: Run Behavior\ShowPageTraceBehavior [ RunTime:0.000461s ]
INFO: [ app_end ] --END-- [ RunTime:0.000481s ]

[ 2019-04-13T21:26:15+08:00 ] 127.0.0.1 /index.php?m=admin&c=user&a=create
INFO: [ app_init ] --START--
INFO: Run Behavior\BuildLiteBehavior [ RunTime:0.000005s ]
INFO: [ app_init ] --END-- [ RunTime:0.000287s ]
INFO: [ app_begin ] --START--
INFO: Run Behavior\ReadHtmlCacheBehavior [ RunTime:0.002860s ]
INFO: [ app_begin ] --END-- [ RunTime:0.002878s ]
INFO: [ view_parse ] --START--
INFO: [ template_filter ] --START--
INFO: Run Behavior\ContentReplaceBehavior [ RunTime:0.000026s ]
INFO: [ template_filter ] --END-- [ RunTime:0.000047s ]
INFO: Run Behavior\ParseTemplateBehavior [ RunTime:0.012712s ]
INFO: [ view_parse ] --END-- [ RunTime:0.012738s ]
INFO: [ view_filter ] --START--
INFO: Run Behavior\WriteHtmlCacheBehavior [ RunTime:0.000256s ]
INFO: [ view_filter ] --END-- [ RunTime:0.000270s ]
INFO: [ app_end ] --START--
INFO: Run Behavior\ShowPageTraceBehavior [ RunTime:0.000426s ]
INFO: [ app_end ] --END-- [ RunTime:0.000442s ]

[ 2019-04-13T21:26:17+08:00 ] 127.0.0.1 /index.php?m=admin&c=user&a=index
INFO: [ app_init ] --START--
INFO: Run Behavior\BuildLiteBehavior [ RunTime:0.000005s ]
INFO: [ app_init ] --END-- [ RunTime:0.000265s ]
INFO: [ app_begin ] --START--
INFO: Run Behavior\ReadHtmlCacheBehavior [ RunTime:0.000378s ]
INFO: [ app_begin ] --END-- [ RunTime:0.000396s ]
SQL: SHOW COLUMNS FROM `bbs_user` [ RunTime:0.0138s ]
SQL: SELECT COUNT(*) AS tp_count FROM `bbs_user` LIMIT 1   [ RunTime:0.0002s ]
SQL: SELECT * FROM `bbs_user` LIMIT 0,3   [ RunTime:0.0002s ]
INFO: [ view_parse ] --START--
INFO: [ template_filter ] --START--
INFO: Run Behavior\ContentReplaceBehavior [ RunTime:0.000026s ]
INFO: [ template_filter ] --END-- [ RunTime:0.000045s ]
INFO: Run Behavior\ParseTemplateBehavior [ RunTime:0.004834s ]
INFO: [ view_parse ] --END-- [ RunTime:0.004857s ]
INFO: [ view_filter ] --START--
INFO: Run Behavior\WriteHtmlCacheBehavior [ RunTime:0.000286s ]
INFO: [ view_filter ] --END-- [ RunTime:0.000301s ]
INFO: [ app_end ] --START--
INFO: Run Behavior\ShowPageTraceBehavior [ RunTime:0.000682s ]
INFO: [ app_end ] --END-- [ RunTime:0.000716s ]

[ 2019-04-13T21:26:18+08:00 ] 127.0.0.1 /index.php?m=admin&c=user&a=create
INFO: [ app_init ] --START--
INFO: Run Behavior\BuildLiteBehavior [ RunTime:0.000006s ]
INFO: [ app_init ] --END-- [ RunTime:0.000264s ]
INFO: [ app_begin ] --START--
INFO: Run Behavior\ReadHtmlCacheBehavior [ RunTime:0.000588s ]
INFO: [ app_begin ] --END-- [ RunTime:0.000631s ]
INFO: [ view_parse ] --START--
INFO: [ template_filter ] --START--
INFO: Run Behavior\ContentReplaceBehavior [ RunTime:0.000037s ]
INFO: [ template_filter ] --END-- [ RunTime:0.000071s ]
INFO: Run Behavior\ParseTemplateBehavior [ RunTime:0.011987s ]
INFO: [ view_parse ] --END-- [ RunTime:0.012023s ]
INFO: [ view_filter ] --START--
INFO: Run Behavior\WriteHtmlCacheBehavior [ RunTime:0.000320s ]
INFO: [ view_filter ] --END-- [ RunTime:0.000341s ]
INFO: [ app_end ] --START--
INFO: Run Behavior\ShowPageTraceBehavior [ RunTime:0.000557s ]
INFO: [ app_end ] --END-- [ RunTime:0.000581s ]

[ 2019-04-13T21:26:19+08:00 ] 127.0.0.1 /index.php?m=admin&c=user&a=index
INFO: [ app_init ] --START--
INFO: Run Behavior\BuildLiteBehavior [ RunTime:0.000006s ]
INFO: [ app_init ] --END-- [ RunTime:0.000344s ]
INFO: [ app_begin ] --START--
INFO: Run Behavior\ReadHtmlCacheBehavior [ RunTime:0.000548s ]
INFO: [ app_begin ] --END-- [ RunTime:0.000573s ]
SQL: SHOW COLUMNS FROM `bbs_user` [ RunTime:0.0170s ]
SQL: SELECT COUNT(*) AS tp_count FROM `bbs_user` LIMIT 1   [ RunTime:0.0002s ]
SQL: SELECT * FROM `bbs_user` LIMIT 0,3   [ RunTime:0.0002s ]
INFO: [ view_parse ] --START--
INFO: [ template_filter ] --START--
INFO: Run Behavior\ContentReplaceBehavior [ RunTime:0.000029s ]
INFO: [ template_filter ] --END-- [ RunTime:0.000051s ]
INFO: Run Behavior\ParseTemplateBehavior [ RunTime:0.006332s ]
INFO: [ view_parse ] --END-- [ RunTime:0.006357s ]
INFO: [ view_filter ] --START--
INFO: Run Behavior\WriteHtmlCacheBehavior [ RunTime:0.000247s ]
INFO: [ view_filter ] --END-- [ RunTime:0.000262s ]
INFO: [ app_end ] --START--
INFO: Run Behavior\ShowPageTraceBehavior [ RunTime:0.000609s ]
INFO: [ app_end ] --END-- [ RunTime:0.000639s ]

[ 2019-04-13T21:26:20+08:00 ] 127.0.0.1 /index.php?m=admin&c=user&a=create
INFO: [ app_init ] --START--
INFO: Run Behavior\BuildLiteBehavior [ RunTime:0.000004s ]
INFO: [ app_init ] --END-- [ RunTime:0.000245s ]
INFO: [ app_begin ] --START--
INFO: Run Behavior\ReadHtmlCacheBehavior [ RunTime:0.000367s ]
INFO: [ app_begin ] --END-- [ RunTime:0.000384s ]
INFO: [ view_parse ] --START--
INFO: [ template_filter ] --START--
INFO: Run Behavior\ContentReplaceBehavior [ RunTime:0.000026s ]
INFO: [ template_filter ] --END-- [ RunTime:0.000046s ]
INFO: Run Behavior\ParseTemplateBehavior [ RunTime:0.004635s ]
INFO: [ view_parse ] --END-- [ RunTime:0.004659s ]
INFO: [ view_filter ] --START--
INFO: Run Behavior\WriteHtmlCacheBehavior [ RunTime:0.000247s ]
INFO: [ view_filter ] --END-- [ RunTime:0.000261s ]
INFO: [ app_end ] --START--
INFO: Run Behavior\ShowPageTraceBehavior [ RunTime:0.000428s ]
INFO: [ app_end ] --END-- [ RunTime:0.000443s ]

[ 2019-04-13T21:26:21+08:00 ] 127.0.0.1 /index.php?m=admin&c=user&a=index
INFO: [ app_init ] --START--
INFO: Run Behavior\BuildLiteBehavior [ RunTime:0.000005s ]
INFO: [ app_init ] --END-- [ RunTime:0.000245s ]
INFO: [ app_begin ] --START--
INFO: Run Behavior\ReadHtmlCacheBehavior [ RunTime:0.000367s ]
INFO: [ app_begin ] --END-- [ RunTime:0.000386s ]
SQL: SHOW COLUMNS FROM `bbs_user` [ RunTime:0.0190s ]
SQL: SELECT COUNT(*) AS tp_count FROM `bbs_user` LIMIT 1   [ RunTime:0.0002s ]
SQL: SELECT * FROM `bbs_user` LIMIT 0,3   [ RunTime:0.0002s ]
INFO: [ view_parse ] --START--
INFO: [ template_filter ] --START--
INFO: Run Behavior\ContentReplaceBehavior [ RunTime:0.000028s ]
INFO: [ template_filter ] --END-- [ RunTime:0.000048s ]
INFO: Run Behavior\ParseTemplateBehavior [ RunTime:0.004867s ]
INFO: [ view_parse ] --END-- [ RunTime:0.004889s ]
INFO: [ view_filter ] --START--
INFO: Run Behavior\WriteHtmlCacheBehavior [ RunTime:0.000240s ]
INFO: [ view_filter ] --END-- [ RunTime:0.000255s ]
INFO: [ app_end ] --START--
INFO: Run Behavior\ShowPageTraceBehavior [ RunTime:0.000566s ]
INFO: [ app_end ] --END-- [ RunTime:0.000588s ]

[ 2019-04-13T21:26:22+08:00 ] 127.0.0.1 /index.php?m=admin&c=user&a=create
INFO: [ app_init ] --START--
INFO: Run Behavior\BuildLiteBehavior [ RunTime:0.000004s ]
INFO: [ app_init ] --END-- [ RunTime:0.000246s ]
INFO: [ app_begin ] --START--
INFO: Run Behavior\ReadHtmlCacheBehavior [ RunTime:0.000367s ]
INFO: [ app_begin ] --END-- [ RunTime:0.000384s ]
INFO: [ view_parse ] --START--
INFO: [ template_filter ] --START--
INFO: Run Behavior\ContentReplaceBehavior [ RunTime:0.000026s ]
INFO: [ template_filter ] --END-- [ RunTime:0.000044s ]
INFO: Run Behavior\ParseTemplateBehavior [ RunTime:0.004432s ]
INFO: [ view_parse ] --END-- [ RunTime:0.004459s ]
INFO: [ view_filter ] --START--
INFO: Run Behavior\WriteHtmlCacheBehavior [ RunTime:0.000249s ]
INFO: [ view_filter ] --END-- [ RunTime:0.000264s ]
INFO: [ app_end ] --START--
INFO: Run Behavior\ShowPageTraceBehavior [ RunTime:0.000446s ]
INFO: [ app_end ] --END-- [ RunTime:0.000463s ]

[ 2019-04-13T21:26:46+08:00 ] 127.0.0.1 /index.php?m=admin&c=user&a=index&sex=&uname=
INFO: [ app_init ] --START--
INFO: Run Behavior\BuildLiteBehavior [ RunTime:0.000004s ]
INFO: [ app_init ] --END-- [ RunTime:0.000245s ]
INFO: [ app_begin ] --START--
INFO: Run Behavior\ReadHtmlCacheBehavior [ RunTime:0.000412s ]
INFO: [ app_begin ] --END-- [ RunTime:0.000430s ]
SQL: SHOW COLUMNS FROM `bbs_user` [ RunTime:0.0089s ]
SQL: SELECT COUNT(*) AS tp_count FROM `bbs_user` LIMIT 1   [ RunTime:0.0002s ]
SQL: SELECT * FROM `bbs_user` LIMIT 0,3   [ RunTime:0.0002s ]
INFO: [ view_parse ] --START--
INFO: [ template_filter ] --START--
INFO: Run Behavior\ContentReplaceBehavior [ RunTime:0.000033s ]
INFO: [ template_filter ] --END-- [ RunTime:0.000050s ]
INFO: Run Behavior\ParseTemplateBehavior [ RunTime:0.009020s ]
INFO: [ view_parse ] --END-- [ RunTime:0.009046s ]
INFO: [ view_filter ] --START--
INFO: Run Behavior\WriteHtmlCacheBehavior [ RunTime:0.000299s ]
INFO: [ view_filter ] --END-- [ RunTime:0.000313s ]
INFO: [ app_end ] --START--
INFO: Run Behavior\ShowPageTraceBehavior [ RunTime:0.000585s ]
INFO: [ app_end ] --END-- [ RunTime:0.000612s ]

[ 2019-04-13T21:26:48+08:00 ] 127.0.0.1 /index.php?m=admin&c=user&a=index&sex=&uname=hh
INFO: [ app_init ] --START--
INFO: Run Behavior\BuildLiteBehavior [ RunTime:0.000005s ]
INFO: [ app_init ] --END-- [ RunTime:0.000252s ]
INFO: [ app_begin ] --START--
INFO: Run Behavior\ReadHtmlCacheBehavior [ RunTime:0.000381s ]
INFO: [ app_begin ] --END-- [ RunTime:0.000400s ]
SQL: SHOW COLUMNS FROM `bbs_user` [ RunTime:0.0167s ]
SQL: SELECT COUNT(*) AS tp_count FROM `bbs_user` WHERE `uname` LIKE '%hh%' LIMIT 1   [ RunTime:0.0002s ]
SQL: SELECT * FROM `bbs_user` WHERE `uname` LIKE '%hh%' LIMIT 0,3   [ RunTime:0.0003s ]
INFO: [ view_parse ] --START--
INFO: [ template_filter ] --START--
INFO: Run Behavior\ContentReplaceBehavior [ RunTime:0.000027s ]
INFO: [ template_filter ] --END-- [ RunTime:0.000050s ]
INFO: Run Behavior\ParseTemplateBehavior [ RunTime:0.013346s ]
INFO: [ view_parse ] --END-- [ RunTime:0.013391s ]
INFO: [ view_filter ] --START--
INFO: Run Behavior\WriteHtmlCacheBehavior [ RunTime:0.000328s ]
INFO: [ view_filter ] --END-- [ RunTime:0.000349s ]
INFO: [ app_end ] --START--
INFO: Run Behavior\ShowPageTraceBehavior [ RunTime:0.000624s ]
INFO: [ app_end ] --END-- [ RunTime:0.000647s ]

[ 2019-04-13T21:26:54+08:00 ] 127.0.0.1 /index.php?m=admin&c=user&a=index&sex=&uname=%E9%87%91%E7%A6%8F%E7%8F%A0
INFO: [ app_init ] --START--
INFO: Run Behavior\BuildLiteBehavior [ RunTime:0.000005s ]
INFO: [ app_init ] --END-- [ RunTime:0.000323s ]
INFO: [ app_begin ] --START--
INFO: Run Behavior\ReadHtmlCacheBehavior [ RunTime:0.000525s ]
INFO: [ app_begin ] --END-- [ RunTime:0.000543s ]
SQL: SHOW COLUMNS FROM `bbs_user` [ RunTime:0.0116s ]
SQL: SELECT COUNT(*) AS tp_count FROM `bbs_user` WHERE `uname` LIKE '%金福珠%' LIMIT 1   [ RunTime:0.0002s ]
SQL: SELECT * FROM `bbs_user` WHERE `uname` LIKE '%金福珠%' LIMIT 0,3   [ RunTime:0.0002s ]
INFO: [ view_parse ] --START--
INFO: [ template_filter ] --START--
INFO: Run Behavior\ContentReplaceBehavior [ RunTime:0.000028s ]
INFO: [ template_filter ] --END-- [ RunTime:0.000048s ]
INFO: Run Behavior\ParseTemplateBehavior [ RunTime:0.005445s ]
INFO: [ view_parse ] --END-- [ RunTime:0.005476s ]
INFO: [ view_filter ] --START--
INFO: Run Behavior\WriteHtmlCacheBehavior [ RunTime:0.000410s ]
INFO: [ view_filter ] --END-- [ RunTime:0.000429s ]
INFO: [ app_end ] --START--
INFO: Run Behavior\ShowPageTraceBehavior [ RunTime:0.000522s ]
INFO: [ app_end ] --END-- [ RunTime:0.000537s ]

[ 2019-04-13T21:27:00+08:00 ] 127.0.0.1 /index.php?m=admin&c=user&a=index&sex=&uname=%E5%8D%97%E6%9F%B1%E8%B5%AB
INFO: [ app_init ] --START--
INFO: Run Behavior\BuildLiteBehavior [ RunTime:0.000009s ]
INFO: [ app_init ] --END-- [ RunTime:0.006992s ]
INFO: [ app_begin ] --START--
INFO: Run Behavior\ReadHtmlCacheBehavior [ RunTime:0.000418s ]
INFO: [ app_begin ] --END-- [ RunTime:0.000439s ]
SQL: SHOW COLUMNS FROM `bbs_user` [ RunTime:0.0093s ]
SQL: SELECT COUNT(*) AS tp_count FROM `bbs_user` WHERE `uname` LIKE '%南柱赫%' LIMIT 1   [ RunTime:0.0002s ]
SQL: SELECT * FROM `bbs_user` WHERE `uname` LIKE '%南柱赫%' LIMIT 0,3   [ RunTime:0.0002s ]
INFO: [ view_parse ] --START--
INFO: [ template_filter ] --START--
INFO: Run Behavior\ContentReplaceBehavior [ RunTime:0.000030s ]
INFO: [ template_filter ] --END-- [ RunTime:0.000052s ]
INFO: Run Behavior\ParseTemplateBehavior [ RunTime:0.005035s ]
INFO: [ view_parse ] --END-- [ RunTime:0.005058s ]
INFO: [ view_filter ] --START--
INFO: Run Behavior\WriteHtmlCacheBehavior [ RunTime:0.000280s ]
INFO: [ view_filter ] --END-- [ RunTime:0.000296s ]
INFO: [ app_end ] --START--
INFO: Run Behavior\ShowPageTraceBehavior [ RunTime:0.000453s ]
INFO: [ app_end ] --END-- [ RunTime:0.000477s ]

[ 2019-04-13T21:27:06+08:00 ] 127.0.0.1 /index.php?m=admin&c=part&a=create
INFO: [ app_init ] --START--
INFO: Run Behavior\BuildLiteBehavior [ RunTime:0.000006s ]
INFO: [ app_init ] --END-- [ RunTime:0.000337s ]
INFO: [ app_begin ] --START--
INFO: Run Behavior\ReadHtmlCacheBehavior [ RunTime:0.000400s ]
INFO: [ app_begin ] --END-- [ RunTime:0.000421s ]
INFO: [ view_parse ] --START--
INFO: [ template_filter ] --START--
INFO: Run Behavior\ContentReplaceBehavior [ RunTime:0.000023s ]
INFO: [ template_filter ] --END-- [ RunTime:0.000048s ]
INFO: Run Behavior\ParseTemplateBehavior [ RunTime:0.018327s ]
INFO: [ view_parse ] --END-- [ RunTime:0.018354s ]
INFO: [ view_filter ] --START--
INFO: Run Behavior\WriteHtmlCacheBehavior [ RunTime:0.000258s ]
INFO: [ view_filter ] --END-- [ RunTime:0.000273s ]
INFO: [ app_end ] --START--
INFO: Run Behavior\ShowPageTraceBehavior [ RunTime:0.000465s ]
INFO: [ app_end ] --END-- [ RunTime:0.000481s ]

[ 2019-04-13T21:27:11+08:00 ] 127.0.0.1 /index.php?m=admin&c=part&a=save
INFO: [ app_init ] --START--
INFO: Run Behavior\BuildLiteBehavior [ RunTime:0.000008s ]
INFO: [ app_init ] --END-- [ RunTime:0.000389s ]
INFO: [ app_begin ] --START--
INFO: Run Behavior\ReadHtmlCacheBehavior [ RunTime:0.000383s ]
INFO: [ app_begin ] --END-- [ RunTime:0.000402s ]
SQL: SHOW COLUMNS FROM `bbs_part` [ RunTime:0.0147s ]
ERR: 1062:Duplicate entry '电视剧' for key 'pname'
 [ SQL语句 ] : INSERT INTO `bbs_part` (`pname`) VALUES ('电视剧')
ERR: 1062:Duplicate entry '电视剧' for key 'pname'
 [ SQL语句 ] : INSERT INTO `bbs_part` (`pname`) VALUES ('电视剧')

[ 2019-04-13T21:27:20+08:00 ] 127.0.0.1 /index.php?m=admin&c=part&a=create
INFO: [ app_init ] --START--
INFO: Run Behavior\BuildLiteBehavior [ RunTime:0.000007s ]
INFO: [ app_init ] --END-- [ RunTime:0.000366s ]
INFO: [ app_begin ] --START--
INFO: Run Behavior\ReadHtmlCacheBehavior [ RunTime:0.000529s ]
INFO: [ app_begin ] --END-- [ RunTime:0.000559s ]
INFO: [ view_parse ] --START--
INFO: [ template_filter ] --START--
INFO: Run Behavior\ContentReplaceBehavior [ RunTime:0.000023s ]
INFO: [ template_filter ] --END-- [ RunTime:0.000045s ]
INFO: Run Behavior\ParseTemplateBehavior [ RunTime:0.005775s ]
INFO: [ view_parse ] --END-- [ RunTime:0.005810s ]
INFO: [ view_filter ] --START--
INFO: Run Behavior\WriteHtmlCacheBehavior [ RunTime:0.000339s ]
INFO: [ view_filter ] --END-- [ RunTime:0.000363s ]
INFO: [ app_end ] --START--
INFO: Run Behavior\ShowPageTraceBehavior [ RunTime:0.000607s ]
INFO: [ app_end ] --END-- [ RunTime:0.000632s ]

[ 2019-04-13T21:27:21+08:00 ] 127.0.0.1 /index.php?m=admin&c=part&a=index
INFO: [ app_init ] --START--
INFO: Run Behavior\BuildLiteBehavior [ RunTime:0.000005s ]
INFO: [ app_init ] --END-- [ RunTime:0.000244s ]
INFO: [ app_begin ] --START--
INFO: Run Behavior\ReadHtmlCacheBehavior [ RunTime:0.000363s ]
INFO: [ app_begin ] --END-- [ RunTime:0.000381s ]
SQL: SHOW COLUMNS FROM `bbs_part` [ RunTime:0.0111s ]
SQL: SELECT * FROM `bbs_part`  [ RunTime:0.0002s ]
INFO: [ view_parse ] --START--
INFO: [ template_filter ] --START--
INFO: Run Behavior\ContentReplaceBehavior [ RunTime:0.000038s ]
INFO: [ template_filter ] --END-- [ RunTime:0.000080s ]
INFO: Run Behavior\ParseTemplateBehavior [ RunTime:0.019354s ]
INFO: [ view_parse ] --END-- [ RunTime:0.019384s ]
INFO: [ view_filter ] --START--
INFO: Run Behavior\WriteHtmlCacheBehavior [ RunTime:0.000251s ]
INFO: [ view_filter ] --END-- [ RunTime:0.000267s ]
INFO: [ app_end ] --START--
INFO: Run Behavior\ShowPageTraceBehavior [ RunTime:0.000434s ]
INFO: [ app_end ] --END-- [ RunTime:0.000450s ]

[ 2019-04-13T21:27:28+08:00 ] 127.0.0.1 /index.php?m=admin&c=cate&a=index
INFO: [ app_init ] --START--
INFO: Run Behavior\BuildLiteBehavior [ RunTime:0.000004s ]
INFO: [ app_init ] --END-- [ RunTime:0.000302s ]
INFO: [ app_begin ] --START--
INFO: Run Behavior\ReadHtmlCacheBehavior [ RunTime:0.000512s ]
INFO: [ app_begin ] --END-- [ RunTime:0.000531s ]
SQL: SHOW COLUMNS FROM `bbs_cate` [ RunTime:0.0092s ]
SQL: SELECT * FROM `bbs_cate`  [ RunTime:0.0002s ]
SQL: SHOW COLUMNS FROM `bbs_part` [ RunTime:0.0076s ]
SQL: SELECT * FROM `bbs_part`  [ RunTime:0.0002s ]
SQL: SHOW COLUMNS FROM `bbs_user` [ RunTime:0.0075s ]
SQL: SELECT * FROM `bbs_user`  [ RunTime:0.0003s ]
INFO: [ view_parse ] --START--
INFO: [ template_filter ] --START--
INFO: Run Behavior\ContentReplaceBehavior [ RunTime:0.000026s ]
INFO: [ template_filter ] --END-- [ RunTime:0.000045s ]
INFO: Run Behavior\ParseTemplateBehavior [ RunTime:0.015813s ]
INFO: [ view_parse ] --END-- [ RunTime:0.015839s ]
INFO: [ view_filter ] --START--
INFO: Run Behavior\WriteHtmlCacheBehavior [ RunTime:0.000364s ]
INFO: [ view_filter ] --END-- [ RunTime:0.000379s ]
INFO: [ app_end ] --START--
INFO: Run Behavior\ShowPageTraceBehavior [ RunTime:0.000669s ]
INFO: [ app_end ] --END-- [ RunTime:0.000689s ]

[ 2019-04-13T21:27:34+08:00 ] 127.0.0.1 /index.php?m=admin&c=user&a=create
INFO: [ app_init ] --START--
INFO: Run Behavior\BuildLiteBehavior [ RunTime:0.000005s ]
INFO: [ app_init ] --END-- [ RunTime:0.000240s ]
INFO: [ app_begin ] --START--
INFO: Run Behavior\ReadHtmlCacheBehavior [ RunTime:0.000362s ]
INFO: [ app_begin ] --END-- [ RunTime:0.000380s ]
INFO: [ view_parse ] --START--
INFO: [ template_filter ] --START--
INFO: Run Behavior\ContentReplaceBehavior [ RunTime:0.000026s ]
INFO: [ template_filter ] --END-- [ RunTime:0.000046s ]
INFO: Run Behavior\ParseTemplateBehavior [ RunTime:0.004772s ]
INFO: [ view_parse ] --END-- [ RunTime:0.004798s ]
INFO: [ view_filter ] --START--
INFO: Run Behavior\WriteHtmlCacheBehavior [ RunTime:0.000244s ]
INFO: [ view_filter ] --END-- [ RunTime:0.000258s ]
INFO: [ app_end ] --START--
INFO: Run Behavior\ShowPageTraceBehavior [ RunTime:0.000430s ]
INFO: [ app_end ] --END-- [ RunTime:0.000446s ]

[ 2019-04-13T21:34:13+08:00 ] 127.0.0.1 /index.php?m=admin&c=user&a=index
INFO: [ app_init ] --START--
INFO: Run Behavior\BuildLiteBehavior [ RunTime:0.000014s ]
INFO: [ app_init ] --END-- [ RunTime:0.001500s ]
INFO: [ app_begin ] --START--
INFO: Run Behavior\ReadHtmlCacheBehavior [ RunTime:0.000605s ]
INFO: [ app_begin ] --END-- [ RunTime:0.000632s ]
INFO: [ view_parse ] --START--
INFO: [ template_filter ] --START--
INFO: Run Behavior\ContentReplaceBehavior [ RunTime:0.000020s ]
INFO: [ template_filter ] --END-- [ RunTime:0.000041s ]
INFO: Run Behavior\ParseTemplateBehavior [ RunTime:0.006469s ]
INFO: [ view_parse ] --END-- [ RunTime:0.006511s ]
INFO: [ view_filter ] --START--
INFO: Run Behavior\WriteHtmlCacheBehavior [ RunTime:0.000384s ]
INFO: [ view_filter ] --END-- [ RunTime:0.000401s ]

[ 2019-04-13T21:34:16+08:00 ] 127.0.0.1 /index.php?m=admin&c=login&a=login
INFO: [ app_init ] --START--
INFO: Run Behavior\BuildLiteBehavior [ RunTime:0.000010s ]
INFO: [ app_init ] --END-- [ RunTime:0.000407s ]
INFO: [ app_begin ] --START--
INFO: Run Behavior\ReadHtmlCacheBehavior [ RunTime:0.000605s ]
INFO: [ app_begin ] --END-- [ RunTime:0.000641s ]
INFO: [ view_parse ] --START--
INFO: [ template_filter ] --START--
INFO: Run Behavior\ContentReplaceBehavior [ RunTime:0.000028s ]
INFO: [ template_filter ] --END-- [ RunTime:0.000064s ]
INFO: Run Behavior\ParseTemplateBehavior [ RunTime:0.008603s ]
INFO: [ view_parse ] --END-- [ RunTime:0.008642s ]
INFO: [ view_filter ] --START--
INFO: Run Behavior\WriteHtmlCacheBehavior [ RunTime:0.000361s ]
INFO: [ view_filter ] --END-- [ RunTime:0.000386s ]
INFO: [ app_end ] --START--
INFO: Run Behavior\ShowPageTraceBehavior [ RunTime:0.000787s ]
INFO: [ app_end ] --END-- [ RunTime:0.000811s ]

[ 2019-04-13T21:34:16+08:00 ] 127.0.0.1 /index.php?m=admin&c=login&a=code
INFO: [ app_init ] --START--
INFO: Run Behavior\BuildLiteBehavior [ RunTime:0.000008s ]
INFO: [ app_init ] --END-- [ RunTime:0.000388s ]
INFO: [ app_begin ] --START--
INFO: Run Behavior\ReadHtmlCacheBehavior [ RunTime:0.000568s ]
INFO: [ app_begin ] --END-- [ RunTime:0.000601s ]
INFO: [ app_end ] --START--
INFO: Run Behavior\ShowPageTraceBehavior [ RunTime:0.000698s ]
INFO: [ app_end ] --END-- [ RunTime:0.000739s ]

